{"/Users/keiverhernandez/wn/hooks/use-color-scheme.ts": {"path":"/Users/keiverhernandez/wn/hooks/use-color-scheme.ts","statementMap":{},"fnMap":{},"branchMap":{},"s":{},"f":{},"b":{}}
,"/Users/keiverhernandez/wn/hooks/use-color-scheme.web.ts": {"path":"/Users/keiverhernandez/wn/hooks/use-color-scheme.web.ts","statementMap":{"0":{"start":{"line":8,"column":40},"end":{"line":8,"column":55}},"1":{"start":{"line":10,"column":2},"end":{"line":12,"column":9}},"2":{"start":{"line":11,"column":4},"end":{"line":11,"column":25}},"3":{"start":{"line":14,"column":22},"end":{"line":14,"column":40}},"4":{"start":{"line":16,"column":2},"end":{"line":18,"column":3}},"5":{"start":{"line":17,"column":4},"end":{"line":17,"column":23}},"6":{"start":{"line":20,"column":2},"end":{"line":20,"column":17}}},"fnMap":{"0":{"name":"useColorScheme","decl":{"start":{"line":7,"column":16},"end":{"line":7,"column":30}},"loc":{"start":{"line":7,"column":33},"end":{"line":21,"column":1}},"line":7},"1":{"name":"(anonymous_1)","decl":{"start":{"line":10,"column":12},"end":{"line":10,"column":13}},"loc":{"start":{"line":10,"column":18},"end":{"line":12,"column":3}},"line":10}},"branchMap":{"0":{"loc":{"start":{"line":16,"column":2},"end":{"line":18,"column":3}},"type":"if","locations":[{"start":{"line":16,"column":2},"end":{"line":18,"column":3}},{"start":{},"end":{}}],"line":16}},"s":{"0":0,"1":0,"2":0,"3":0,"4":0,"5":0,"6":0},"f":{"0":0,"1":0},"b":{"0":[0,0]}}
,"/Users/keiverhernandez/wn/hooks/useVideoPlayback.ts": {"path":"/Users/keiverhernandez/wn/hooks/useVideoPlayback.ts","statementMap":{"0":{"start":{"line":73,"column":2},"end":{"line":77,"column":5}},"1":{"start":{"line":79,"column":2},"end":{"line":131,"column":3}},"2":{"start":{"line":81,"column":6},"end":{"line":81,"column":43}},"3":{"start":{"line":84,"column":6},"end":{"line":89,"column":8}},"4":{"start":{"line":92,"column":6},"end":{"line":92,"column":57}},"5":{"start":{"line":92,"column":44},"end":{"line":92,"column":57}},"6":{"start":{"line":93,"column":6},"end":{"line":97,"column":8}},"7":{"start":{"line":100,"column":6},"end":{"line":100,"column":61}},"8":{"start":{"line":100,"column":48},"end":{"line":100,"column":61}},"9":{"start":{"line":101,"column":6},"end":{"line":104,"column":8}},"10":{"start":{"line":107,"column":6},"end":{"line":107,"column":75}},"11":{"start":{"line":107,"column":62},"end":{"line":107,"column":75}},"12":{"start":{"line":108,"column":6},"end":{"line":111,"column":8}},"13":{"start":{"line":114,"column":23},"end":{"line":114,"column":76}},"14":{"start":{"line":115,"column":23},"end":{"line":115,"column":70}},"15":{"start":{"line":116,"column":6},"end":{"line":120,"column":8}},"16":{"start":{"line":124,"column":6},"end":{"line":124,"column":30}},"17":{"start":{"line":127,"column":6},"end":{"line":127,"column":43}},"18":{"start":{"line":130,"column":6},"end":{"line":130,"column":19}},"19":{"start":{"line":139,"column":33},"end":{"line":139,"column":39}},"20":{"start":{"line":142,"column":28},"end":{"line":142,"column":76}},"21":{"start":{"line":145,"column":42},"end":{"line":145,"column":82}},"22":{"start":{"line":146,"column":56},"end":{"line":146,"column":71}},"23":{"start":{"line":149,"column":31},"end":{"line":149,"column":44}},"24":{"start":{"line":150,"column":23},"end":{"line":150,"column":35}},"25":{"start":{"line":151,"column":27},"end":{"line":151,"column":77}},"26":{"start":{"line":152,"column":33},"end":{"line":152,"column":83}},"27":{"start":{"line":153,"column":31},"end":{"line":153,"column":44}},"28":{"start":{"line":156,"column":52},"end":{"line":156,"column":67}},"29":{"start":{"line":161,"column":24},"end":{"line":238,"column":36}},"30":{"start":{"line":162,"column":4},"end":{"line":162,"column":83}},"31":{"start":{"line":164,"column":4},"end":{"line":237,"column":5}},"32":{"start":{"line":165,"column":22},"end":{"line":165,"column":54}},"33":{"start":{"line":167,"column":6},"end":{"line":169,"column":7}},"34":{"start":{"line":168,"column":8},"end":{"line":168,"column":58}},"35":{"start":{"line":171,"column":6},"end":{"line":171,"column":31}},"36":{"start":{"line":174,"column":24},"end":{"line":174,"column":44}},"37":{"start":{"line":175,"column":6},"end":{"line":177,"column":7}},"38":{"start":{"line":176,"column":8},"end":{"line":176,"column":90}},"39":{"start":{"line":180,"column":34},"end":{"line":180,"column":79}},"40":{"start":{"line":183,"column":24},"end":{"line":183,"column":50}},"41":{"start":{"line":184,"column":30},"end":{"line":184,"column":50}},"42":{"start":{"line":187,"column":39},"end":{"line":187,"column":47}},"43":{"start":{"line":189,"column":6},"end":{"line":206,"column":7}},"44":{"start":{"line":190,"column":8},"end":{"line":190,"column":35}},"45":{"start":{"line":192,"column":8},"end":{"line":194,"column":9}},"46":{"start":{"line":193,"column":10},"end":{"line":193,"column":95}},"47":{"start":{"line":195,"column":8},"end":{"line":200,"column":9}},"48":{"start":{"line":196,"column":10},"end":{"line":199,"column":13}},"49":{"start":{"line":201,"column":8},"end":{"line":203,"column":9}},"50":{"start":{"line":202,"column":10},"end":{"line":202,"column":82}},"51":{"start":{"line":205,"column":8},"end":{"line":205,"column":72}},"52":{"start":{"line":208,"column":6},"end":{"line":213,"column":9}},"53":{"start":{"line":215,"column":6},"end":{"line":217,"column":7}},"54":{"start":{"line":216,"column":8},"end":{"line":216,"column":37}},"55":{"start":{"line":220,"column":6},"end":{"line":220,"column":91}},"56":{"start":{"line":223,"column":27},"end":{"line":229,"column":40}},"57":{"start":{"line":231,"column":6},"end":{"line":236,"column":9}},"58":{"start":{"line":243,"column":36},"end":{"line":243,"column":65}},"59":{"start":{"line":248,"column":2},"end":{"line":286,"column":44}},"60":{"start":{"line":249,"column":4},"end":{"line":249,"column":49}},"61":{"start":{"line":249,"column":42},"end":{"line":249,"column":49}},"62":{"start":{"line":251,"column":30},"end":{"line":251,"column":35}},"63":{"start":{"line":253,"column":30},"end":{"line":283,"column":5}},"64":{"start":{"line":254,"column":6},"end":{"line":282,"column":7}},"65":{"start":{"line":255,"column":20},"end":{"line":257,"column":47}},"66":{"start":{"line":259,"column":8},"end":{"line":263,"column":11}},"67":{"start":{"line":265,"column":8},"end":{"line":267,"column":9}},"68":{"start":{"line":266,"column":10},"end":{"line":266,"column":59}},"69":{"start":{"line":269,"column":8},"end":{"line":269,"column":26}},"70":{"start":{"line":270,"column":8},"end":{"line":270,"column":61}},"71":{"start":{"line":272,"column":8},"end":{"line":272,"column":90}},"72":{"start":{"line":274,"column":8},"end":{"line":281,"column":11}},"73":{"start":{"line":285,"column":4},"end":{"line":285,"column":24}},"74":{"start":{"line":292,"column":42},"end":{"line":304,"column":17}},"75":{"start":{"line":293,"column":4},"end":{"line":295,"column":5}},"76":{"start":{"line":294,"column":6},"end":{"line":294,"column":18}},"77":{"start":{"line":297,"column":32},"end":{"line":300,"column":5}},"78":{"start":{"line":302,"column":4},"end":{"line":302,"column":72}},"79":{"start":{"line":303,"column":4},"end":{"line":303,"column":18}},"80":{"start":{"line":309,"column":17},"end":{"line":313,"column":4}},"81":{"start":{"line":310,"column":4},"end":{"line":310,"column":29}},"82":{"start":{"line":310,"column":22},"end":{"line":310,"column":29}},"83":{"start":{"line":311,"column":4},"end":{"line":311,"column":24}},"84":{"start":{"line":312,"column":4},"end":{"line":312,"column":70}},"85":{"start":{"line":318,"column":2},"end":{"line":343,"column":15}},"86":{"start":{"line":319,"column":4},"end":{"line":319,"column":32}},"87":{"start":{"line":321,"column":4},"end":{"line":342,"column":6}},"88":{"start":{"line":322,"column":6},"end":{"line":322,"column":35}},"89":{"start":{"line":325,"column":6},"end":{"line":328,"column":7}},"90":{"start":{"line":326,"column":8},"end":{"line":326,"column":47}},"91":{"start":{"line":327,"column":8},"end":{"line":327,"column":40}},"92":{"start":{"line":329,"column":6},"end":{"line":332,"column":7}},"93":{"start":{"line":330,"column":8},"end":{"line":330,"column":53}},"94":{"start":{"line":331,"column":8},"end":{"line":331,"column":46}},"95":{"start":{"line":335,"column":6},"end":{"line":341,"column":7}},"96":{"start":{"line":336,"column":8},"end":{"line":340,"column":9}},"97":{"start":{"line":337,"column":10},"end":{"line":337,"column":25}},"98":{"start":{"line":348,"column":2},"end":{"line":366,"column":16}},"99":{"start":{"line":350,"column":4},"end":{"line":353,"column":5}},"100":{"start":{"line":351,"column":6},"end":{"line":351,"column":45}},"101":{"start":{"line":352,"column":6},"end":{"line":352,"column":38}},"102":{"start":{"line":354,"column":4},"end":{"line":357,"column":5}},"103":{"start":{"line":355,"column":6},"end":{"line":355,"column":51}},"104":{"start":{"line":356,"column":6},"end":{"line":356,"column":44}},"105":{"start":{"line":359,"column":4},"end":{"line":359,"column":32}},"106":{"start":{"line":360,"column":4},"end":{"line":360,"column":26}},"107":{"start":{"line":361,"column":4},"end":{"line":361,"column":23}},"108":{"start":{"line":362,"column":4},"end":{"line":362,"column":34}},"109":{"start":{"line":363,"column":4},"end":{"line":363,"column":32}},"110":{"start":{"line":364,"column":4},"end":{"line":364,"column":41}},"111":{"start":{"line":365,"column":4},"end":{"line":365,"column":41}},"112":{"start":{"line":371,"column":2},"end":{"line":377,"column":34}},"113":{"start":{"line":372,"column":4},"end":{"line":376,"column":5}},"114":{"start":{"line":373,"column":6},"end":{"line":373,"column":43}},"115":{"start":{"line":374,"column":11},"end":{"line":376,"column":5}},"116":{"start":{"line":375,"column":6},"end":{"line":375,"column":22}},"117":{"start":{"line":383,"column":2},"end":{"line":552,"column":63}},"118":{"start":{"line":384,"column":4},"end":{"line":384,"column":40}},"119":{"start":{"line":384,"column":33},"end":{"line":384,"column":40}},"120":{"start":{"line":386,"column":4},"end":{"line":386,"column":84}},"121":{"start":{"line":389,"column":27},"end":{"line":394,"column":5}},"122":{"start":{"line":390,"column":6},"end":{"line":392,"column":7}},"123":{"start":{"line":391,"column":8},"end":{"line":391,"column":26}},"124":{"start":{"line":393,"column":6},"end":{"line":393,"column":22}},"125":{"start":{"line":396,"column":31},"end":{"line":491,"column":6}},"126":{"start":{"line":397,"column":6},"end":{"line":397,"column":40}},"127":{"start":{"line":397,"column":33},"end":{"line":397,"column":40}},"128":{"start":{"line":399,"column":6},"end":{"line":399,"column":98}},"129":{"start":{"line":401,"column":6},"end":{"line":490,"column":7}},"130":{"start":{"line":403,"column":8},"end":{"line":406,"column":11}},"131":{"start":{"line":404,"column":10},"end":{"line":404,"column":44}},"132":{"start":{"line":404,"column":37},"end":{"line":404,"column":44}},"133":{"start":{"line":405,"column":10},"end":{"line":405,"column":45}},"134":{"start":{"line":409,"column":24},"end":{"line":409,"column":72}},"135":{"start":{"line":412,"column":8},"end":{"line":457,"column":9}},"136":{"start":{"line":413,"column":10},"end":{"line":413,"column":46}},"137":{"start":{"line":414,"column":10},"end":{"line":414,"column":78}},"138":{"start":{"line":417,"column":10},"end":{"line":419,"column":11}},"139":{"start":{"line":418,"column":12},"end":{"line":418,"column":51}},"140":{"start":{"line":422,"column":10},"end":{"line":454,"column":18}},"141":{"start":{"line":423,"column":12},"end":{"line":426,"column":13}},"142":{"start":{"line":424,"column":14},"end":{"line":424,"column":101}},"143":{"start":{"line":425,"column":14},"end":{"line":425,"column":21}},"144":{"start":{"line":428,"column":12},"end":{"line":451,"column":15}},"145":{"start":{"line":429,"column":14},"end":{"line":429,"column":48}},"146":{"start":{"line":429,"column":41},"end":{"line":429,"column":48}},"147":{"start":{"line":431,"column":14},"end":{"line":450,"column":15}},"148":{"start":{"line":432,"column":16},"end":{"line":435,"column":17}},"149":{"start":{"line":433,"column":18},"end":{"line":433,"column":80}},"150":{"start":{"line":434,"column":18},"end":{"line":434,"column":32}},"151":{"start":{"line":437,"column":16},"end":{"line":437,"column":91}},"152":{"start":{"line":439,"column":16},"end":{"line":449,"column":19}},"153":{"start":{"line":440,"column":18},"end":{"line":440,"column":52}},"154":{"start":{"line":440,"column":45},"end":{"line":440,"column":52}},"155":{"start":{"line":441,"column":18},"end":{"line":448,"column":21}},"156":{"start":{"line":453,"column":12},"end":{"line":453,"column":44}},"157":{"start":{"line":455,"column":15},"end":{"line":457,"column":9}},"158":{"start":{"line":456,"column":10},"end":{"line":456,"column":120}},"159":{"start":{"line":458,"column":13},"end":{"line":490,"column":7}},"160":{"start":{"line":459,"column":8},"end":{"line":459,"column":85}},"161":{"start":{"line":462,"column":27},"end":{"line":462,"column":49}},"162":{"start":{"line":464,"column":8},"end":{"line":478,"column":9}},"163":{"start":{"line":465,"column":27},"end":{"line":465,"column":73}},"164":{"start":{"line":467,"column":10},"end":{"line":477,"column":11}},"165":{"start":{"line":468,"column":12},"end":{"line":468,"column":97}},"166":{"start":{"line":469,"column":17},"end":{"line":477,"column":11}},"167":{"start":{"line":470,"column":12},"end":{"line":470,"column":76}},"168":{"start":{"line":471,"column":17},"end":{"line":477,"column":11}},"169":{"start":{"line":472,"column":12},"end":{"line":472,"column":77}},"170":{"start":{"line":473,"column":17},"end":{"line":477,"column":11}},"171":{"start":{"line":474,"column":12},"end":{"line":474,"column":85}},"172":{"start":{"line":476,"column":12},"end":{"line":476,"column":57}},"173":{"start":{"line":481,"column":8},"end":{"line":489,"column":11}},"174":{"start":{"line":482,"column":10},"end":{"line":482,"column":44}},"175":{"start":{"line":482,"column":37},"end":{"line":482,"column":44}},"176":{"start":{"line":483,"column":10},"end":{"line":488,"column":13}},"177":{"start":{"line":493,"column":32},"end":{"line":531,"column":6}},"178":{"start":{"line":494,"column":6},"end":{"line":494,"column":40}},"179":{"start":{"line":494,"column":33},"end":{"line":494,"column":40}},"180":{"start":{"line":496,"column":6},"end":{"line":530,"column":7}},"181":{"start":{"line":498,"column":8},"end":{"line":501,"column":11}},"182":{"start":{"line":499,"column":10},"end":{"line":499,"column":44}},"183":{"start":{"line":499,"column":37},"end":{"line":499,"column":44}},"184":{"start":{"line":500,"column":10},"end":{"line":500,"column":47}},"185":{"start":{"line":505,"column":8},"end":{"line":523,"column":9}},"186":{"start":{"line":507,"column":10},"end":{"line":509,"column":11}},"187":{"start":{"line":508,"column":12},"end":{"line":508,"column":57}},"188":{"start":{"line":511,"column":10},"end":{"line":522,"column":19}},"189":{"start":{"line":512,"column":12},"end":{"line":521,"column":13}},"190":{"start":{"line":513,"column":14},"end":{"line":513,"column":102}},"191":{"start":{"line":514,"column":14},"end":{"line":514,"column":50}},"192":{"start":{"line":516,"column":14},"end":{"line":519,"column":17}},"193":{"start":{"line":517,"column":16},"end":{"line":517,"column":50}},"194":{"start":{"line":517,"column":43},"end":{"line":517,"column":50}},"195":{"start":{"line":518,"column":16},"end":{"line":518,"column":43}},"196":{"start":{"line":520,"column":14},"end":{"line":520,"column":52}},"197":{"start":{"line":526,"column":8},"end":{"line":529,"column":9}},"198":{"start":{"line":527,"column":10},"end":{"line":527,"column":55}},"199":{"start":{"line":528,"column":10},"end":{"line":528,"column":48}},"200":{"start":{"line":533,"column":4},"end":{"line":551,"column":6}},"201":{"start":{"line":535,"column":6},"end":{"line":538,"column":7}},"202":{"start":{"line":536,"column":8},"end":{"line":536,"column":47}},"203":{"start":{"line":537,"column":8},"end":{"line":537,"column":40}},"204":{"start":{"line":539,"column":6},"end":{"line":542,"column":7}},"205":{"start":{"line":540,"column":8},"end":{"line":540,"column":53}},"206":{"start":{"line":541,"column":8},"end":{"line":541,"column":46}},"207":{"start":{"line":545,"column":6},"end":{"line":550,"column":7}},"208":{"start":{"line":546,"column":8},"end":{"line":546,"column":36}},"209":{"start":{"line":547,"column":8},"end":{"line":547,"column":37}},"210":{"start":{"line":557,"column":2},"end":{"line":583,"column":14}},"211":{"start":{"line":558,"column":4},"end":{"line":558,"column":96}},"212":{"start":{"line":558,"column":89},"end":{"line":558,"column":96}},"213":{"start":{"line":561,"column":28},"end":{"line":563,"column":59}},"214":{"start":{"line":565,"column":4},"end":{"line":569,"column":5}},"215":{"start":{"line":566,"column":6},"end":{"line":566,"column":113}},"216":{"start":{"line":568,"column":6},"end":{"line":568,"column":13}},"217":{"start":{"line":571,"column":4},"end":{"line":571,"column":98}},"218":{"start":{"line":572,"column":4},"end":{"line":572,"column":33}},"219":{"start":{"line":573,"column":4},"end":{"line":573,"column":41}},"220":{"start":{"line":576,"column":23},"end":{"line":580,"column":11}},"221":{"start":{"line":577,"column":6},"end":{"line":579,"column":7}},"222":{"start":{"line":578,"column":8},"end":{"line":578,"column":51}},"223":{"start":{"line":582,"column":4},"end":{"line":582,"column":42}},"224":{"start":{"line":582,"column":17},"end":{"line":582,"column":41}},"225":{"start":{"line":588,"column":16},"end":{"line":604,"column":8}},"226":{"start":{"line":590,"column":4},"end":{"line":593,"column":5}},"227":{"start":{"line":591,"column":6},"end":{"line":591,"column":45}},"228":{"start":{"line":592,"column":6},"end":{"line":592,"column":38}},"229":{"start":{"line":594,"column":4},"end":{"line":597,"column":5}},"230":{"start":{"line":595,"column":6},"end":{"line":595,"column":51}},"231":{"start":{"line":596,"column":6},"end":{"line":596,"column":44}},"232":{"start":{"line":599,"column":4},"end":{"line":599,"column":34}},"233":{"start":{"line":600,"column":4},"end":{"line":600,"column":32}},"234":{"start":{"line":601,"column":4},"end":{"line":601,"column":41}},"235":{"start":{"line":602,"column":4},"end":{"line":602,"column":41}},"236":{"start":{"line":603,"column":4},"end":{"line":603,"column":32}},"237":{"start":{"line":610,"column":26},"end":{"line":610,"column":74}},"238":{"start":{"line":613,"column":4},"end":{"line":621,"column":72}},"239":{"start":{"line":623,"column":29},"end":{"line":623,"column":38}},"240":{"start":{"line":625,"column":2},"end":{"line":633,"column":4}}},"fnMap":{"0":{"name":"videoPlayerReducer","decl":{"start":{"line":72,"column":9},"end":{"line":72,"column":27}},"loc":{"start":{"line":72,"column":98},"end":{"line":132,"column":1}},"line":72},"1":{"name":"useVideoPlayback","decl":{"start":{"line":138,"column":16},"end":{"line":138,"column":32}},"loc":{"start":{"line":138,"column":83},"end":{"line":634,"column":1}},"line":138},"2":{"name":"(anonymous_2)","decl":{"start":{"line":161,"column":36},"end":{"line":161,"column":37}},"loc":{"start":{"line":161,"column":48},"end":{"line":238,"column":3}},"line":161},"3":{"name":"(anonymous_3)","decl":{"start":{"line":248,"column":12},"end":{"line":248,"column":13}},"loc":{"start":{"line":248,"column":18},"end":{"line":286,"column":3}},"line":248},"4":{"name":"(anonymous_4)","decl":{"start":{"line":253,"column":30},"end":{"line":253,"column":31}},"loc":{"start":{"line":253,"column":42},"end":{"line":283,"column":5}},"line":253},"5":{"name":"(anonymous_5)","decl":{"start":{"line":292,"column":50},"end":{"line":292,"column":51}},"loc":{"start":{"line":292,"column":56},"end":{"line":304,"column":3}},"line":292},"6":{"name":"(anonymous_6)","decl":{"start":{"line":309,"column":45},"end":{"line":309,"column":46}},"loc":{"start":{"line":309,"column":57},"end":{"line":313,"column":3}},"line":309},"7":{"name":"(anonymous_7)","decl":{"start":{"line":318,"column":12},"end":{"line":318,"column":13}},"loc":{"start":{"line":318,"column":18},"end":{"line":343,"column":3}},"line":318},"8":{"name":"(anonymous_8)","decl":{"start":{"line":321,"column":11},"end":{"line":321,"column":12}},"loc":{"start":{"line":321,"column":17},"end":{"line":342,"column":5}},"line":321},"9":{"name":"(anonymous_9)","decl":{"start":{"line":348,"column":12},"end":{"line":348,"column":13}},"loc":{"start":{"line":348,"column":18},"end":{"line":366,"column":3}},"line":348},"10":{"name":"(anonymous_10)","decl":{"start":{"line":371,"column":12},"end":{"line":371,"column":13}},"loc":{"start":{"line":371,"column":18},"end":{"line":377,"column":3}},"line":371},"11":{"name":"(anonymous_11)","decl":{"start":{"line":383,"column":12},"end":{"line":383,"column":13}},"loc":{"start":{"line":383,"column":18},"end":{"line":552,"column":3}},"line":383},"12":{"name":"(anonymous_12)","decl":{"start":{"line":389,"column":27},"end":{"line":389,"column":28}},"loc":{"start":{"line":389,"column":47},"end":{"line":394,"column":5}},"line":389},"13":{"name":"(anonymous_13)","decl":{"start":{"line":396,"column":66},"end":{"line":396,"column":67}},"loc":{"start":{"line":396,"column":79},"end":{"line":491,"column":5}},"line":396},"14":{"name":"(anonymous_14)","decl":{"start":{"line":403,"column":48},"end":{"line":403,"column":49}},"loc":{"start":{"line":403,"column":54},"end":{"line":406,"column":9}},"line":403},"15":{"name":"(anonymous_15)","decl":{"start":{"line":422,"column":48},"end":{"line":422,"column":49}},"loc":{"start":{"line":422,"column":54},"end":{"line":454,"column":11}},"line":422},"16":{"name":"(anonymous_16)","decl":{"start":{"line":428,"column":52},"end":{"line":428,"column":53}},"loc":{"start":{"line":428,"column":58},"end":{"line":451,"column":13}},"line":428},"17":{"name":"(anonymous_17)","decl":{"start":{"line":439,"column":56},"end":{"line":439,"column":57}},"loc":{"start":{"line":439,"column":62},"end":{"line":449,"column":17}},"line":439},"18":{"name":"(anonymous_18)","decl":{"start":{"line":481,"column":48},"end":{"line":481,"column":49}},"loc":{"start":{"line":481,"column":54},"end":{"line":489,"column":9}},"line":481},"19":{"name":"(anonymous_19)","decl":{"start":{"line":493,"column":68},"end":{"line":493,"column":69}},"loc":{"start":{"line":493,"column":81},"end":{"line":531,"column":5}},"line":493},"20":{"name":"(anonymous_20)","decl":{"start":{"line":498,"column":48},"end":{"line":498,"column":49}},"loc":{"start":{"line":498,"column":54},"end":{"line":501,"column":9}},"line":498},"21":{"name":"(anonymous_21)","decl":{"start":{"line":511,"column":54},"end":{"line":511,"column":55}},"loc":{"start":{"line":511,"column":60},"end":{"line":522,"column":11}},"line":511},"22":{"name":"(anonymous_22)","decl":{"start":{"line":516,"column":54},"end":{"line":516,"column":55}},"loc":{"start":{"line":516,"column":60},"end":{"line":519,"column":15}},"line":516},"23":{"name":"(anonymous_23)","decl":{"start":{"line":533,"column":11},"end":{"line":533,"column":12}},"loc":{"start":{"line":533,"column":17},"end":{"line":551,"column":5}},"line":533},"24":{"name":"(anonymous_24)","decl":{"start":{"line":557,"column":12},"end":{"line":557,"column":13}},"loc":{"start":{"line":557,"column":18},"end":{"line":583,"column":3}},"line":557},"25":{"name":"(anonymous_25)","decl":{"start":{"line":576,"column":34},"end":{"line":576,"column":35}},"loc":{"start":{"line":576,"column":40},"end":{"line":580,"column":5}},"line":576},"26":{"name":"(anonymous_26)","decl":{"start":{"line":582,"column":11},"end":{"line":582,"column":12}},"loc":{"start":{"line":582,"column":17},"end":{"line":582,"column":41}},"line":582},"27":{"name":"(anonymous_27)","decl":{"start":{"line":588,"column":28},"end":{"line":588,"column":29}},"loc":{"start":{"line":588,"column":34},"end":{"line":604,"column":3}},"line":588}},"branchMap":{"0":{"loc":{"start":{"line":79,"column":2},"end":{"line":131,"column":3}},"type":"switch","locations":[{"start":{"line":80,"column":4},"end":{"line":81,"column":43}},{"start":{"line":83,"column":4},"end":{"line":89,"column":8}},{"start":{"line":91,"column":4},"end":{"line":97,"column":8}},{"start":{"line":99,"column":4},"end":{"line":104,"column":8}},{"start":{"line":106,"column":4},"end":{"line":111,"column":8}},{"start":{"line":113,"column":4},"end":{"line":121,"column":5}},{"start":{"line":123,"column":4},"end":{"line":124,"column":30}},{"start":{"line":126,"column":4},"end":{"line":127,"column":43}},{"start":{"line":129,"column":4},"end":{"line":130,"column":19}}],"line":79},"1":{"loc":{"start":{"line":92,"column":6},"end":{"line":92,"column":57}},"type":"if","locations":[{"start":{"line":92,"column":6},"end":{"line":92,"column":57}},{"start":{},"end":{}}],"line":92},"2":{"loc":{"start":{"line":100,"column":6},"end":{"line":100,"column":61}},"type":"if","locations":[{"start":{"line":100,"column":6},"end":{"line":100,"column":61}},{"start":{},"end":{}}],"line":100},"3":{"loc":{"start":{"line":107,"column":6},"end":{"line":107,"column":75}},"type":"if","locations":[{"start":{"line":107,"column":6},"end":{"line":107,"column":75}},{"start":{},"end":{}}],"line":107},"4":{"loc":{"start":{"line":107,"column":10},"end":{"line":107,"column":60}},"type":"binary-expr","locations":[{"start":{"line":107,"column":10},"end":{"line":107,"column":32}},{"start":{"line":107,"column":36},"end":{"line":107,"column":60}}],"line":107},"5":{"loc":{"start":{"line":110,"column":14},"end":{"line":110,"column":62}},"type":"cond-expr","locations":[{"start":{"line":110,"column":39},"end":{"line":110,"column":49}},{"start":{"line":110,"column":52},"end":{"line":110,"column":62}}],"line":110},"6":{"loc":{"start":{"line":114,"column":23},"end":{"line":114,"column":76}},"type":"binary-expr","locations":[{"start":{"line":114,"column":23},"end":{"line":114,"column":47}},{"start":{"line":114,"column":51},"end":{"line":114,"column":76}}],"line":114},"7":{"loc":{"start":{"line":115,"column":23},"end":{"line":115,"column":70}},"type":"binary-expr","locations":[{"start":{"line":115,"column":23},"end":{"line":115,"column":44}},{"start":{"line":115,"column":48},"end":{"line":115,"column":70}}],"line":115},"8":{"loc":{"start":{"line":167,"column":6},"end":{"line":169,"column":7}},"type":"if","locations":[{"start":{"line":167,"column":6},"end":{"line":169,"column":7}},{"start":{},"end":{}}],"line":167},"9":{"loc":{"start":{"line":175,"column":6},"end":{"line":177,"column":7}},"type":"if","locations":[{"start":{"line":175,"column":6},"end":{"line":177,"column":7}},{"start":{},"end":{}}],"line":175},"10":{"loc":{"start":{"line":180,"column":34},"end":{"line":180,"column":79}},"type":"cond-expr","locations":[{"start":{"line":180,"column":46},"end":{"line":180,"column":51}},{"start":{"line":180,"column":54},"end":{"line":180,"column":79}}],"line":180},"11":{"loc":{"start":{"line":189,"column":6},"end":{"line":206,"column":7}},"type":"if","locations":[{"start":{"line":189,"column":6},"end":{"line":206,"column":7}},{"start":{"line":204,"column":13},"end":{"line":206,"column":7}}],"line":189},"12":{"loc":{"start":{"line":189,"column":10},"end":{"line":189,"column":71}},"type":"binary-expr","locations":[{"start":{"line":189,"column":10},"end":{"line":189,"column":29}},{"start":{"line":189,"column":33},"end":{"line":189,"column":48}},{"start":{"line":189,"column":52},"end":{"line":189,"column":71}}],"line":189},"13":{"loc":{"start":{"line":192,"column":8},"end":{"line":194,"column":9}},"type":"if","locations":[{"start":{"line":192,"column":8},"end":{"line":194,"column":9}},{"start":{},"end":{}}],"line":192},"14":{"loc":{"start":{"line":195,"column":8},"end":{"line":200,"column":9}},"type":"if","locations":[{"start":{"line":195,"column":8},"end":{"line":200,"column":9}},{"start":{},"end":{}}],"line":195},"15":{"loc":{"start":{"line":201,"column":8},"end":{"line":203,"column":9}},"type":"if","locations":[{"start":{"line":201,"column":8},"end":{"line":203,"column":9}},{"start":{},"end":{}}],"line":201},"16":{"loc":{"start":{"line":215,"column":6},"end":{"line":217,"column":7}},"type":"if","locations":[{"start":{"line":215,"column":6},"end":{"line":217,"column":7}},{"start":{},"end":{}}],"line":215},"17":{"loc":{"start":{"line":223,"column":27},"end":{"line":229,"column":40}},"type":"cond-expr","locations":[{"start":{"line":224,"column":10},"end":{"line":228,"column":58}},{"start":{"line":229,"column":10},"end":{"line":229,"column":40}}],"line":223},"18":{"loc":{"start":{"line":224,"column":10},"end":{"line":228,"column":58}},"type":"cond-expr","locations":[{"start":{"line":225,"column":12},"end":{"line":225,"column":39}},{"start":{"line":226,"column":12},"end":{"line":228,"column":58}}],"line":224},"19":{"loc":{"start":{"line":226,"column":12},"end":{"line":228,"column":58}},"type":"cond-expr","locations":[{"start":{"line":227,"column":12},"end":{"line":227,"column":50}},{"start":{"line":228,"column":12},"end":{"line":228,"column":58}}],"line":226},"20":{"loc":{"start":{"line":226,"column":12},"end":{"line":226,"column":76}},"type":"binary-expr","locations":[{"start":{"line":226,"column":12},"end":{"line":226,"column":43}},{"start":{"line":226,"column":47},"end":{"line":226,"column":76}}],"line":226},"21":{"loc":{"start":{"line":249,"column":4},"end":{"line":249,"column":49}},"type":"if","locations":[{"start":{"line":249,"column":4},"end":{"line":249,"column":49}},{"start":{},"end":{}}],"line":249},"22":{"loc":{"start":{"line":255,"column":20},"end":{"line":257,"column":47}},"type":"cond-expr","locations":[{"start":{"line":256,"column":12},"end":{"line":256,"column":59}},{"start":{"line":257,"column":12},"end":{"line":257,"column":47}}],"line":255},"23":{"loc":{"start":{"line":265,"column":8},"end":{"line":267,"column":9}},"type":"if","locations":[{"start":{"line":265,"column":8},"end":{"line":267,"column":9}},{"start":{},"end":{}}],"line":265},"24":{"loc":{"start":{"line":293,"column":4},"end":{"line":295,"column":5}},"type":"if","locations":[{"start":{"line":293,"column":4},"end":{"line":295,"column":5}},{"start":{},"end":{}}],"line":293},"25":{"loc":{"start":{"line":299,"column":19},"end":{"line":299,"column":63}},"type":"cond-expr","locations":[{"start":{"line":299,"column":49},"end":{"line":299,"column":54}},{"start":{"line":299,"column":57},"end":{"line":299,"column":63}}],"line":299},"26":{"loc":{"start":{"line":310,"column":4},"end":{"line":310,"column":29}},"type":"if","locations":[{"start":{"line":310,"column":4},"end":{"line":310,"column":29}},{"start":{},"end":{}}],"line":310},"27":{"loc":{"start":{"line":325,"column":6},"end":{"line":328,"column":7}},"type":"if","locations":[{"start":{"line":325,"column":6},"end":{"line":328,"column":7}},{"start":{},"end":{}}],"line":325},"28":{"loc":{"start":{"line":329,"column":6},"end":{"line":332,"column":7}},"type":"if","locations":[{"start":{"line":329,"column":6},"end":{"line":332,"column":7}},{"start":{},"end":{}}],"line":329},"29":{"loc":{"start":{"line":335,"column":6},"end":{"line":341,"column":7}},"type":"if","locations":[{"start":{"line":335,"column":6},"end":{"line":341,"column":7}},{"start":{},"end":{}}],"line":335},"30":{"loc":{"start":{"line":350,"column":4},"end":{"line":353,"column":5}},"type":"if","locations":[{"start":{"line":350,"column":4},"end":{"line":353,"column":5}},{"start":{},"end":{}}],"line":350},"31":{"loc":{"start":{"line":354,"column":4},"end":{"line":357,"column":5}},"type":"if","locations":[{"start":{"line":354,"column":4},"end":{"line":357,"column":5}},{"start":{},"end":{}}],"line":354},"32":{"loc":{"start":{"line":372,"column":4},"end":{"line":376,"column":5}},"type":"if","locations":[{"start":{"line":372,"column":4},"end":{"line":376,"column":5}},{"start":{"line":374,"column":11},"end":{"line":376,"column":5}}],"line":372},"33":{"loc":{"start":{"line":374,"column":11},"end":{"line":376,"column":5}},"type":"if","locations":[{"start":{"line":374,"column":11},"end":{"line":376,"column":5}},{"start":{},"end":{}}],"line":374},"34":{"loc":{"start":{"line":384,"column":4},"end":{"line":384,"column":40}},"type":"if","locations":[{"start":{"line":384,"column":4},"end":{"line":384,"column":40}},{"start":{},"end":{}}],"line":384},"35":{"loc":{"start":{"line":384,"column":8},"end":{"line":384,"column":31}},"type":"binary-expr","locations":[{"start":{"line":384,"column":8},"end":{"line":384,"column":15}},{"start":{"line":384,"column":19},"end":{"line":384,"column":31}}],"line":384},"36":{"loc":{"start":{"line":390,"column":6},"end":{"line":392,"column":7}},"type":"if","locations":[{"start":{"line":390,"column":6},"end":{"line":392,"column":7}},{"start":{},"end":{}}],"line":390},"37":{"loc":{"start":{"line":390,"column":10},"end":{"line":390,"column":100}},"type":"binary-expr","locations":[{"start":{"line":390,"column":10},"end":{"line":390,"column":46}},{"start":{"line":390,"column":50},"end":{"line":390,"column":72}},{"start":{"line":390,"column":76},"end":{"line":390,"column":100}}],"line":390},"38":{"loc":{"start":{"line":397,"column":6},"end":{"line":397,"column":40}},"type":"if","locations":[{"start":{"line":397,"column":6},"end":{"line":397,"column":40}},{"start":{},"end":{}}],"line":397},"39":{"loc":{"start":{"line":401,"column":6},"end":{"line":490,"column":7}},"type":"if","locations":[{"start":{"line":401,"column":6},"end":{"line":490,"column":7}},{"start":{"line":458,"column":13},"end":{"line":490,"column":7}}],"line":401},"40":{"loc":{"start":{"line":404,"column":10},"end":{"line":404,"column":44}},"type":"if","locations":[{"start":{"line":404,"column":10},"end":{"line":404,"column":44}},{"start":{},"end":{}}],"line":404},"41":{"loc":{"start":{"line":409,"column":24},"end":{"line":409,"column":72}},"type":"cond-expr","locations":[{"start":{"line":409,"column":39},"end":{"line":409,"column":64}},{"start":{"line":409,"column":67},"end":{"line":409,"column":72}}],"line":409},"42":{"loc":{"start":{"line":412,"column":8},"end":{"line":457,"column":9}},"type":"if","locations":[{"start":{"line":412,"column":8},"end":{"line":457,"column":9}},{"start":{"line":455,"column":15},"end":{"line":457,"column":9}}],"line":412},"43":{"loc":{"start":{"line":412,"column":12},"end":{"line":412,"column":77}},"type":"binary-expr","locations":[{"start":{"line":412,"column":12},"end":{"line":412,"column":41}},{"start":{"line":412,"column":45},"end":{"line":412,"column":65}},{"start":{"line":412,"column":69},"end":{"line":412,"column":77}}],"line":412},"44":{"loc":{"start":{"line":417,"column":10},"end":{"line":419,"column":11}},"type":"if","locations":[{"start":{"line":417,"column":10},"end":{"line":419,"column":11}},{"start":{},"end":{}}],"line":417},"45":{"loc":{"start":{"line":423,"column":12},"end":{"line":426,"column":13}},"type":"if","locations":[{"start":{"line":423,"column":12},"end":{"line":426,"column":13}},{"start":{},"end":{}}],"line":423},"46":{"loc":{"start":{"line":429,"column":14},"end":{"line":429,"column":48}},"type":"if","locations":[{"start":{"line":429,"column":14},"end":{"line":429,"column":48}},{"start":{},"end":{}}],"line":429},"47":{"loc":{"start":{"line":432,"column":16},"end":{"line":435,"column":17}},"type":"if","locations":[{"start":{"line":432,"column":16},"end":{"line":435,"column":17}},{"start":{},"end":{}}],"line":432},"48":{"loc":{"start":{"line":440,"column":18},"end":{"line":440,"column":52}},"type":"if","locations":[{"start":{"line":440,"column":18},"end":{"line":440,"column":52}},{"start":{},"end":{}}],"line":440},"49":{"loc":{"start":{"line":455,"column":15},"end":{"line":457,"column":9}},"type":"if","locations":[{"start":{"line":455,"column":15},"end":{"line":457,"column":9}},{"start":{},"end":{}}],"line":455},"50":{"loc":{"start":{"line":458,"column":13},"end":{"line":490,"column":7}},"type":"if","locations":[{"start":{"line":458,"column":13},"end":{"line":490,"column":7}},{"start":{},"end":{}}],"line":458},"51":{"loc":{"start":{"line":464,"column":8},"end":{"line":478,"column":9}},"type":"if","locations":[{"start":{"line":464,"column":8},"end":{"line":478,"column":9}},{"start":{},"end":{}}],"line":464},"52":{"loc":{"start":{"line":465,"column":34},"end":{"line":465,"column":72}},"type":"binary-expr","locations":[{"start":{"line":465,"column":34},"end":{"line":465,"column":55}},{"start":{"line":465,"column":59},"end":{"line":465,"column":72}}],"line":465},"53":{"loc":{"start":{"line":467,"column":10},"end":{"line":477,"column":11}},"type":"if","locations":[{"start":{"line":467,"column":10},"end":{"line":477,"column":11}},{"start":{"line":469,"column":17},"end":{"line":477,"column":11}}],"line":467},"54":{"loc":{"start":{"line":467,"column":14},"end":{"line":467,"column":113}},"type":"binary-expr","locations":[{"start":{"line":467,"column":14},"end":{"line":467,"column":47}},{"start":{"line":467,"column":51},"end":{"line":467,"column":81}},{"start":{"line":467,"column":85},"end":{"line":467,"column":113}}],"line":467},"55":{"loc":{"start":{"line":469,"column":17},"end":{"line":477,"column":11}},"type":"if","locations":[{"start":{"line":469,"column":17},"end":{"line":477,"column":11}},{"start":{"line":471,"column":17},"end":{"line":477,"column":11}}],"line":469},"56":{"loc":{"start":{"line":469,"column":21},"end":{"line":469,"column":84}},"type":"binary-expr","locations":[{"start":{"line":469,"column":21},"end":{"line":469,"column":49}},{"start":{"line":469,"column":53},"end":{"line":469,"column":84}}],"line":469},"57":{"loc":{"start":{"line":471,"column":17},"end":{"line":477,"column":11}},"type":"if","locations":[{"start":{"line":471,"column":17},"end":{"line":477,"column":11}},{"start":{"line":473,"column":17},"end":{"line":477,"column":11}}],"line":471},"58":{"loc":{"start":{"line":473,"column":17},"end":{"line":477,"column":11}},"type":"if","locations":[{"start":{"line":473,"column":17},"end":{"line":477,"column":11}},{"start":{"line":475,"column":17},"end":{"line":477,"column":11}}],"line":473},"59":{"loc":{"start":{"line":482,"column":10},"end":{"line":482,"column":44}},"type":"if","locations":[{"start":{"line":482,"column":10},"end":{"line":482,"column":44}},{"start":{},"end":{}}],"line":482},"60":{"loc":{"start":{"line":494,"column":6},"end":{"line":494,"column":40}},"type":"if","locations":[{"start":{"line":494,"column":6},"end":{"line":494,"column":40}},{"start":{},"end":{}}],"line":494},"61":{"loc":{"start":{"line":496,"column":6},"end":{"line":530,"column":7}},"type":"if","locations":[{"start":{"line":496,"column":6},"end":{"line":530,"column":7}},{"start":{"line":524,"column":13},"end":{"line":530,"column":7}}],"line":496},"62":{"loc":{"start":{"line":499,"column":10},"end":{"line":499,"column":44}},"type":"if","locations":[{"start":{"line":499,"column":10},"end":{"line":499,"column":44}},{"start":{},"end":{}}],"line":499},"63":{"loc":{"start":{"line":505,"column":8},"end":{"line":523,"column":9}},"type":"if","locations":[{"start":{"line":505,"column":8},"end":{"line":523,"column":9}},{"start":{},"end":{}}],"line":505},"64":{"loc":{"start":{"line":507,"column":10},"end":{"line":509,"column":11}},"type":"if","locations":[{"start":{"line":507,"column":10},"end":{"line":509,"column":11}},{"start":{},"end":{}}],"line":507},"65":{"loc":{"start":{"line":512,"column":12},"end":{"line":521,"column":13}},"type":"if","locations":[{"start":{"line":512,"column":12},"end":{"line":521,"column":13}},{"start":{},"end":{}}],"line":512},"66":{"loc":{"start":{"line":512,"column":16},"end":{"line":512,"column":54}},"type":"binary-expr","locations":[{"start":{"line":512,"column":16},"end":{"line":512,"column":36}},{"start":{"line":512,"column":40},"end":{"line":512,"column":54}}],"line":512},"67":{"loc":{"start":{"line":517,"column":16},"end":{"line":517,"column":50}},"type":"if","locations":[{"start":{"line":517,"column":16},"end":{"line":517,"column":50}},{"start":{},"end":{}}],"line":517},"68":{"loc":{"start":{"line":526,"column":8},"end":{"line":529,"column":9}},"type":"if","locations":[{"start":{"line":526,"column":8},"end":{"line":529,"column":9}},{"start":{},"end":{}}],"line":526},"69":{"loc":{"start":{"line":526,"column":12},"end":{"line":526,"column":75}},"type":"binary-expr","locations":[{"start":{"line":526,"column":12},"end":{"line":526,"column":42}},{"start":{"line":526,"column":46},"end":{"line":526,"column":75}}],"line":526},"70":{"loc":{"start":{"line":535,"column":6},"end":{"line":538,"column":7}},"type":"if","locations":[{"start":{"line":535,"column":6},"end":{"line":538,"column":7}},{"start":{},"end":{}}],"line":535},"71":{"loc":{"start":{"line":539,"column":6},"end":{"line":542,"column":7}},"type":"if","locations":[{"start":{"line":539,"column":6},"end":{"line":542,"column":7}},{"start":{},"end":{}}],"line":539},"72":{"loc":{"start":{"line":558,"column":4},"end":{"line":558,"column":96}},"type":"if","locations":[{"start":{"line":558,"column":4},"end":{"line":558,"column":96}},{"start":{},"end":{}}],"line":558},"73":{"loc":{"start":{"line":558,"column":8},"end":{"line":558,"column":87}},"type":"binary-expr","locations":[{"start":{"line":558,"column":8},"end":{"line":558,"column":30}},{"start":{"line":558,"column":34},"end":{"line":558,"column":62}},{"start":{"line":558,"column":66},"end":{"line":558,"column":87}}],"line":558},"74":{"loc":{"start":{"line":561,"column":28},"end":{"line":563,"column":59}},"type":"binary-expr","locations":[{"start":{"line":561,"column":28},"end":{"line":561,"column":61}},{"start":{"line":562,"column":28},"end":{"line":562,"column":64}},{"start":{"line":563,"column":28},"end":{"line":563,"column":59}}],"line":561},"75":{"loc":{"start":{"line":565,"column":4},"end":{"line":569,"column":5}},"type":"if","locations":[{"start":{"line":565,"column":4},"end":{"line":569,"column":5}},{"start":{},"end":{}}],"line":565},"76":{"loc":{"start":{"line":577,"column":6},"end":{"line":579,"column":7}},"type":"if","locations":[{"start":{"line":577,"column":6},"end":{"line":579,"column":7}},{"start":{},"end":{}}],"line":577},"77":{"loc":{"start":{"line":590,"column":4},"end":{"line":593,"column":5}},"type":"if","locations":[{"start":{"line":590,"column":4},"end":{"line":593,"column":5}},{"start":{},"end":{}}],"line":590},"78":{"loc":{"start":{"line":594,"column":4},"end":{"line":597,"column":5}},"type":"if","locations":[{"start":{"line":594,"column":4},"end":{"line":597,"column":5}},{"start":{},"end":{}}],"line":594},"79":{"loc":{"start":{"line":610,"column":26},"end":{"line":610,"column":74}},"type":"cond-expr","locations":[{"start":{"line":610,"column":41},"end":{"line":610,"column":66}},{"start":{"line":610,"column":69},"end":{"line":610,"column":74}}],"line":610},"80":{"loc":{"start":{"line":613,"column":4},"end":{"line":621,"column":72}},"type":"binary-expr","locations":[{"start":{"line":613,"column":4},"end":{"line":613,"column":38}},{"start":{"line":614,"column":4},"end":{"line":614,"column":36}},{"start":{"line":615,"column":4},"end":{"line":615,"column":40}},{"start":{"line":618,"column":5},"end":{"line":618,"column":27}},{"start":{"line":618,"column":31},"end":{"line":618,"column":47}},{"start":{"line":621,"column":5},"end":{"line":621,"column":29}},{"start":{"line":621,"column":33},"end":{"line":621,"column":49}},{"start":{"line":621,"column":53},"end":{"line":621,"column":71}}],"line":613}},"s":{"0":0,"1":0,"2":0,"3":0,"4":0,"5":0,"6":0,"7":0,"8":0,"9":0,"10":0,"11":0,"12":0,"13":0,"14":0,"15":0,"16":0,"17":0,"18":0,"19":0,"20":0,"21":0,"22":0,"23":0,"24":0,"25":0,"26":0,"27":0,"28":0,"29":0,"30":0,"31":0,"32":0,"33":0,"34":0,"35":0,"36":0,"37":0,"38":0,"39":0,"40":0,"41":0,"42":0,"43":0,"44":0,"45":0,"46":0,"47":0,"48":0,"49":0,"50":0,"51":0,"52":0,"53":0,"54":0,"55":0,"56":0,"57":0,"58":0,"59":0,"60":0,"61":0,"62":0,"63":0,"64":0,"65":0,"66":0,"67":0,"68":0,"69":0,"70":0,"71":0,"72":0,"73":0,"74":0,"75":0,"76":0,"77":0,"78":0,"79":0,"80":0,"81":0,"82":0,"83":0,"84":0,"85":0,"86":0,"87":0,"88":0,"89":0,"90":0,"91":0,"92":0,"93":0,"94":0,"95":0,"96":0,"97":0,"98":0,"99":0,"100":0,"101":0,"102":0,"103":0,"104":0,"105":0,"106":0,"107":0,"108":0,"109":0,"110":0,"111":0,"112":0,"113":0,"114":0,"115":0,"116":0,"117":0,"118":0,"119":0,"120":0,"121":0,"122":0,"123":0,"124":0,"125":0,"126":0,"127":0,"128":0,"129":0,"130":0,"131":0,"132":0,"133":0,"134":0,"135":0,"136":0,"137":0,"138":0,"139":0,"140":0,"141":0,"142":0,"143":0,"144":0,"145":0,"146":0,"147":0,"148":0,"149":0,"150":0,"151":0,"152":0,"153":0,"154":0,"155":0,"156":0,"157":0,"158":0,"159":0,"160":0,"161":0,"162":0,"163":0,"164":0,"165":0,"166":0,"167":0,"168":0,"169":0,"170":0,"171":0,"172":0,"173":0,"174":0,"175":0,"176":0,"177":0,"178":0,"179":0,"180":0,"181":0,"182":0,"183":0,"184":0,"185":0,"186":0,"187":0,"188":0,"189":0,"190":0,"191":0,"192":0,"193":0,"194":0,"195":0,"196":0,"197":0,"198":0,"199":0,"200":0,"201":0,"202":0,"203":0,"204":0,"205":0,"206":0,"207":0,"208":0,"209":0,"210":0,"211":0,"212":0,"213":0,"214":0,"215":0,"216":0,"217":0,"218":0,"219":0,"220":0,"221":0,"222":0,"223":0,"224":0,"225":0,"226":0,"227":0,"228":0,"229":0,"230":0,"231":0,"232":0,"233":0,"234":0,"235":0,"236":0,"237":0,"238":0,"239":0,"240":0},"f":{"0":0,"1":0,"2":0,"3":0,"4":0,"5":0,"6":0,"7":0,"8":0,"9":0,"10":0,"11":0,"12":0,"13":0,"14":0,"15":0,"16":0,"17":0,"18":0,"19":0,"20":0,"21":0,"22":0,"23":0,"24":0,"25":0,"26":0,"27":0},"b":{"0":[0,0,0,0,0,0,0,0,0],"1":[0,0],"2":[0,0],"3":[0,0],"4":[0,0],"5":[0,0],"6":[0,0],"7":[0,0],"8":[0,0],"9":[0,0],"10":[0,0],"11":[0,0],"12":[0,0,0],"13":[0,0],"14":[0,0],"15":[0,0],"16":[0,0],"17":[0,0],"18":[0,0],"19":[0,0],"20":[0,0],"21":[0,0],"22":[0,0],"23":[0,0],"24":[0,0],"25":[0,0],"26":[0,0],"27":[0,0],"28":[0,0],"29":[0,0],"30":[0,0],"31":[0,0],"32":[0,0],"33":[0,0],"34":[0,0],"35":[0,0],"36":[0,0],"37":[0,0,0],"38":[0,0],"39":[0,0],"40":[0,0],"41":[0,0],"42":[0,0],"43":[0,0,0],"44":[0,0],"45":[0,0],"46":[0,0],"47":[0,0],"48":[0,0],"49":[0,0],"50":[0,0],"51":[0,0],"52":[0,0],"53":[0,0],"54":[0,0,0],"55":[0,0],"56":[0,0],"57":[0,0],"58":[0,0],"59":[0,0],"60":[0,0],"61":[0,0],"62":[0,0],"63":[0,0],"64":[0,0],"65":[0,0],"66":[0,0],"67":[0,0],"68":[0,0],"69":[0,0],"70":[0,0],"71":[0,0],"72":[0,0],"73":[0,0,0],"74":[0,0,0],"75":[0,0],"76":[0,0],"77":[0,0],"78":[0,0],"79":[0,0],"80":[0,0,0,0,0,0,0,0]}}
,"/Users/keiverhernandez/wn/services/jellyfinApi.ts": {"path":"/Users/keiverhernandez/wn/services/jellyfinApi.ts","statementMap":{"0":{"start":{"line":10,"column":19},"end":{"line":10,"column":68}},"1":{"start":{"line":11,"column":20},"end":{"line":11,"column":70}},"2":{"start":{"line":12,"column":20},"end":{"line":12,"column":70}},"3":{"start":{"line":14,"column":21},"end":{"line":19,"column":1}},"4":{"start":{"line":22,"column":24},"end":{"line":27,"column":1}},"5":{"start":{"line":29,"column":24},"end":{"line":29,"column":25}},"6":{"start":{"line":33,"column":19},"end":{"line":37,"column":1}},"7":{"start":{"line":45,"column":2},"end":{"line":93,"column":3}},"8":{"start":{"line":46,"column":39},"end":{"line":50,"column":6}},"9":{"start":{"line":53,"column":17},"end":{"line":53,"column":19}},"10":{"start":{"line":54,"column":4},"end":{"line":67,"column":5}},"11":{"start":{"line":55,"column":17},"end":{"line":55,"column":32}},"12":{"start":{"line":57,"column":6},"end":{"line":66,"column":7}},"13":{"start":{"line":59,"column":8},"end":{"line":63,"column":9}},"14":{"start":{"line":60,"column":10},"end":{"line":60,"column":33}},"15":{"start":{"line":62,"column":10},"end":{"line":62,"column":38}},"16":{"start":{"line":65,"column":8},"end":{"line":65,"column":19}},"17":{"start":{"line":69,"column":19},"end":{"line":74,"column":5}},"18":{"start":{"line":77,"column":4},"end":{"line":77,"column":25}},"19":{"start":{"line":80,"column":4},"end":{"line":82,"column":5}},"20":{"start":{"line":81,"column":6},"end":{"line":81,"column":93}},"21":{"start":{"line":84,"column":4},"end":{"line":84,"column":17}},"22":{"start":{"line":86,"column":4},"end":{"line":86,"column":99}},"23":{"start":{"line":88,"column":4},"end":{"line":92,"column":5}},"24":{"start":{"line":100,"column":2},"end":{"line":100,"column":19}},"25":{"start":{"line":108,"column":2},"end":{"line":133,"column":3}},"26":{"start":{"line":109,"column":25},"end":{"line":109,"column":83}},"27":{"start":{"line":110,"column":25},"end":{"line":110,"column":84}},"28":{"start":{"line":113,"column":23},"end":{"line":113,"column":114}},"29":{"start":{"line":114,"column":19},"end":{"line":114,"column":46}},"30":{"start":{"line":116,"column":4},"end":{"line":122,"column":5}},"31":{"start":{"line":124,"column":4},"end":{"line":124,"column":59}},"32":{"start":{"line":125,"column":19},"end":{"line":125,"column":51}},"33":{"start":{"line":126,"column":4},"end":{"line":132,"column":5}},"34":{"start":{"line":137,"column":0},"end":{"line":139,"column":2}},"35":{"start":{"line":146,"column":2},"end":{"line":193,"column":3}},"36":{"start":{"line":147,"column":19},"end":{"line":147,"column":36}},"37":{"start":{"line":151,"column":4},"end":{"line":155,"column":5}},"38":{"start":{"line":152,"column":6},"end":{"line":154,"column":7}},"39":{"start":{"line":158,"column":4},"end":{"line":189,"column":24}},"40":{"start":{"line":159,"column":18},"end":{"line":159,"column":194}},"41":{"start":{"line":161,"column":25},"end":{"line":161,"column":46}},"42":{"start":{"line":162,"column":24},"end":{"line":162,"column":67}},"43":{"start":{"line":162,"column":41},"end":{"line":162,"column":59}},"44":{"start":{"line":164,"column":6},"end":{"line":188,"column":7}},"45":{"start":{"line":165,"column":25},"end":{"line":172,"column":10}},"46":{"start":{"line":174,"column":8},"end":{"line":174,"column":31}},"47":{"start":{"line":176,"column":8},"end":{"line":178,"column":9}},"48":{"start":{"line":177,"column":10},"end":{"line":177,"column":94}},"49":{"start":{"line":180,"column":45},"end":{"line":180,"column":66}},"50":{"start":{"line":181,"column":8},"end":{"line":181,"column":31}},"51":{"start":{"line":183,"column":8},"end":{"line":183,"column":31}},"52":{"start":{"line":184,"column":8},"end":{"line":186,"column":9}},"53":{"start":{"line":185,"column":10},"end":{"line":185,"column":105}},"54":{"start":{"line":187,"column":8},"end":{"line":187,"column":19}},"55":{"start":{"line":191,"column":4},"end":{"line":191,"column":88}},"56":{"start":{"line":192,"column":4},"end":{"line":192,"column":15}},"57":{"start":{"line":204,"column":2},"end":{"line":204,"column":89}},"58":{"start":{"line":225,"column":18},"end":{"line":225,"column":44}},"59":{"start":{"line":229,"column":4},"end":{"line":247,"column":22}},"60":{"start":{"line":250,"column":2},"end":{"line":272,"column":3}},"61":{"start":{"line":251,"column":28},"end":{"line":253,"column":5}},"62":{"start":{"line":252,"column":16},"end":{"line":252,"column":93}},"63":{"start":{"line":255,"column":4},"end":{"line":271,"column":5}},"64":{"start":{"line":256,"column":28},"end":{"line":256,"column":52}},"65":{"start":{"line":257,"column":6},"end":{"line":257,"column":52}},"66":{"start":{"line":258,"column":6},"end":{"line":258,"column":37}},"67":{"start":{"line":259,"column":6},"end":{"line":264,"column":8}},"68":{"start":{"line":266,"column":6},"end":{"line":270,"column":8}},"69":{"start":{"line":274,"column":2},"end":{"line":274,"column":12}},"70":{"start":{"line":282,"column":2},"end":{"line":282,"column":129}},"71":{"start":{"line":289,"column":2},"end":{"line":289,"column":46}},"72":{"start":{"line":299,"column":23},"end":{"line":299,"column":39}},"73":{"start":{"line":300,"column":23},"end":{"line":300,"column":52}},"74":{"start":{"line":301,"column":16},"end":{"line":301,"column":45}},"75":{"start":{"line":302,"column":18},"end":{"line":302,"column":35}},"76":{"start":{"line":304,"column":2},"end":{"line":308,"column":3}},"77":{"start":{"line":305,"column":4},"end":{"line":305,"column":34}},"78":{"start":{"line":307,"column":4},"end":{"line":307,"column":24}},"79":{"start":{"line":315,"column":2},"end":{"line":354,"column":3}},"80":{"start":{"line":316,"column":19},"end":{"line":316,"column":36}},"81":{"start":{"line":319,"column":4},"end":{"line":350,"column":24}},"82":{"start":{"line":320,"column":18},"end":{"line":320,"column":122}},"83":{"start":{"line":322,"column":25},"end":{"line":322,"column":46}},"84":{"start":{"line":323,"column":24},"end":{"line":323,"column":67}},"85":{"start":{"line":323,"column":41},"end":{"line":323,"column":59}},"86":{"start":{"line":325,"column":6},"end":{"line":349,"column":7}},"87":{"start":{"line":326,"column":25},"end":{"line":333,"column":10}},"88":{"start":{"line":335,"column":8},"end":{"line":335,"column":31}},"89":{"start":{"line":337,"column":8},"end":{"line":339,"column":9}},"90":{"start":{"line":338,"column":10},"end":{"line":338,"column":101}},"91":{"start":{"line":341,"column":40},"end":{"line":341,"column":61}},"92":{"start":{"line":342,"column":8},"end":{"line":342,"column":19}},"93":{"start":{"line":344,"column":8},"end":{"line":344,"column":31}},"94":{"start":{"line":345,"column":8},"end":{"line":347,"column":9}},"95":{"start":{"line":346,"column":10},"end":{"line":346,"column":85}},"96":{"start":{"line":348,"column":8},"end":{"line":348,"column":19}},"97":{"start":{"line":352,"column":4},"end":{"line":352,"column":95}},"98":{"start":{"line":353,"column":4},"end":{"line":353,"column":15}},"99":{"start":{"line":372,"column":21},"end":{"line":372,"column":40}},"100":{"start":{"line":375,"column":2},"end":{"line":377,"column":3}},"101":{"start":{"line":376,"column":4},"end":{"line":376,"column":15}},"102":{"start":{"line":379,"column":2},"end":{"line":381,"column":3}},"103":{"start":{"line":380,"column":4},"end":{"line":380,"column":15}},"104":{"start":{"line":384,"column":2},"end":{"line":386,"column":3}},"105":{"start":{"line":385,"column":4},"end":{"line":385,"column":16}},"106":{"start":{"line":388,"column":2},"end":{"line":390,"column":3}},"107":{"start":{"line":389,"column":4},"end":{"line":389,"column":16}},"108":{"start":{"line":392,"column":2},"end":{"line":394,"column":3}},"109":{"start":{"line":393,"column":4},"end":{"line":393,"column":16}},"110":{"start":{"line":396,"column":2},"end":{"line":398,"column":3}},"111":{"start":{"line":397,"column":4},"end":{"line":397,"column":16}},"112":{"start":{"line":400,"column":2},"end":{"line":402,"column":3}},"113":{"start":{"line":401,"column":4},"end":{"line":401,"column":16}},"114":{"start":{"line":404,"column":2},"end":{"line":406,"column":3}},"115":{"start":{"line":405,"column":4},"end":{"line":405,"column":16}},"116":{"start":{"line":410,"column":2},"end":{"line":413,"column":4}},"117":{"start":{"line":414,"column":2},"end":{"line":414,"column":14}},"118":{"start":{"line":422,"column":2},"end":{"line":424,"column":3}},"119":{"start":{"line":423,"column":4},"end":{"line":423,"column":16}},"120":{"start":{"line":427,"column":19},"end":{"line":427,"column":81}},"121":{"start":{"line":427,"column":57},"end":{"line":427,"column":80}},"122":{"start":{"line":428,"column":19},"end":{"line":428,"column":81}},"123":{"start":{"line":428,"column":57},"end":{"line":428,"column":80}},"124":{"start":{"line":431,"column":2},"end":{"line":431,"column":30}},"125":{"start":{"line":439,"column":2},"end":{"line":441,"column":3}},"126":{"start":{"line":440,"column":4},"end":{"line":440,"column":16}},"127":{"start":{"line":444,"column":22},"end":{"line":444,"column":84}},"128":{"start":{"line":444,"column":60},"end":{"line":444,"column":83}},"129":{"start":{"line":446,"column":2},"end":{"line":448,"column":3}},"130":{"start":{"line":447,"column":4},"end":{"line":447,"column":16}},"131":{"start":{"line":450,"column":20},"end":{"line":450,"column":55}},"132":{"start":{"line":452,"column":2},"end":{"line":456,"column":4}},"133":{"start":{"line":458,"column":2},"end":{"line":458,"column":19}},"134":{"start":{"line":477,"column":2},"end":{"line":479,"column":3}},"135":{"start":{"line":478,"column":4},"end":{"line":478,"column":13}},"136":{"start":{"line":482,"column":26},"end":{"line":482,"column":93}},"137":{"start":{"line":482,"column":66},"end":{"line":482,"column":92}},"138":{"start":{"line":484,"column":2},"end":{"line":486,"column":3}},"139":{"start":{"line":485,"column":4},"end":{"line":485,"column":13}},"140":{"start":{"line":488,"column":34},"end":{"line":488,"column":36}},"141":{"start":{"line":490,"column":2},"end":{"line":510,"column":3}},"142":{"start":{"line":493,"column":4},"end":{"line":509,"column":5}},"143":{"start":{"line":496,"column":35},"end":{"line":501,"column":7}},"144":{"start":{"line":502,"column":6},"end":{"line":502,"column":24}},"145":{"start":{"line":503,"column":6},"end":{"line":508,"column":8}},"146":{"start":{"line":512,"column":2},"end":{"line":512,"column":15}},"147":{"start":{"line":527,"column":2},"end":{"line":527,"column":133}}},"fnMap":{"0":{"name":"getConfig","decl":{"start":{"line":44,"column":15},"end":{"line":44,"column":24}},"loc":{"start":{"line":44,"column":86},"end":{"line":94,"column":1}},"line":44},"1":{"name":"refreshConfig","decl":{"start":{"line":99,"column":22},"end":{"line":99,"column":35}},"loc":{"start":{"line":99,"column":53},"end":{"line":101,"column":1}},"line":99},"2":{"name":"getQualitySettings","decl":{"start":{"line":107,"column":15},"end":{"line":107,"column":33}},"loc":{"start":{"line":107,"column":125},"end":{"line":134,"column":1}},"line":107},"3":{"name":"(anonymous_3)","decl":{"start":{"line":137,"column":18},"end":{"line":137,"column":19}},"loc":{"start":{"line":137,"column":24},"end":{"line":139,"column":1}},"line":137},"4":{"name":"fetchVideos","decl":{"start":{"line":145,"column":22},"end":{"line":145,"column":33}},"loc":{"start":{"line":145,"column":66},"end":{"line":194,"column":1}},"line":145},"5":{"name":"(anonymous_5)","decl":{"start":{"line":158,"column":34},"end":{"line":158,"column":35}},"loc":{"start":{"line":158,"column":46},"end":{"line":189,"column":5}},"line":158},"6":{"name":"(anonymous_6)","decl":{"start":{"line":162,"column":35},"end":{"line":162,"column":36}},"loc":{"start":{"line":162,"column":41},"end":{"line":162,"column":59}},"line":162},"7":{"name":"getVideoStreamUrl","decl":{"start":{"line":202,"column":16},"end":{"line":202,"column":33}},"loc":{"start":{"line":202,"column":96},"end":{"line":205,"column":1}},"line":202},"8":{"name":"getTranscodingStreamUrl","decl":{"start":{"line":223,"column":22},"end":{"line":223,"column":45}},"loc":{"start":{"line":223,"column":117},"end":{"line":275,"column":1}},"line":223},"9":{"name":"(anonymous_9)","decl":{"start":{"line":252,"column":6},"end":{"line":252,"column":7}},"loc":{"start":{"line":252,"column":16},"end":{"line":252,"column":93}},"line":252},"10":{"name":"getPosterUrl","decl":{"start":{"line":281,"column":16},"end":{"line":281,"column":28}},"loc":{"start":{"line":281,"column":78},"end":{"line":283,"column":1}},"line":281},"11":{"name":"hasPoster","decl":{"start":{"line":288,"column":16},"end":{"line":288,"column":25}},"loc":{"start":{"line":288,"column":60},"end":{"line":290,"column":1}},"line":288},"12":{"name":"formatDuration","decl":{"start":{"line":298,"column":16},"end":{"line":298,"column":30}},"loc":{"start":{"line":298,"column":54},"end":{"line":309,"column":1}},"line":298},"13":{"name":"fetchVideoDetails","decl":{"start":{"line":314,"column":22},"end":{"line":314,"column":39}},"loc":{"start":{"line":314,"column":91},"end":{"line":355,"column":1}},"line":314},"14":{"name":"(anonymous_14)","decl":{"start":{"line":319,"column":34},"end":{"line":319,"column":35}},"loc":{"start":{"line":319,"column":46},"end":{"line":350,"column":5}},"line":319},"15":{"name":"(anonymous_15)","decl":{"start":{"line":323,"column":35},"end":{"line":323,"column":36}},"loc":{"start":{"line":323,"column":41},"end":{"line":323,"column":59}},"line":323},"16":{"name":"isCodecSupported","decl":{"start":{"line":371,"column":16},"end":{"line":371,"column":32}},"loc":{"start":{"line":371,"column":57},"end":{"line":415,"column":1}},"line":371},"17":{"name":"isAudioOnly","decl":{"start":{"line":421,"column":16},"end":{"line":421,"column":27}},"loc":{"start":{"line":421,"column":74},"end":{"line":432,"column":1}},"line":421},"18":{"name":"(anonymous_18)","decl":{"start":{"line":427,"column":47},"end":{"line":427,"column":48}},"loc":{"start":{"line":427,"column":57},"end":{"line":427,"column":80}},"line":427},"19":{"name":"(anonymous_19)","decl":{"start":{"line":428,"column":47},"end":{"line":428,"column":48}},"loc":{"start":{"line":428,"column":57},"end":{"line":428,"column":80}},"line":428},"20":{"name":"needsTranscoding","decl":{"start":{"line":438,"column":16},"end":{"line":438,"column":32}},"loc":{"start":{"line":438,"column":79},"end":{"line":459,"column":1}},"line":438},"21":{"name":"(anonymous_21)","decl":{"start":{"line":444,"column":50},"end":{"line":444,"column":51}},"loc":{"start":{"line":444,"column":60},"end":{"line":444,"column":83}},"line":444},"22":{"name":"getSubtitleTracks","decl":{"start":{"line":476,"column":16},"end":{"line":476,"column":33}},"loc":{"start":{"line":476,"column":88},"end":{"line":513,"column":1}},"line":476},"23":{"name":"(anonymous_23)","decl":{"start":{"line":482,"column":56},"end":{"line":482,"column":57}},"loc":{"start":{"line":482,"column":66},"end":{"line":482,"column":92}},"line":482},"24":{"name":"getSubtitleUrl","decl":{"start":{"line":521,"column":16},"end":{"line":521,"column":30}},"loc":{"start":{"line":521,"column":100},"end":{"line":528,"column":1}},"line":521}},"branchMap":{"0":{"loc":{"start":{"line":10,"column":19},"end":{"line":10,"column":68}},"type":"binary-expr","locations":[{"start":{"line":10,"column":19},"end":{"line":10,"column":62}},{"start":{"line":10,"column":66},"end":{"line":10,"column":68}}],"line":10},"1":{"loc":{"start":{"line":11,"column":20},"end":{"line":11,"column":70}},"type":"binary-expr","locations":[{"start":{"line":11,"column":20},"end":{"line":11,"column":64}},{"start":{"line":11,"column":68},"end":{"line":11,"column":70}}],"line":11},"2":{"loc":{"start":{"line":12,"column":20},"end":{"line":12,"column":70}},"type":"binary-expr","locations":[{"start":{"line":12,"column":20},"end":{"line":12,"column":64}},{"start":{"line":12,"column":68},"end":{"line":12,"column":70}}],"line":12},"3":{"loc":{"start":{"line":54,"column":4},"end":{"line":67,"column":5}},"type":"if","locations":[{"start":{"line":54,"column":4},"end":{"line":67,"column":5}},{"start":{},"end":{}}],"line":54},"4":{"loc":{"start":{"line":54,"column":8},"end":{"line":54,"column":35}},"type":"binary-expr","locations":[{"start":{"line":54,"column":8},"end":{"line":54,"column":16}},{"start":{"line":54,"column":20},"end":{"line":54,"column":35}}],"line":54},"5":{"loc":{"start":{"line":57,"column":6},"end":{"line":66,"column":7}},"type":"if","locations":[{"start":{"line":57,"column":6},"end":{"line":66,"column":7}},{"start":{"line":64,"column":13},"end":{"line":66,"column":7}}],"line":57},"6":{"loc":{"start":{"line":57,"column":10},"end":{"line":57,"column":65}},"type":"binary-expr","locations":[{"start":{"line":57,"column":10},"end":{"line":57,"column":35}},{"start":{"line":57,"column":39},"end":{"line":57,"column":65}}],"line":57},"7":{"loc":{"start":{"line":59,"column":8},"end":{"line":63,"column":9}},"type":"if","locations":[{"start":{"line":59,"column":8},"end":{"line":63,"column":9}},{"start":{"line":61,"column":15},"end":{"line":63,"column":9}}],"line":59},"8":{"loc":{"start":{"line":71,"column":14},"end":{"line":71,"column":34}},"type":"binary-expr","locations":[{"start":{"line":71,"column":14},"end":{"line":71,"column":20}},{"start":{"line":71,"column":24},"end":{"line":71,"column":34}}],"line":71},"9":{"loc":{"start":{"line":72,"column":14},"end":{"line":72,"column":43}},"type":"binary-expr","locations":[{"start":{"line":72,"column":14},"end":{"line":72,"column":28}},{"start":{"line":72,"column":32},"end":{"line":72,"column":43}}],"line":72},"10":{"loc":{"start":{"line":73,"column":14},"end":{"line":73,"column":43}},"type":"binary-expr","locations":[{"start":{"line":73,"column":14},"end":{"line":73,"column":28}},{"start":{"line":73,"column":32},"end":{"line":73,"column":43}}],"line":73},"11":{"loc":{"start":{"line":80,"column":4},"end":{"line":82,"column":5}},"type":"if","locations":[{"start":{"line":80,"column":4},"end":{"line":82,"column":5}},{"start":{},"end":{}}],"line":80},"12":{"loc":{"start":{"line":80,"column":8},"end":{"line":80,"column":29}},"type":"binary-expr","locations":[{"start":{"line":80,"column":8},"end":{"line":80,"column":15}},{"start":{"line":80,"column":19},"end":{"line":80,"column":29}}],"line":80},"13":{"loc":{"start":{"line":110,"column":25},"end":{"line":110,"column":84}},"type":"cond-expr","locations":[{"start":{"line":110,"column":40},"end":{"line":110,"column":66}},{"start":{"line":110,"column":69},"end":{"line":110,"column":84}}],"line":110},"14":{"loc":{"start":{"line":113,"column":23},"end":{"line":113,"column":114}},"type":"cond-expr","locations":[{"start":{"line":113,"column":84},"end":{"line":113,"column":96}},{"start":{"line":113,"column":99},"end":{"line":113,"column":114}}],"line":113},"15":{"loc":{"start":{"line":113,"column":23},"end":{"line":113,"column":81}},"type":"binary-expr","locations":[{"start":{"line":113,"column":23},"end":{"line":113,"column":40}},{"start":{"line":113,"column":44},"end":{"line":113,"column":81}}],"line":113},"16":{"loc":{"start":{"line":151,"column":4},"end":{"line":155,"column":5}},"type":"if","locations":[{"start":{"line":151,"column":4},"end":{"line":155,"column":5}},{"start":{},"end":{}}],"line":151},"17":{"loc":{"start":{"line":151,"column":8},"end":{"line":151,"column":58}},"type":"binary-expr","locations":[{"start":{"line":151,"column":8},"end":{"line":151,"column":22}},{"start":{"line":151,"column":26},"end":{"line":151,"column":40}},{"start":{"line":151,"column":44},"end":{"line":151,"column":58}}],"line":151},"18":{"loc":{"start":{"line":176,"column":8},"end":{"line":178,"column":9}},"type":"if","locations":[{"start":{"line":176,"column":8},"end":{"line":178,"column":9}},{"start":{},"end":{}}],"line":176},"19":{"loc":{"start":{"line":181,"column":15},"end":{"line":181,"column":31}},"type":"binary-expr","locations":[{"start":{"line":181,"column":15},"end":{"line":181,"column":25}},{"start":{"line":181,"column":29},"end":{"line":181,"column":31}}],"line":181},"20":{"loc":{"start":{"line":184,"column":8},"end":{"line":186,"column":9}},"type":"if","locations":[{"start":{"line":184,"column":8},"end":{"line":186,"column":9}},{"start":{},"end":{}}],"line":184},"21":{"loc":{"start":{"line":184,"column":12},"end":{"line":184,"column":65}},"type":"binary-expr","locations":[{"start":{"line":184,"column":12},"end":{"line":184,"column":34}},{"start":{"line":184,"column":38},"end":{"line":184,"column":65}}],"line":184},"22":{"loc":{"start":{"line":250,"column":2},"end":{"line":272,"column":3}},"type":"if","locations":[{"start":{"line":250,"column":2},"end":{"line":272,"column":3}},{"start":{},"end":{}}],"line":250},"23":{"loc":{"start":{"line":250,"column":6},"end":{"line":250,"column":41}},"type":"binary-expr","locations":[{"start":{"line":250,"column":6},"end":{"line":250,"column":15}},{"start":{"line":250,"column":19},"end":{"line":250,"column":41}}],"line":250},"24":{"loc":{"start":{"line":252,"column":16},"end":{"line":252,"column":93}},"type":"binary-expr","locations":[{"start":{"line":252,"column":16},"end":{"line":252,"column":42}},{"start":{"line":252,"column":46},"end":{"line":252,"column":63}},{"start":{"line":252,"column":67},"end":{"line":252,"column":93}}],"line":252},"25":{"loc":{"start":{"line":255,"column":4},"end":{"line":271,"column":5}},"type":"if","locations":[{"start":{"line":255,"column":4},"end":{"line":271,"column":5}},{"start":{"line":265,"column":11},"end":{"line":271,"column":5}}],"line":255},"26":{"loc":{"start":{"line":281,"column":45},"end":{"line":281,"column":68}},"type":"default-arg","locations":[{"start":{"line":281,"column":65},"end":{"line":281,"column":68}}],"line":281},"27":{"loc":{"start":{"line":304,"column":2},"end":{"line":308,"column":3}},"type":"if","locations":[{"start":{"line":304,"column":2},"end":{"line":308,"column":3}},{"start":{"line":306,"column":9},"end":{"line":308,"column":3}}],"line":304},"28":{"loc":{"start":{"line":337,"column":8},"end":{"line":339,"column":9}},"type":"if","locations":[{"start":{"line":337,"column":8},"end":{"line":339,"column":9}},{"start":{},"end":{}}],"line":337},"29":{"loc":{"start":{"line":345,"column":8},"end":{"line":347,"column":9}},"type":"if","locations":[{"start":{"line":345,"column":8},"end":{"line":347,"column":9}},{"start":{},"end":{}}],"line":345},"30":{"loc":{"start":{"line":345,"column":12},"end":{"line":345,"column":65}},"type":"binary-expr","locations":[{"start":{"line":345,"column":12},"end":{"line":345,"column":34}},{"start":{"line":345,"column":38},"end":{"line":345,"column":65}}],"line":345},"31":{"loc":{"start":{"line":375,"column":2},"end":{"line":377,"column":3}},"type":"if","locations":[{"start":{"line":375,"column":2},"end":{"line":377,"column":3}},{"start":{},"end":{}}],"line":375},"32":{"loc":{"start":{"line":375,"column":6},"end":{"line":375,"column":63}},"type":"binary-expr","locations":[{"start":{"line":375,"column":6},"end":{"line":375,"column":33}},{"start":{"line":375,"column":37},"end":{"line":375,"column":63}}],"line":375},"33":{"loc":{"start":{"line":379,"column":2},"end":{"line":381,"column":3}},"type":"if","locations":[{"start":{"line":379,"column":2},"end":{"line":381,"column":3}},{"start":{},"end":{}}],"line":379},"34":{"loc":{"start":{"line":379,"column":6},"end":{"line":379,"column":64}},"type":"binary-expr","locations":[{"start":{"line":379,"column":6},"end":{"line":379,"column":33}},{"start":{"line":379,"column":37},"end":{"line":379,"column":64}}],"line":379},"35":{"loc":{"start":{"line":384,"column":2},"end":{"line":386,"column":3}},"type":"if","locations":[{"start":{"line":384,"column":2},"end":{"line":386,"column":3}},{"start":{},"end":{}}],"line":384},"36":{"loc":{"start":{"line":384,"column":6},"end":{"line":384,"column":67}},"type":"binary-expr","locations":[{"start":{"line":384,"column":6},"end":{"line":384,"column":34}},{"start":{"line":384,"column":38},"end":{"line":384,"column":67}}],"line":384},"37":{"loc":{"start":{"line":388,"column":2},"end":{"line":390,"column":3}},"type":"if","locations":[{"start":{"line":388,"column":2},"end":{"line":390,"column":3}},{"start":{},"end":{}}],"line":388},"38":{"loc":{"start":{"line":388,"column":6},"end":{"line":388,"column":62}},"type":"binary-expr","locations":[{"start":{"line":388,"column":6},"end":{"line":388,"column":32}},{"start":{"line":388,"column":36},"end":{"line":388,"column":62}}],"line":388},"39":{"loc":{"start":{"line":392,"column":2},"end":{"line":394,"column":3}},"type":"if","locations":[{"start":{"line":392,"column":2},"end":{"line":394,"column":3}},{"start":{},"end":{}}],"line":392},"40":{"loc":{"start":{"line":396,"column":2},"end":{"line":398,"column":3}},"type":"if","locations":[{"start":{"line":396,"column":2},"end":{"line":398,"column":3}},{"start":{},"end":{}}],"line":396},"41":{"loc":{"start":{"line":396,"column":6},"end":{"line":396,"column":62}},"type":"binary-expr","locations":[{"start":{"line":396,"column":6},"end":{"line":396,"column":32}},{"start":{"line":396,"column":36},"end":{"line":396,"column":62}}],"line":396},"42":{"loc":{"start":{"line":400,"column":2},"end":{"line":402,"column":3}},"type":"if","locations":[{"start":{"line":400,"column":2},"end":{"line":402,"column":3}},{"start":{},"end":{}}],"line":400},"43":{"loc":{"start":{"line":404,"column":2},"end":{"line":406,"column":3}},"type":"if","locations":[{"start":{"line":404,"column":2},"end":{"line":406,"column":3}},{"start":{},"end":{}}],"line":404},"44":{"loc":{"start":{"line":404,"column":6},"end":{"line":404,"column":64}},"type":"binary-expr","locations":[{"start":{"line":404,"column":6},"end":{"line":404,"column":33}},{"start":{"line":404,"column":37},"end":{"line":404,"column":64}}],"line":404},"45":{"loc":{"start":{"line":422,"column":2},"end":{"line":424,"column":3}},"type":"if","locations":[{"start":{"line":422,"column":2},"end":{"line":424,"column":3}},{"start":{},"end":{}}],"line":422},"46":{"loc":{"start":{"line":422,"column":6},"end":{"line":422,"column":43}},"type":"binary-expr","locations":[{"start":{"line":422,"column":6},"end":{"line":422,"column":16}},{"start":{"line":422,"column":20},"end":{"line":422,"column":43}}],"line":422},"47":{"loc":{"start":{"line":431,"column":9},"end":{"line":431,"column":30}},"type":"binary-expr","locations":[{"start":{"line":431,"column":9},"end":{"line":431,"column":18}},{"start":{"line":431,"column":22},"end":{"line":431,"column":30}}],"line":431},"48":{"loc":{"start":{"line":439,"column":2},"end":{"line":441,"column":3}},"type":"if","locations":[{"start":{"line":439,"column":2},"end":{"line":441,"column":3}},{"start":{},"end":{}}],"line":439},"49":{"loc":{"start":{"line":439,"column":6},"end":{"line":439,"column":43}},"type":"binary-expr","locations":[{"start":{"line":439,"column":6},"end":{"line":439,"column":16}},{"start":{"line":439,"column":20},"end":{"line":439,"column":43}}],"line":439},"50":{"loc":{"start":{"line":446,"column":2},"end":{"line":448,"column":3}},"type":"if","locations":[{"start":{"line":446,"column":2},"end":{"line":448,"column":3}},{"start":{},"end":{}}],"line":446},"51":{"loc":{"start":{"line":446,"column":6},"end":{"line":446,"column":40}},"type":"binary-expr","locations":[{"start":{"line":446,"column":6},"end":{"line":446,"column":18}},{"start":{"line":446,"column":22},"end":{"line":446,"column":40}}],"line":446},"52":{"loc":{"start":{"line":477,"column":2},"end":{"line":479,"column":3}},"type":"if","locations":[{"start":{"line":477,"column":2},"end":{"line":479,"column":3}},{"start":{},"end":{}}],"line":477},"53":{"loc":{"start":{"line":477,"column":6},"end":{"line":477,"column":43}},"type":"binary-expr","locations":[{"start":{"line":477,"column":6},"end":{"line":477,"column":16}},{"start":{"line":477,"column":20},"end":{"line":477,"column":43}}],"line":477},"54":{"loc":{"start":{"line":484,"column":2},"end":{"line":486,"column":3}},"type":"if","locations":[{"start":{"line":484,"column":2},"end":{"line":486,"column":3}},{"start":{},"end":{}}],"line":484},"55":{"loc":{"start":{"line":493,"column":4},"end":{"line":509,"column":5}},"type":"if","locations":[{"start":{"line":493,"column":4},"end":{"line":509,"column":5}},{"start":{},"end":{}}],"line":493},"56":{"loc":{"start":{"line":493,"column":8},"end":{"line":493,"column":55}},"type":"binary-expr","locations":[{"start":{"line":493,"column":8},"end":{"line":493,"column":25}},{"start":{"line":493,"column":29},"end":{"line":493,"column":55}}],"line":493},"57":{"loc":{"start":{"line":498,"column":18},"end":{"line":498,"column":42}},"type":"binary-expr","locations":[{"start":{"line":498,"column":18},"end":{"line":498,"column":33}},{"start":{"line":498,"column":37},"end":{"line":498,"column":42}}],"line":498},"58":{"loc":{"start":{"line":499,"column":15},"end":{"line":499,"column":66}},"type":"binary-expr","locations":[{"start":{"line":499,"column":15},"end":{"line":499,"column":34}},{"start":{"line":499,"column":38},"end":{"line":499,"column":53}},{"start":{"line":499,"column":57},"end":{"line":499,"column":66}}],"line":499},"59":{"loc":{"start":{"line":521,"column":68},"end":{"line":521,"column":90}},"type":"default-arg","locations":[{"start":{"line":521,"column":85},"end":{"line":521,"column":90}}],"line":521}},"s":{"0":1,"1":1,"2":1,"3":1,"4":1,"5":1,"6":1,"7":1,"8":1,"9":1,"10":1,"11":0,"12":0,"13":0,"14":0,"15":0,"16":0,"17":1,"18":1,"19":1,"20":0,"21":1,"22":0,"23":0,"24":0,"25":0,"26":0,"27":0,"28":0,"29":0,"30":0,"31":0,"32":0,"33":0,"34":1,"35":0,"36":0,"37":0,"38":0,"39":0,"40":0,"41":0,"42":0,"43":0,"44":0,"45":0,"46":0,"47":0,"48":0,"49":0,"50":0,"51":0,"52":0,"53":0,"54":0,"55":0,"56":0,"57":0,"58":0,"59":0,"60":0,"61":0,"62":0,"63":0,"64":0,"65":0,"66":0,"67":0,"68":0,"69":0,"70":0,"71":3,"72":4,"73":4,"74":4,"75":4,"76":4,"77":2,"78":2,"79":0,"80":0,"81":0,"82":0,"83":0,"84":0,"85":0,"86":0,"87":0,"88":0,"89":0,"90":0,"91":0,"92":0,"93":0,"94":0,"95":0,"96":0,"97":0,"98":0,"99":19,"100":19,"101":4,"102":15,"103":3,"104":12,"105":3,"106":9,"107":2,"108":7,"109":1,"110":6,"111":2,"112":4,"113":1,"114":3,"115":2,"116":1,"117":1,"118":3,"119":1,"120":2,"121":2,"122":2,"123":3,"124":2,"125":4,"126":1,"127":3,"128":3,"129":3,"130":1,"131":2,"132":2,"133":2,"134":0,"135":0,"136":0,"137":0,"138":0,"139":0,"140":0,"141":0,"142":0,"143":0,"144":0,"145":0,"146":0,"147":0},"f":{"0":1,"1":0,"2":0,"3":0,"4":0,"5":0,"6":0,"7":0,"8":0,"9":0,"10":0,"11":3,"12":4,"13":0,"14":0,"15":0,"16":19,"17":3,"18":2,"19":3,"20":4,"21":3,"22":0,"23":0,"24":0},"b":{"0":[1,1],"1":[1,1],"2":[1,1],"3":[0,1],"4":[1,0],"5":[0,0],"6":[0,0],"7":[0,0],"8":[1,1],"9":[1,1],"10":[1,1],"11":[0,1],"12":[1,1],"13":[0,0],"14":[0,0],"15":[0,0],"16":[0,0],"17":[0,0,0],"18":[0,0],"19":[0,0],"20":[0,0],"21":[0,0],"22":[0,0],"23":[0,0],"24":[0,0,0],"25":[0,0],"26":[0],"27":[2,2],"28":[0,0],"29":[0,0],"30":[0,0],"31":[4,15],"32":[19,16],"33":[3,12],"34":[15,13],"35":[3,9],"36":[12,10],"37":[2,7],"38":[9,8],"39":[1,6],"40":[2,4],"41":[6,5],"42":[1,3],"43":[2,1],"44":[3,2],"45":[1,2],"46":[3,2],"47":[2,1],"48":[1,3],"49":[4,3],"50":[1,2],"51":[3,2],"52":[0,0],"53":[0,0],"54":[0,0],"55":[0,0],"56":[0,0],"57":[0,0],"58":[0,0,0],"59":[0]},"_coverageSchema":"1a1c01bbd47fc00a2c39e90264f33305004495a9","hash":"c75f637d26b111db722f0d7a0b4f30ea8768f8c6"}
,"/Users/keiverhernandez/wn/utils/logger.ts": {"path":"/Users/keiverhernandez/wn/utils/logger.ts","statementMap":{"0":{"start":{"line":22,"column":4},"end":{"line":22,"column":33}},"1":{"start":{"line":24,"column":4},"end":{"line":24,"column":58}},"2":{"start":{"line":28,"column":31},"end":{"line":28,"column":65}},"3":{"start":{"line":29,"column":30},"end":{"line":29,"column":51}},"4":{"start":{"line":30,"column":26},"end":{"line":30,"column":55}},"5":{"start":{"line":31,"column":4},"end":{"line":31,"column":46}},"6":{"start":{"line":35,"column":22},"end":{"line":35,"column":46}},"7":{"start":{"line":36,"column":23},"end":{"line":36,"column":52}},"8":{"start":{"line":38,"column":27},"end":{"line":38,"column":68}},"9":{"start":{"line":40,"column":4},"end":{"line":42,"column":5}},"10":{"start":{"line":41,"column":6},"end":{"line":41,"column":56}},"11":{"start":{"line":44,"column":4},"end":{"line":44,"column":28}},"12":{"start":{"line":48,"column":4},"end":{"line":50,"column":5}},"13":{"start":{"line":49,"column":6},"end":{"line":49,"column":13}},"14":{"start":{"line":52,"column":29},"end":{"line":52,"column":72}},"15":{"start":{"line":54,"column":4},"end":{"line":68,"column":5}},"16":{"start":{"line":57,"column":8},"end":{"line":57,"column":38}},"17":{"start":{"line":58,"column":8},"end":{"line":58,"column":14}},"18":{"start":{"line":60,"column":8},"end":{"line":60,"column":39}},"19":{"start":{"line":61,"column":8},"end":{"line":61,"column":14}},"20":{"start":{"line":63,"column":8},"end":{"line":63,"column":40}},"21":{"start":{"line":64,"column":8},"end":{"line":66,"column":9}},"22":{"start":{"line":65,"column":10},"end":{"line":65,"column":31}},"23":{"start":{"line":67,"column":8},"end":{"line":67,"column":14}},"24":{"start":{"line":80,"column":4},"end":{"line":80,"column":51}},"25":{"start":{"line":87,"column":4},"end":{"line":87,"column":50}},"26":{"start":{"line":94,"column":4},"end":{"line":94,"column":50}},"27":{"start":{"line":101,"column":4},"end":{"line":101,"column":47}},"28":{"start":{"line":106,"column":22},"end":{"line":106,"column":34}}},"fnMap":{"0":{"name":"(anonymous_0)","decl":{"start":{"line":21,"column":2},"end":{"line":21,"column":3}},"loc":{"start":{"line":21,"column":16},"end":{"line":25,"column":3}},"line":21},"1":{"name":"(anonymous_1)","decl":{"start":{"line":27,"column":2},"end":{"line":27,"column":3}},"loc":{"start":{"line":27,"column":46},"end":{"line":32,"column":3}},"line":27},"2":{"name":"(anonymous_2)","decl":{"start":{"line":34,"column":2},"end":{"line":34,"column":3}},"loc":{"start":{"line":34,"column":88},"end":{"line":45,"column":3}},"line":34},"3":{"name":"(anonymous_3)","decl":{"start":{"line":47,"column":2},"end":{"line":47,"column":3}},"loc":{"start":{"line":47,"column":97},"end":{"line":74,"column":3}},"line":47},"4":{"name":"(anonymous_4)","decl":{"start":{"line":79,"column":2},"end":{"line":79,"column":3}},"loc":{"start":{"line":79,"column":53},"end":{"line":81,"column":3}},"line":79},"5":{"name":"(anonymous_5)","decl":{"start":{"line":86,"column":2},"end":{"line":86,"column":3}},"loc":{"start":{"line":86,"column":52},"end":{"line":88,"column":3}},"line":86},"6":{"name":"(anonymous_6)","decl":{"start":{"line":93,"column":2},"end":{"line":93,"column":3}},"loc":{"start":{"line":93,"column":52},"end":{"line":95,"column":3}},"line":93},"7":{"name":"(anonymous_7)","decl":{"start":{"line":100,"column":2},"end":{"line":100,"column":3}},"loc":{"start":{"line":100,"column":74},"end":{"line":102,"column":3}},"line":100}},"branchMap":{"0":{"loc":{"start":{"line":24,"column":20},"end":{"line":24,"column":57}},"type":"cond-expr","locations":[{"start":{"line":24,"column":41},"end":{"line":24,"column":48}},{"start":{"line":24,"column":51},"end":{"line":24,"column":57}}],"line":24},"1":{"loc":{"start":{"line":40,"column":4},"end":{"line":42,"column":5}},"type":"if","locations":[{"start":{"line":40,"column":4},"end":{"line":42,"column":5}},{"start":{},"end":{}}],"line":40},"2":{"loc":{"start":{"line":40,"column":8},"end":{"line":40,"column":50}},"type":"binary-expr","locations":[{"start":{"line":40,"column":8},"end":{"line":40,"column":15}},{"start":{"line":40,"column":19},"end":{"line":40,"column":50}}],"line":40},"3":{"loc":{"start":{"line":48,"column":4},"end":{"line":50,"column":5}},"type":"if","locations":[{"start":{"line":48,"column":4},"end":{"line":50,"column":5}},{"start":{},"end":{}}],"line":48},"4":{"loc":{"start":{"line":54,"column":4},"end":{"line":68,"column":5}},"type":"switch","locations":[{"start":{"line":55,"column":6},"end":{"line":55,"column":19}},{"start":{"line":56,"column":6},"end":{"line":58,"column":14}},{"start":{"line":59,"column":6},"end":{"line":61,"column":14}},{"start":{"line":62,"column":6},"end":{"line":67,"column":14}}],"line":54},"5":{"loc":{"start":{"line":64,"column":8},"end":{"line":66,"column":9}},"type":"if","locations":[{"start":{"line":64,"column":8},"end":{"line":66,"column":9}},{"start":{},"end":{}}],"line":64}},"s":{"0":3,"1":3,"2":10,"3":10,"4":10,"5":10,"6":10,"7":10,"8":10,"9":10,"10":9,"11":10,"12":10,"13":0,"14":10,"15":10,"16":6,"17":6,"18":2,"19":2,"20":2,"21":2,"22":1,"23":2,"24":3,"25":3,"26":2,"27":2,"28":3},"f":{"0":3,"1":10,"2":10,"3":10,"4":3,"5":3,"6":2,"7":2},"b":{"0":[3,0],"1":[9,1],"2":[10,9],"3":[0,10],"4":[3,6,2,2],"5":[1,1]},"_coverageSchema":"1a1c01bbd47fc00a2c39e90264f33305004495a9","hash":"3a3b0254f43716fd341c64124596743e6bd06ee2"}
,"/Users/keiverhernandez/wn/utils/retry.ts": {"path":"/Users/keiverhernandez/wn/utils/retry.ts","statementMap":{"0":{"start":{"line":16,"column":48},"end":{"line":22,"column":1}},"1":{"start":{"line":28,"column":2},"end":{"line":28,"column":27}},"2":{"start":{"line":28,"column":14},"end":{"line":28,"column":27}},"3":{"start":{"line":30,"column":23},"end":{"line":30,"column":82}},"4":{"start":{"line":32,"column":2},"end":{"line":32,"column":93}},"5":{"start":{"line":32,"column":45},"end":{"line":32,"column":91}},"6":{"start":{"line":39,"column":16},"end":{"line":39,"column":64}},"7":{"start":{"line":40,"column":2},"end":{"line":40,"column":35}},"8":{"start":{"line":47,"column":2},"end":{"line":47,"column":59}},"9":{"start":{"line":47,"column":34},"end":{"line":47,"column":57}},"10":{"start":{"line":68,"column":15},"end":{"line":68,"column":47}},"11":{"start":{"line":71,"column":2},"end":{"line":118,"column":3}},"12":{"start":{"line":71,"column":21},"end":{"line":71,"column":22}},"13":{"start":{"line":72,"column":4},"end":{"line":117,"column":5}},"14":{"start":{"line":73,"column":21},"end":{"line":73,"column":38}},"15":{"start":{"line":75,"column":6},"end":{"line":81,"column":7}},"16":{"start":{"line":76,"column":8},"end":{"line":80,"column":11}},"17":{"start":{"line":83,"column":6},"end":{"line":83,"column":20}},"18":{"start":{"line":85,"column":6},"end":{"line":85,"column":24}},"19":{"start":{"line":87,"column":26},"end":{"line":87,"column":71}},"20":{"start":{"line":88,"column":28},"end":{"line":88,"column":56}},"21":{"start":{"line":90,"column":6},"end":{"line":96,"column":7}},"22":{"start":{"line":91,"column":8},"end":{"line":94,"column":11}},"23":{"start":{"line":95,"column":8},"end":{"line":95,"column":20}},"24":{"start":{"line":98,"column":6},"end":{"line":104,"column":7}},"25":{"start":{"line":99,"column":8},"end":{"line":102,"column":11}},"26":{"start":{"line":103,"column":8},"end":{"line":103,"column":20}},"27":{"start":{"line":106,"column":20},"end":{"line":106,"column":105}},"28":{"start":{"line":108,"column":6},"end":{"line":114,"column":9}},"29":{"start":{"line":116,"column":6},"end":{"line":116,"column":25}},"30":{"start":{"line":121,"column":2},"end":{"line":121,"column":18}}},"fnMap":{"0":{"name":"isRetryableError","decl":{"start":{"line":27,"column":9},"end":{"line":27,"column":25}},"loc":{"start":{"line":27,"column":74},"end":{"line":33,"column":1}},"line":27},"1":{"name":"(anonymous_1)","decl":{"start":{"line":32,"column":30},"end":{"line":32,"column":31}},"loc":{"start":{"line":32,"column":45},"end":{"line":32,"column":91}},"line":32},"2":{"name":"calculateDelay","decl":{"start":{"line":38,"column":9},"end":{"line":38,"column":23}},"loc":{"start":{"line":38,"column":109},"end":{"line":41,"column":1}},"line":38},"3":{"name":"sleep","decl":{"start":{"line":46,"column":9},"end":{"line":46,"column":14}},"loc":{"start":{"line":46,"column":42},"end":{"line":48,"column":1}},"line":46},"4":{"name":"(anonymous_4)","decl":{"start":{"line":47,"column":21},"end":{"line":47,"column":22}},"loc":{"start":{"line":47,"column":34},"end":{"line":47,"column":57}},"line":47},"5":{"name":"retryWithBackoff","decl":{"start":{"line":64,"column":22},"end":{"line":64,"column":38}},"loc":{"start":{"line":67,"column":14},"end":{"line":122,"column":1}},"line":67}},"branchMap":{"0":{"loc":{"start":{"line":28,"column":2},"end":{"line":28,"column":27}},"type":"if","locations":[{"start":{"line":28,"column":2},"end":{"line":28,"column":27}},{"start":{},"end":{}}],"line":28},"1":{"loc":{"start":{"line":30,"column":23},"end":{"line":30,"column":82}},"type":"binary-expr","locations":[{"start":{"line":30,"column":23},"end":{"line":30,"column":51}},{"start":{"line":30,"column":55},"end":{"line":30,"column":82}}],"line":30},"2":{"loc":{"start":{"line":66,"column":2},"end":{"line":66,"column":28}},"type":"default-arg","locations":[{"start":{"line":66,"column":26},"end":{"line":66,"column":28}}],"line":66},"3":{"loc":{"start":{"line":75,"column":6},"end":{"line":81,"column":7}},"type":"if","locations":[{"start":{"line":75,"column":6},"end":{"line":81,"column":7}},{"start":{},"end":{}}],"line":75},"4":{"loc":{"start":{"line":90,"column":6},"end":{"line":96,"column":7}},"type":"if","locations":[{"start":{"line":90,"column":6},"end":{"line":96,"column":7}},{"start":{},"end":{}}],"line":90},"5":{"loc":{"start":{"line":93,"column":17},"end":{"line":93,"column":71}},"type":"cond-expr","locations":[{"start":{"line":93,"column":42},"end":{"line":93,"column":55}},{"start":{"line":93,"column":58},"end":{"line":93,"column":71}}],"line":93},"6":{"loc":{"start":{"line":98,"column":6},"end":{"line":104,"column":7}},"type":"if","locations":[{"start":{"line":98,"column":6},"end":{"line":104,"column":7}},{"start":{},"end":{}}],"line":98},"7":{"loc":{"start":{"line":113,"column":15},"end":{"line":113,"column":69}},"type":"cond-expr","locations":[{"start":{"line":113,"column":40},"end":{"line":113,"column":53}},{"start":{"line":113,"column":56},"end":{"line":113,"column":69}}],"line":113}},"s":{"0":2,"1":2,"2":0,"3":2,"4":2,"5":6,"6":1,"7":1,"8":1,"9":1,"10":3,"11":3,"12":3,"13":4,"14":4,"15":2,"16":1,"17":2,"18":2,"19":2,"20":2,"21":2,"22":1,"23":1,"24":1,"25":0,"26":0,"27":1,"28":1,"29":1,"30":0},"f":{"0":2,"1":6,"2":1,"3":1,"4":1,"5":3},"b":{"0":[0,2],"1":[2,0],"2":[0],"3":[1,1],"4":[1,1],"5":[1,0],"6":[0,1],"7":[1,0]},"_coverageSchema":"1a1c01bbd47fc00a2c39e90264f33305004495a9","hash":"a08f09d0adc592b252420d53020959bb7a1917e2"}
}
