{"/Users/keiverhernandez/wn/hooks/use-color-scheme.ts": {"path":"/Users/keiverhernandez/wn/hooks/use-color-scheme.ts","statementMap":{},"fnMap":{},"branchMap":{},"s":{},"f":{},"b":{}}
,"/Users/keiverhernandez/wn/hooks/use-color-scheme.web.ts": {"path":"/Users/keiverhernandez/wn/hooks/use-color-scheme.web.ts","statementMap":{"0":{"start":{"line":11,"column":40},"end":{"line":11,"column":55}},"1":{"start":{"line":12,"column":40},"end":{"line":12,"column":67}},"2":{"start":{"line":14,"column":2},"end":{"line":38,"column":9}},"3":{"start":{"line":15,"column":4},"end":{"line":15,"column":25}},"4":{"start":{"line":18,"column":4},"end":{"line":20,"column":5}},"5":{"start":{"line":19,"column":6},"end":{"line":19,"column":13}},"6":{"start":{"line":22,"column":23},"end":{"line":22,"column":72}},"7":{"start":{"line":25,"column":4},"end":{"line":25,"column":58}},"8":{"start":{"line":28,"column":25},"end":{"line":30,"column":5}},"9":{"start":{"line":29,"column":6},"end":{"line":29,"column":55}},"10":{"start":{"line":33,"column":4},"end":{"line":33,"column":56}},"11":{"start":{"line":35,"column":4},"end":{"line":37,"column":6}},"12":{"start":{"line":36,"column":6},"end":{"line":36,"column":61}},"13":{"start":{"line":41,"column":2},"end":{"line":43,"column":3}},"14":{"start":{"line":42,"column":4},"end":{"line":42,"column":19}},"15":{"start":{"line":45,"column":2},"end":{"line":45,"column":21}}},"fnMap":{"0":{"name":"useColorScheme","decl":{"start":{"line":10,"column":16},"end":{"line":10,"column":30}},"loc":{"start":{"line":10,"column":46},"end":{"line":46,"column":1}},"line":10},"1":{"name":"(anonymous_1)","decl":{"start":{"line":14,"column":12},"end":{"line":14,"column":13}},"loc":{"start":{"line":14,"column":18},"end":{"line":38,"column":3}},"line":14},"2":{"name":"(anonymous_2)","decl":{"start":{"line":28,"column":25},"end":{"line":28,"column":26}},"loc":{"start":{"line":28,"column":57},"end":{"line":30,"column":5}},"line":28},"3":{"name":"(anonymous_3)","decl":{"start":{"line":35,"column":11},"end":{"line":35,"column":12}},"loc":{"start":{"line":35,"column":17},"end":{"line":37,"column":5}},"line":35}},"branchMap":{"0":{"loc":{"start":{"line":18,"column":4},"end":{"line":20,"column":5}},"type":"if","locations":[{"start":{"line":18,"column":4},"end":{"line":20,"column":5}},{"start":{},"end":{}}],"line":18},"1":{"loc":{"start":{"line":18,"column":8},"end":{"line":18,"column":59}},"type":"binary-expr","locations":[{"start":{"line":18,"column":8},"end":{"line":18,"column":37}},{"start":{"line":18,"column":41},"end":{"line":18,"column":59}}],"line":18},"2":{"loc":{"start":{"line":25,"column":19},"end":{"line":25,"column":56}},"type":"cond-expr","locations":[{"start":{"line":25,"column":40},"end":{"line":25,"column":46}},{"start":{"line":25,"column":49},"end":{"line":25,"column":56}}],"line":25},"3":{"loc":{"start":{"line":29,"column":21},"end":{"line":29,"column":53}},"type":"cond-expr","locations":[{"start":{"line":29,"column":37},"end":{"line":29,"column":43}},{"start":{"line":29,"column":46},"end":{"line":29,"column":53}}],"line":29},"4":{"loc":{"start":{"line":41,"column":2},"end":{"line":43,"column":3}},"type":"if","locations":[{"start":{"line":41,"column":2},"end":{"line":43,"column":3}},{"start":{},"end":{}}],"line":41}},"s":{"0":0,"1":0,"2":0,"3":0,"4":0,"5":0,"6":0,"7":0,"8":0,"9":0,"10":0,"11":0,"12":0,"13":0,"14":0,"15":0},"f":{"0":0,"1":0,"2":0,"3":0},"b":{"0":[0,0],"1":[0,0],"2":[0,0],"3":[0,0],"4":[0,0]}}
,"/Users/keiverhernandez/wn/hooks/useAppStateRefresh.ts": {"path":"/Users/keiverhernandez/wn/hooks/useAppStateRefresh.ts","statementMap":{"0":{"start":{"line":16,"column":19},"end":{"line":16,"column":64}},"1":{"start":{"line":18,"column":2},"end":{"line":42,"column":30}},"2":{"start":{"line":19,"column":33},"end":{"line":32,"column":5}},"3":{"start":{"line":21,"column":6},"end":{"line":30,"column":7}},"4":{"start":{"line":25,"column":8},"end":{"line":28,"column":11}},"5":{"start":{"line":29,"column":8},"end":{"line":29,"column":23}},"6":{"start":{"line":31,"column":6},"end":{"line":31,"column":38}},"7":{"start":{"line":34,"column":25},"end":{"line":37,"column":5}},"8":{"start":{"line":39,"column":4},"end":{"line":41,"column":6}},"9":{"start":{"line":40,"column":6},"end":{"line":40,"column":28}}},"fnMap":{"0":{"name":"useAppStateRefresh","decl":{"start":{"line":12,"column":16},"end":{"line":12,"column":34}},"loc":{"start":{"line":15,"column":8},"end":{"line":43,"column":1}},"line":15},"1":{"name":"(anonymous_1)","decl":{"start":{"line":18,"column":12},"end":{"line":18,"column":13}},"loc":{"start":{"line":18,"column":18},"end":{"line":42,"column":3}},"line":18},"2":{"name":"(anonymous_2)","decl":{"start":{"line":19,"column":33},"end":{"line":19,"column":34}},"loc":{"start":{"line":19,"column":67},"end":{"line":32,"column":5}},"line":19},"3":{"name":"(anonymous_3)","decl":{"start":{"line":39,"column":11},"end":{"line":39,"column":12}},"loc":{"start":{"line":39,"column":17},"end":{"line":41,"column":5}},"line":39}},"branchMap":{"0":{"loc":{"start":{"line":21,"column":6},"end":{"line":30,"column":7}},"type":"if","locations":[{"start":{"line":21,"column":6},"end":{"line":30,"column":7}},{"start":{},"end":{}}],"line":21},"1":{"loc":{"start":{"line":22,"column":8},"end":{"line":23,"column":33}},"type":"binary-expr","locations":[{"start":{"line":22,"column":8},"end":{"line":22,"column":53}},{"start":{"line":23,"column":8},"end":{"line":23,"column":33}}],"line":22}},"s":{"0":0,"1":0,"2":0,"3":0,"4":0,"5":0,"6":0,"7":0,"8":0,"9":0},"f":{"0":0,"1":0,"2":0,"3":0},"b":{"0":[0,0],"1":[0,0]}}
,"/Users/keiverhernandez/wn/hooks/useVideoPlayback.ts": {"path":"/Users/keiverhernandez/wn/hooks/useVideoPlayback.ts","statementMap":{"0":{"start":{"line":24,"column":74},"end":{"line":63,"column":1}},"1":{"start":{"line":70,"column":2},"end":{"line":70,"column":47}},"2":{"start":{"line":70,"column":14},"end":{"line":70,"column":47}},"3":{"start":{"line":74,"column":2},"end":{"line":80,"column":3}},"4":{"start":{"line":75,"column":4},"end":{"line":75,"column":33}},"5":{"start":{"line":76,"column":9},"end":{"line":80,"column":3}},"6":{"start":{"line":77,"column":4},"end":{"line":77,"column":67}},"7":{"start":{"line":79,"column":4},"end":{"line":79,"column":33}},"8":{"start":{"line":82,"column":2},"end":{"line":86,"column":3}},"9":{"start":{"line":83,"column":4},"end":{"line":85,"column":5}},"10":{"start":{"line":83,"column":33},"end":{"line":83,"column":59}},"11":{"start":{"line":84,"column":6},"end":{"line":84,"column":18}},"12":{"start":{"line":88,"column":2},"end":{"line":88,"column":35}},"13":{"start":{"line":95,"column":2},"end":{"line":111,"column":3}},"14":{"start":{"line":97,"column":6},"end":{"line":97,"column":41}},"15":{"start":{"line":99,"column":6},"end":{"line":99,"column":69}},"16":{"start":{"line":101,"column":6},"end":{"line":101,"column":52}},"17":{"start":{"line":103,"column":6},"end":{"line":103,"column":63}},"18":{"start":{"line":105,"column":6},"end":{"line":105,"column":83}},"19":{"start":{"line":107,"column":6},"end":{"line":107,"column":71}},"20":{"start":{"line":110,"column":6},"end":{"line":110,"column":89}},"21":{"start":{"line":192,"column":2},"end":{"line":196,"column":5}},"22":{"start":{"line":198,"column":2},"end":{"line":250,"column":3}},"23":{"start":{"line":200,"column":6},"end":{"line":200,"column":43}},"24":{"start":{"line":203,"column":6},"end":{"line":208,"column":8}},"25":{"start":{"line":211,"column":6},"end":{"line":211,"column":57}},"26":{"start":{"line":211,"column":44},"end":{"line":211,"column":57}},"27":{"start":{"line":212,"column":6},"end":{"line":216,"column":8}},"28":{"start":{"line":219,"column":6},"end":{"line":219,"column":61}},"29":{"start":{"line":219,"column":48},"end":{"line":219,"column":61}},"30":{"start":{"line":220,"column":6},"end":{"line":223,"column":8}},"31":{"start":{"line":226,"column":6},"end":{"line":226,"column":75}},"32":{"start":{"line":226,"column":62},"end":{"line":226,"column":75}},"33":{"start":{"line":227,"column":6},"end":{"line":230,"column":8}},"34":{"start":{"line":233,"column":23},"end":{"line":233,"column":76}},"35":{"start":{"line":234,"column":23},"end":{"line":234,"column":70}},"36":{"start":{"line":235,"column":6},"end":{"line":239,"column":8}},"37":{"start":{"line":243,"column":6},"end":{"line":243,"column":30}},"38":{"start":{"line":246,"column":6},"end":{"line":246,"column":43}},"39":{"start":{"line":249,"column":6},"end":{"line":249,"column":19}},"40":{"start":{"line":258,"column":37},"end":{"line":258,"column":43}},"41":{"start":{"line":261,"column":28},"end":{"line":261,"column":76}},"42":{"start":{"line":264,"column":42},"end":{"line":264,"column":82}},"43":{"start":{"line":265,"column":56},"end":{"line":265,"column":71}},"44":{"start":{"line":266,"column":68},"end":{"line":266,"column":83}},"45":{"start":{"line":270,"column":23},"end":{"line":270,"column":32}},"46":{"start":{"line":277,"column":31},"end":{"line":277,"column":44}},"47":{"start":{"line":278,"column":23},"end":{"line":278,"column":35}},"48":{"start":{"line":279,"column":27},"end":{"line":279,"column":77}},"49":{"start":{"line":280,"column":33},"end":{"line":280,"column":83}},"50":{"start":{"line":283,"column":23},"end":{"line":283,"column":36}},"51":{"start":{"line":284,"column":30},"end":{"line":284,"column":47}},"52":{"start":{"line":285,"column":31},"end":{"line":285,"column":44}},"53":{"start":{"line":288,"column":25},"end":{"line":288,"column":55}},"54":{"start":{"line":289,"column":27},"end":{"line":289,"column":48}},"55":{"start":{"line":290,"column":2},"end":{"line":290,"column":43}},"56":{"start":{"line":293,"column":52},"end":{"line":293,"column":67}},"57":{"start":{"line":298,"column":24},"end":{"line":386,"column":36}},"58":{"start":{"line":300,"column":29},"end":{"line":300,"column":49}},"59":{"start":{"line":302,"column":4},"end":{"line":302,"column":114}},"60":{"start":{"line":304,"column":4},"end":{"line":385,"column":5}},"61":{"start":{"line":305,"column":22},"end":{"line":305,"column":54}},"62":{"start":{"line":308,"column":6},"end":{"line":315,"column":7}},"63":{"start":{"line":309,"column":8},"end":{"line":313,"column":11}},"64":{"start":{"line":314,"column":8},"end":{"line":314,"column":15}},"65":{"start":{"line":317,"column":6},"end":{"line":319,"column":7}},"66":{"start":{"line":318,"column":8},"end":{"line":318,"column":58}},"67":{"start":{"line":321,"column":6},"end":{"line":321,"column":31}},"68":{"start":{"line":324,"column":24},"end":{"line":324,"column":44}},"69":{"start":{"line":325,"column":6},"end":{"line":327,"column":7}},"70":{"start":{"line":326,"column":8},"end":{"line":326,"column":105}},"71":{"start":{"line":330,"column":34},"end":{"line":330,"column":79}},"72":{"start":{"line":333,"column":24},"end":{"line":333,"column":50}},"73":{"start":{"line":334,"column":30},"end":{"line":334,"column":50}},"74":{"start":{"line":337,"column":39},"end":{"line":337,"column":47}},"75":{"start":{"line":339,"column":6},"end":{"line":356,"column":7}},"76":{"start":{"line":340,"column":8},"end":{"line":340,"column":35}},"77":{"start":{"line":342,"column":8},"end":{"line":344,"column":9}},"78":{"start":{"line":343,"column":10},"end":{"line":343,"column":97}},"79":{"start":{"line":345,"column":8},"end":{"line":350,"column":9}},"80":{"start":{"line":346,"column":10},"end":{"line":349,"column":13}},"81":{"start":{"line":351,"column":8},"end":{"line":353,"column":9}},"82":{"start":{"line":352,"column":10},"end":{"line":352,"column":84}},"83":{"start":{"line":355,"column":8},"end":{"line":355,"column":74}},"84":{"start":{"line":359,"column":6},"end":{"line":359,"column":44}},"85":{"start":{"line":361,"column":6},"end":{"line":366,"column":9}},"86":{"start":{"line":368,"column":6},"end":{"line":370,"column":7}},"87":{"start":{"line":369,"column":8},"end":{"line":369,"column":37}},"88":{"start":{"line":372,"column":6},"end":{"line":372,"column":93}},"89":{"start":{"line":375,"column":24},"end":{"line":375,"column":50}},"90":{"start":{"line":376,"column":30},"end":{"line":376,"column":76}},"91":{"start":{"line":377,"column":27},"end":{"line":377,"column":78}},"92":{"start":{"line":379,"column":6},"end":{"line":384,"column":9}},"93":{"start":{"line":391,"column":33},"end":{"line":422,"column":29}},"94":{"start":{"line":392,"column":4},"end":{"line":397,"column":5}},"95":{"start":{"line":393,"column":6},"end":{"line":395,"column":9}},"96":{"start":{"line":396,"column":6},"end":{"line":396,"column":13}},"97":{"start":{"line":400,"column":28},"end":{"line":400,"column":50}},"98":{"start":{"line":401,"column":4},"end":{"line":401,"column":57}},"99":{"start":{"line":403,"column":4},"end":{"line":407,"column":7}},"100":{"start":{"line":410,"column":4},"end":{"line":410,"column":20}},"101":{"start":{"line":413,"column":4},"end":{"line":413,"column":33}},"102":{"start":{"line":414,"column":4},"end":{"line":414,"column":41}},"103":{"start":{"line":415,"column":4},"end":{"line":415,"column":32}},"104":{"start":{"line":418,"column":4},"end":{"line":418,"column":47}},"105":{"start":{"line":421,"column":4},"end":{"line":421,"column":55}},"106":{"start":{"line":427,"column":36},"end":{"line":427,"column":65}},"107":{"start":{"line":432,"column":2},"end":{"line":565,"column":44}},"108":{"start":{"line":433,"column":4},"end":{"line":433,"column":49}},"109":{"start":{"line":433,"column":42},"end":{"line":433,"column":49}},"110":{"start":{"line":435,"column":30},"end":{"line":435,"column":35}},"111":{"start":{"line":437,"column":29},"end":{"line":437,"column":49}},"112":{"start":{"line":439,"column":30},"end":{"line":562,"column":5}},"113":{"start":{"line":440,"column":6},"end":{"line":561,"column":7}},"114":{"start":{"line":443,"column":8},"end":{"line":495,"column":9}},"115":{"start":{"line":445,"column":40},"end":{"line":445,"column":83}},"116":{"start":{"line":449,"column":32},"end":{"line":449,"column":113}},"117":{"start":{"line":451,"column":10},"end":{"line":488,"column":11}},"118":{"start":{"line":453,"column":12},"end":{"line":456,"column":15}},"119":{"start":{"line":459,"column":28},"end":{"line":459,"column":75}},"120":{"start":{"line":462,"column":33},"end":{"line":462,"column":50}},"121":{"start":{"line":464,"column":12},"end":{"line":469,"column":14}},"122":{"start":{"line":472,"column":12},"end":{"line":472,"column":48}},"123":{"start":{"line":476,"column":37},"end":{"line":476,"column":84}},"124":{"start":{"line":477,"column":12},"end":{"line":477,"column":84}},"125":{"start":{"line":480,"column":12},"end":{"line":480,"column":49}},"126":{"start":{"line":482,"column":12},"end":{"line":487,"column":13}},"127":{"start":{"line":483,"column":14},"end":{"line":486,"column":17}},"128":{"start":{"line":491,"column":10},"end":{"line":491,"column":43}},"129":{"start":{"line":494,"column":10},"end":{"line":494,"column":47}},"130":{"start":{"line":498,"column":8},"end":{"line":501,"column":9}},"131":{"start":{"line":499,"column":10},"end":{"line":499,"column":94}},"132":{"start":{"line":500,"column":10},"end":{"line":500,"column":17}},"133":{"start":{"line":503,"column":8},"end":{"line":508,"column":11}},"134":{"start":{"line":510,"column":8},"end":{"line":512,"column":9}},"135":{"start":{"line":511,"column":10},"end":{"line":511,"column":59}},"136":{"start":{"line":514,"column":8},"end":{"line":514,"column":26}},"137":{"start":{"line":515,"column":8},"end":{"line":515,"column":61}},"138":{"start":{"line":518,"column":8},"end":{"line":544,"column":9}},"139":{"start":{"line":519,"column":28},"end":{"line":519,"column":54}},"140":{"start":{"line":520,"column":30},"end":{"line":520,"column":53}},"141":{"start":{"line":526,"column":10},"end":{"line":533,"column":11}},"142":{"start":{"line":527,"column":12},"end":{"line":527,"column":81}},"143":{"start":{"line":527,"column":68},"end":{"line":527,"column":79}},"144":{"start":{"line":528,"column":12},"end":{"line":532,"column":15}},"145":{"start":{"line":531,"column":43},"end":{"line":531,"column":87}},"146":{"start":{"line":535,"column":10},"end":{"line":543,"column":11}},"147":{"start":{"line":536,"column":12},"end":{"line":542,"column":15}},"148":{"start":{"line":540,"column":52},"end":{"line":540,"column":62}},"149":{"start":{"line":541,"column":51},"end":{"line":541,"column":61}},"150":{"start":{"line":547,"column":8},"end":{"line":549,"column":9}},"151":{"start":{"line":548,"column":10},"end":{"line":548,"column":17}},"152":{"start":{"line":551,"column":8},"end":{"line":551,"column":92}},"153":{"start":{"line":553,"column":8},"end":{"line":560,"column":11}},"154":{"start":{"line":564,"column":4},"end":{"line":564,"column":24}},"155":{"start":{"line":570,"column":19},"end":{"line":570,"column":41}},"156":{"start":{"line":576,"column":30},"end":{"line":576,"column":44}},"157":{"start":{"line":577,"column":25},"end":{"line":577,"column":34}},"158":{"start":{"line":578,"column":22},"end":{"line":578,"column":31}},"159":{"start":{"line":579,"column":23},"end":{"line":579,"column":36}},"160":{"start":{"line":582,"column":37},"end":{"line":582,"column":64}},"161":{"start":{"line":585,"column":31},"end":{"line":585,"column":51}},"162":{"start":{"line":588,"column":37},"end":{"line":588,"column":64}},"163":{"start":{"line":591,"column":31},"end":{"line":591,"column":53}},"164":{"start":{"line":594,"column":35},"end":{"line":594,"column":53}},"165":{"start":{"line":595,"column":34},"end":{"line":595,"column":52}},"166":{"start":{"line":602,"column":17},"end":{"line":689,"column":27}},"167":{"start":{"line":603,"column":4},"end":{"line":603,"column":38}},"168":{"start":{"line":603,"column":31},"end":{"line":603,"column":38}},"169":{"start":{"line":605,"column":4},"end":{"line":605,"column":40}},"170":{"start":{"line":607,"column":4},"end":{"line":610,"column":7}},"171":{"start":{"line":613,"column":25},"end":{"line":613,"column":59}},"172":{"start":{"line":614,"column":4},"end":{"line":637,"column":5}},"173":{"start":{"line":615,"column":6},"end":{"line":618,"column":9}},"174":{"start":{"line":621,"column":6},"end":{"line":636,"column":14}},"175":{"start":{"line":622,"column":8},"end":{"line":622,"column":45}},"176":{"start":{"line":623,"column":8},"end":{"line":623,"column":50}},"177":{"start":{"line":626,"column":8},"end":{"line":626,"column":25}},"178":{"start":{"line":630,"column":8},"end":{"line":630,"column":50}},"179":{"start":{"line":632,"column":8},"end":{"line":635,"column":11}},"180":{"start":{"line":640,"column":4},"end":{"line":643,"column":7}},"181":{"start":{"line":641,"column":6},"end":{"line":641,"column":40}},"182":{"start":{"line":641,"column":33},"end":{"line":641,"column":40}},"183":{"start":{"line":642,"column":6},"end":{"line":642,"column":41}},"184":{"start":{"line":646,"column":4},"end":{"line":688,"column":5}},"185":{"start":{"line":647,"column":6},"end":{"line":647,"column":76}},"186":{"start":{"line":650,"column":6},"end":{"line":652,"column":7}},"187":{"start":{"line":651,"column":8},"end":{"line":651,"column":47}},"188":{"start":{"line":655,"column":6},"end":{"line":687,"column":14}},"189":{"start":{"line":656,"column":8},"end":{"line":659,"column":9}},"190":{"start":{"line":657,"column":10},"end":{"line":657,"column":99}},"191":{"start":{"line":658,"column":10},"end":{"line":658,"column":17}},"192":{"start":{"line":661,"column":8},"end":{"line":684,"column":11}},"193":{"start":{"line":662,"column":10},"end":{"line":662,"column":44}},"194":{"start":{"line":662,"column":37},"end":{"line":662,"column":44}},"195":{"start":{"line":664,"column":10},"end":{"line":683,"column":11}},"196":{"start":{"line":665,"column":12},"end":{"line":665,"column":80}},"197":{"start":{"line":666,"column":12},"end":{"line":666,"column":29}},"198":{"start":{"line":668,"column":12},"end":{"line":668,"column":48}},"199":{"start":{"line":670,"column":12},"end":{"line":670,"column":87}},"200":{"start":{"line":672,"column":12},"end":{"line":682,"column":15}},"201":{"start":{"line":673,"column":14},"end":{"line":673,"column":48}},"202":{"start":{"line":673,"column":41},"end":{"line":673,"column":48}},"203":{"start":{"line":674,"column":14},"end":{"line":681,"column":17}},"204":{"start":{"line":686,"column":8},"end":{"line":686,"column":40}},"205":{"start":{"line":692,"column":21},"end":{"line":737,"column":35}},"206":{"start":{"line":693,"column":4},"end":{"line":693,"column":38}},"207":{"start":{"line":693,"column":31},"end":{"line":693,"column":38}},"208":{"start":{"line":695,"column":4},"end":{"line":695,"column":46}},"209":{"start":{"line":698,"column":23},"end":{"line":698,"column":30}},"210":{"start":{"line":699,"column":23},"end":{"line":699,"column":43}},"211":{"start":{"line":701,"column":4},"end":{"line":736,"column":5}},"212":{"start":{"line":702,"column":6},"end":{"line":702,"column":40}},"213":{"start":{"line":704,"column":6},"end":{"line":735,"column":7}},"214":{"start":{"line":706,"column":8},"end":{"line":728,"column":9}},"215":{"start":{"line":707,"column":10},"end":{"line":710,"column":13}},"216":{"start":{"line":708,"column":12},"end":{"line":708,"column":46}},"217":{"start":{"line":708,"column":39},"end":{"line":708,"column":46}},"218":{"start":{"line":709,"column":12},"end":{"line":709,"column":49}},"219":{"start":{"line":713,"column":10},"end":{"line":715,"column":11}},"220":{"start":{"line":714,"column":12},"end":{"line":714,"column":57}},"221":{"start":{"line":717,"column":10},"end":{"line":727,"column":18}},"222":{"start":{"line":718,"column":12},"end":{"line":726,"column":13}},"223":{"start":{"line":719,"column":14},"end":{"line":719,"column":104}},"224":{"start":{"line":720,"column":14},"end":{"line":720,"column":50}},"225":{"start":{"line":721,"column":14},"end":{"line":724,"column":17}},"226":{"start":{"line":722,"column":16},"end":{"line":722,"column":50}},"227":{"start":{"line":722,"column":43},"end":{"line":722,"column":50}},"228":{"start":{"line":723,"column":16},"end":{"line":723,"column":43}},"229":{"start":{"line":725,"column":14},"end":{"line":725,"column":52}},"230":{"start":{"line":731,"column":8},"end":{"line":734,"column":9}},"231":{"start":{"line":732,"column":10},"end":{"line":732,"column":55}},"232":{"start":{"line":733,"column":10},"end":{"line":733,"column":48}},"233":{"start":{"line":740,"column":16},"end":{"line":748,"column":8}},"234":{"start":{"line":741,"column":4},"end":{"line":741,"column":38}},"235":{"start":{"line":741,"column":31},"end":{"line":741,"column":38}},"236":{"start":{"line":743,"column":4},"end":{"line":743,"column":94}},"237":{"start":{"line":744,"column":4},"end":{"line":747,"column":7}},"238":{"start":{"line":745,"column":6},"end":{"line":745,"column":40}},"239":{"start":{"line":745,"column":33},"end":{"line":745,"column":40}},"240":{"start":{"line":746,"column":6},"end":{"line":746,"column":35}},"241":{"start":{"line":751,"column":18},"end":{"line":851,"column":54}},"242":{"start":{"line":752,"column":4},"end":{"line":752,"column":38}},"243":{"start":{"line":752,"column":31},"end":{"line":752,"column":38}},"244":{"start":{"line":754,"column":24},"end":{"line":754,"column":46}},"245":{"start":{"line":755,"column":35},"end":{"line":755,"column":83}},"246":{"start":{"line":758,"column":22},"end":{"line":758,"column":56}},"247":{"start":{"line":761,"column":6},"end":{"line":764,"column":31}},"248":{"start":{"line":766,"column":4},"end":{"line":771,"column":7}},"249":{"start":{"line":774,"column":23},"end":{"line":774,"column":67}},"250":{"start":{"line":776,"column":4},"end":{"line":830,"column":5}},"251":{"start":{"line":777,"column":6},"end":{"line":780,"column":9}},"252":{"start":{"line":783,"column":6},"end":{"line":827,"column":11}},"253":{"start":{"line":784,"column":8},"end":{"line":814,"column":9}},"254":{"start":{"line":785,"column":29},"end":{"line":785,"column":47}},"255":{"start":{"line":786,"column":10},"end":{"line":809,"column":11}},"256":{"start":{"line":787,"column":12},"end":{"line":789,"column":15}},"257":{"start":{"line":792,"column":12},"end":{"line":792,"column":45}},"258":{"start":{"line":793,"column":12},"end":{"line":793,"column":34}},"259":{"start":{"line":795,"column":12},"end":{"line":797,"column":15}},"260":{"start":{"line":800,"column":12},"end":{"line":800,"column":47}},"261":{"start":{"line":803,"column":12},"end":{"line":806,"column":15}},"262":{"start":{"line":804,"column":14},"end":{"line":804,"column":48}},"263":{"start":{"line":804,"column":41},"end":{"line":804,"column":48}},"264":{"start":{"line":805,"column":14},"end":{"line":805,"column":42}},"265":{"start":{"line":808,"column":12},"end":{"line":808,"column":19}},"266":{"start":{"line":811,"column":10},"end":{"line":813,"column":13}},"267":{"start":{"line":817,"column":29},"end":{"line":817,"column":80}},"268":{"start":{"line":818,"column":8},"end":{"line":826,"column":11}},"269":{"start":{"line":819,"column":10},"end":{"line":819,"column":44}},"270":{"start":{"line":819,"column":37},"end":{"line":819,"column":44}},"271":{"start":{"line":820,"column":10},"end":{"line":825,"column":13}},"272":{"start":{"line":829,"column":6},"end":{"line":829,"column":13}},"273":{"start":{"line":833,"column":4},"end":{"line":837,"column":5}},"274":{"start":{"line":834,"column":6},"end":{"line":834,"column":109}},"275":{"start":{"line":836,"column":6},"end":{"line":836,"column":77}},"276":{"start":{"line":839,"column":25},"end":{"line":839,"column":76}},"277":{"start":{"line":842,"column":4},"end":{"line":850,"column":7}},"278":{"start":{"line":843,"column":6},"end":{"line":843,"column":40}},"279":{"start":{"line":843,"column":33},"end":{"line":843,"column":40}},"280":{"start":{"line":844,"column":6},"end":{"line":849,"column":9}},"281":{"start":{"line":854,"column":24},"end":{"line":940,"column":30}},"282":{"start":{"line":855,"column":4},"end":{"line":855,"column":38}},"283":{"start":{"line":855,"column":31},"end":{"line":855,"column":38}},"284":{"start":{"line":858,"column":27},"end":{"line":861,"column":6}},"285":{"start":{"line":860,"column":43},"end":{"line":860,"column":53}},"286":{"start":{"line":863,"column":4},"end":{"line":870,"column":5}},"287":{"start":{"line":864,"column":6},"end":{"line":864,"column":56}},"288":{"start":{"line":865,"column":6},"end":{"line":869,"column":9}},"289":{"start":{"line":868,"column":45},"end":{"line":868,"column":55}},"290":{"start":{"line":874,"column":4},"end":{"line":876,"column":5}},"291":{"start":{"line":875,"column":6},"end":{"line":875,"column":13}},"292":{"start":{"line":879,"column":26},"end":{"line":879,"column":64}},"293":{"start":{"line":879,"column":53},"end":{"line":879,"column":63}},"294":{"start":{"line":880,"column":4},"end":{"line":939,"column":5}},"295":{"start":{"line":881,"column":23},"end":{"line":881,"column":42}},"296":{"start":{"line":882,"column":28},"end":{"line":882,"column":62}},"297":{"start":{"line":889,"column":32},"end":{"line":889,"column":60}},"298":{"start":{"line":891,"column":6},"end":{"line":927,"column":7}},"299":{"start":{"line":893,"column":36},"end":{"line":893,"column":74}},"300":{"start":{"line":895,"column":8},"end":{"line":917,"column":9}},"301":{"start":{"line":896,"column":10},"end":{"line":903,"column":13}},"302":{"start":{"line":906,"column":10},"end":{"line":906,"column":54}},"303":{"start":{"line":910,"column":10},"end":{"line":910,"column":17}},"304":{"start":{"line":912,"column":10},"end":{"line":916,"column":13}},"305":{"start":{"line":918,"column":13},"end":{"line":927,"column":7}},"306":{"start":{"line":920,"column":8},"end":{"line":926,"column":11}},"307":{"start":{"line":931,"column":6},"end":{"line":938,"column":7}},"308":{"start":{"line":932,"column":8},"end":{"line":932,"column":54}},"309":{"start":{"line":933,"column":8},"end":{"line":937,"column":11}},"310":{"start":{"line":943,"column":23},"end":{"line":955,"column":8}},"311":{"start":{"line":944,"column":4},"end":{"line":944,"column":38}},"312":{"start":{"line":944,"column":31},"end":{"line":944,"column":38}},"313":{"start":{"line":947,"column":27},"end":{"line":947,"column":54}},"314":{"start":{"line":948,"column":4},"end":{"line":954,"column":5}},"315":{"start":{"line":949,"column":6},"end":{"line":949,"column":55}},"316":{"start":{"line":950,"column":6},"end":{"line":953,"column":9}},"317":{"start":{"line":960,"column":2},"end":{"line":979,"column":9}},"318":{"start":{"line":961,"column":4},"end":{"line":961,"column":32}},"319":{"start":{"line":963,"column":4},"end":{"line":978,"column":6}},"320":{"start":{"line":964,"column":6},"end":{"line":964,"column":35}},"321":{"start":{"line":967,"column":6},"end":{"line":970,"column":7}},"322":{"start":{"line":968,"column":8},"end":{"line":968,"column":47}},"323":{"start":{"line":969,"column":8},"end":{"line":969,"column":40}},"324":{"start":{"line":971,"column":6},"end":{"line":974,"column":7}},"325":{"start":{"line":972,"column":8},"end":{"line":972,"column":53}},"326":{"start":{"line":973,"column":8},"end":{"line":973,"column":46}},"327":{"start":{"line":977,"column":6},"end":{"line":977,"column":22}},"328":{"start":{"line":984,"column":2},"end":{"line":1013,"column":16}},"329":{"start":{"line":986,"column":4},"end":{"line":986,"column":30}},"330":{"start":{"line":989,"column":4},"end":{"line":992,"column":5}},"331":{"start":{"line":990,"column":6},"end":{"line":990,"column":45}},"332":{"start":{"line":991,"column":6},"end":{"line":991,"column":38}},"333":{"start":{"line":993,"column":4},"end":{"line":996,"column":5}},"334":{"start":{"line":994,"column":6},"end":{"line":994,"column":51}},"335":{"start":{"line":995,"column":6},"end":{"line":995,"column":44}},"336":{"start":{"line":998,"column":4},"end":{"line":998,"column":32}},"337":{"start":{"line":999,"column":4},"end":{"line":999,"column":26}},"338":{"start":{"line":1000,"column":4},"end":{"line":1000,"column":23}},"339":{"start":{"line":1001,"column":4},"end":{"line":1001,"column":34}},"340":{"start":{"line":1002,"column":4},"end":{"line":1002,"column":40}},"341":{"start":{"line":1003,"column":4},"end":{"line":1003,"column":32}},"342":{"start":{"line":1004,"column":4},"end":{"line":1004,"column":41}},"343":{"start":{"line":1005,"column":4},"end":{"line":1005,"column":41}},"344":{"start":{"line":1006,"column":4},"end":{"line":1006,"column":33}},"345":{"start":{"line":1007,"column":4},"end":{"line":1007,"column":36}},"346":{"start":{"line":1008,"column":4},"end":{"line":1008,"column":38}},"347":{"start":{"line":1009,"column":4},"end":{"line":1009,"column":46}},"348":{"start":{"line":1010,"column":4},"end":{"line":1010,"column":46}},"349":{"start":{"line":1011,"column":4},"end":{"line":1011,"column":38}},"350":{"start":{"line":1012,"column":4},"end":{"line":1012,"column":41}},"351":{"start":{"line":1018,"column":2},"end":{"line":1024,"column":34}},"352":{"start":{"line":1019,"column":4},"end":{"line":1023,"column":5}},"353":{"start":{"line":1020,"column":6},"end":{"line":1020,"column":43}},"354":{"start":{"line":1021,"column":11},"end":{"line":1023,"column":5}},"355":{"start":{"line":1022,"column":6},"end":{"line":1022,"column":22}},"356":{"start":{"line":1030,"column":2},"end":{"line":1058,"column":14}},"357":{"start":{"line":1031,"column":4},"end":{"line":1031,"column":96}},"358":{"start":{"line":1031,"column":89},"end":{"line":1031,"column":96}},"359":{"start":{"line":1034,"column":28},"end":{"line":1034,"column":136}},"360":{"start":{"line":1036,"column":4},"end":{"line":1040,"column":5}},"361":{"start":{"line":1037,"column":6},"end":{"line":1037,"column":115}},"362":{"start":{"line":1039,"column":6},"end":{"line":1039,"column":13}},"363":{"start":{"line":1043,"column":4},"end":{"line":1043,"column":33}},"364":{"start":{"line":1044,"column":4},"end":{"line":1044,"column":41}},"365":{"start":{"line":1048,"column":4},"end":{"line":1048,"column":23}},"366":{"start":{"line":1051,"column":23},"end":{"line":1055,"column":11}},"367":{"start":{"line":1052,"column":6},"end":{"line":1054,"column":7}},"368":{"start":{"line":1053,"column":8},"end":{"line":1053,"column":51}},"369":{"start":{"line":1057,"column":4},"end":{"line":1057,"column":42}},"370":{"start":{"line":1057,"column":17},"end":{"line":1057,"column":41}},"371":{"start":{"line":1063,"column":15},"end":{"line":1065,"column":8}},"372":{"start":{"line":1064,"column":4},"end":{"line":1064,"column":21}},"373":{"start":{"line":1067,"column":16},"end":{"line":1069,"column":8}},"374":{"start":{"line":1068,"column":4},"end":{"line":1068,"column":20}},"375":{"start":{"line":1074,"column":16},"end":{"line":1090,"column":8}},"376":{"start":{"line":1076,"column":4},"end":{"line":1079,"column":5}},"377":{"start":{"line":1077,"column":6},"end":{"line":1077,"column":45}},"378":{"start":{"line":1078,"column":6},"end":{"line":1078,"column":38}},"379":{"start":{"line":1080,"column":4},"end":{"line":1083,"column":5}},"380":{"start":{"line":1081,"column":6},"end":{"line":1081,"column":51}},"381":{"start":{"line":1082,"column":6},"end":{"line":1082,"column":44}},"382":{"start":{"line":1085,"column":4},"end":{"line":1085,"column":34}},"383":{"start":{"line":1086,"column":4},"end":{"line":1086,"column":32}},"384":{"start":{"line":1087,"column":4},"end":{"line":1087,"column":41}},"385":{"start":{"line":1088,"column":4},"end":{"line":1088,"column":41}},"386":{"start":{"line":1089,"column":4},"end":{"line":1089,"column":32}},"387":{"start":{"line":1096,"column":26},"end":{"line":1096,"column":74}},"388":{"start":{"line":1099,"column":4},"end":{"line":1103,"column":52}},"389":{"start":{"line":1105,"column":29},"end":{"line":1105,"column":38}},"390":{"start":{"line":1110,"column":25},"end":{"line":1117,"column":72}},"391":{"start":{"line":1110,"column":40},"end":{"line":1117,"column":3}},"392":{"start":{"line":1119,"column":2},"end":{"line":1132,"column":4}}},"fnMap":{"0":{"name":"classifyPlaybackError","decl":{"start":{"line":69,"column":16},"end":{"line":69,"column":37}},"loc":{"start":{"line":69,"column":73},"end":{"line":89,"column":1}},"line":69},"1":{"name":"(anonymous_1)","decl":{"start":{"line":83,"column":22},"end":{"line":83,"column":23}},"loc":{"start":{"line":83,"column":33},"end":{"line":83,"column":59}},"line":83},"2":{"name":"getPlaybackErrorMessage","decl":{"start":{"line":94,"column":16},"end":{"line":94,"column":39}},"loc":{"start":{"line":94,"column":102},"end":{"line":112,"column":1}},"line":94},"3":{"name":"videoPlayerReducer","decl":{"start":{"line":191,"column":16},"end":{"line":191,"column":34}},"loc":{"start":{"line":191,"column":105},"end":{"line":251,"column":1}},"line":191},"4":{"name":"useVideoPlayback","decl":{"start":{"line":257,"column":16},"end":{"line":257,"column":32}},"loc":{"start":{"line":257,"column":83},"end":{"line":1133,"column":1}},"line":257},"5":{"name":"(anonymous_5)","decl":{"start":{"line":298,"column":36},"end":{"line":298,"column":37}},"loc":{"start":{"line":298,"column":48},"end":{"line":386,"column":3}},"line":298},"6":{"name":"(anonymous_6)","decl":{"start":{"line":391,"column":45},"end":{"line":391,"column":46}},"loc":{"start":{"line":391,"column":72},"end":{"line":422,"column":3}},"line":391},"7":{"name":"(anonymous_7)","decl":{"start":{"line":432,"column":12},"end":{"line":432,"column":13}},"loc":{"start":{"line":432,"column":18},"end":{"line":565,"column":3}},"line":432},"8":{"name":"(anonymous_8)","decl":{"start":{"line":439,"column":30},"end":{"line":439,"column":31}},"loc":{"start":{"line":439,"column":42},"end":{"line":562,"column":5}},"line":439},"9":{"name":"(anonymous_9)","decl":{"start":{"line":527,"column":59},"end":{"line":527,"column":60}},"loc":{"start":{"line":527,"column":68},"end":{"line":527,"column":79}},"line":527},"10":{"name":"(anonymous_10)","decl":{"start":{"line":531,"column":38},"end":{"line":531,"column":39}},"loc":{"start":{"line":531,"column":43},"end":{"line":531,"column":87}},"line":531},"11":{"name":"(anonymous_11)","decl":{"start":{"line":540,"column":47},"end":{"line":540,"column":48}},"loc":{"start":{"line":540,"column":52},"end":{"line":540,"column":62}},"line":540},"12":{"name":"(anonymous_12)","decl":{"start":{"line":541,"column":46},"end":{"line":541,"column":47}},"loc":{"start":{"line":541,"column":51},"end":{"line":541,"column":61}},"line":541},"13":{"name":"(anonymous_13)","decl":{"start":{"line":602,"column":29},"end":{"line":602,"column":30}},"loc":{"start":{"line":602,"column":51},"end":{"line":689,"column":3}},"line":602},"14":{"name":"(anonymous_14)","decl":{"start":{"line":621,"column":17},"end":{"line":621,"column":18}},"loc":{"start":{"line":621,"column":23},"end":{"line":636,"column":7}},"line":621},"15":{"name":"(anonymous_15)","decl":{"start":{"line":640,"column":44},"end":{"line":640,"column":45}},"loc":{"start":{"line":640,"column":50},"end":{"line":643,"column":5}},"line":640},"16":{"name":"(anonymous_16)","decl":{"start":{"line":655,"column":44},"end":{"line":655,"column":45}},"loc":{"start":{"line":655,"column":50},"end":{"line":687,"column":7}},"line":655},"17":{"name":"(anonymous_17)","decl":{"start":{"line":661,"column":48},"end":{"line":661,"column":49}},"loc":{"start":{"line":661,"column":54},"end":{"line":684,"column":9}},"line":661},"18":{"name":"(anonymous_18)","decl":{"start":{"line":672,"column":52},"end":{"line":672,"column":53}},"loc":{"start":{"line":672,"column":58},"end":{"line":682,"column":13}},"line":672},"19":{"name":"(anonymous_19)","decl":{"start":{"line":692,"column":33},"end":{"line":692,"column":34}},"loc":{"start":{"line":692,"column":59},"end":{"line":737,"column":3}},"line":692},"20":{"name":"(anonymous_20)","decl":{"start":{"line":707,"column":50},"end":{"line":707,"column":51}},"loc":{"start":{"line":707,"column":56},"end":{"line":710,"column":11}},"line":707},"21":{"name":"(anonymous_21)","decl":{"start":{"line":717,"column":54},"end":{"line":717,"column":55}},"loc":{"start":{"line":717,"column":60},"end":{"line":727,"column":11}},"line":717},"22":{"name":"(anonymous_22)","decl":{"start":{"line":721,"column":54},"end":{"line":721,"column":55}},"loc":{"start":{"line":721,"column":60},"end":{"line":724,"column":15}},"line":721},"23":{"name":"(anonymous_23)","decl":{"start":{"line":740,"column":28},"end":{"line":740,"column":29}},"loc":{"start":{"line":740,"column":34},"end":{"line":748,"column":3}},"line":740},"24":{"name":"(anonymous_24)","decl":{"start":{"line":744,"column":44},"end":{"line":744,"column":45}},"loc":{"start":{"line":744,"column":50},"end":{"line":747,"column":5}},"line":744},"25":{"name":"(anonymous_25)","decl":{"start":{"line":751,"column":30},"end":{"line":751,"column":31}},"loc":{"start":{"line":751,"column":59},"end":{"line":851,"column":3}},"line":751},"26":{"name":"(anonymous_26)","decl":{"start":{"line":783,"column":7},"end":{"line":783,"column":8}},"loc":{"start":{"line":783,"column":19},"end":{"line":827,"column":7}},"line":783},"27":{"name":"(anonymous_27)","decl":{"start":{"line":803,"column":52},"end":{"line":803,"column":53}},"loc":{"start":{"line":803,"column":58},"end":{"line":806,"column":13}},"line":803},"28":{"name":"(anonymous_28)","decl":{"start":{"line":818,"column":48},"end":{"line":818,"column":49}},"loc":{"start":{"line":818,"column":54},"end":{"line":826,"column":9}},"line":818},"29":{"name":"(anonymous_29)","decl":{"start":{"line":842,"column":44},"end":{"line":842,"column":45}},"loc":{"start":{"line":842,"column":50},"end":{"line":850,"column":5}},"line":842},"30":{"name":"(anonymous_30)","decl":{"start":{"line":854,"column":36},"end":{"line":854,"column":37}},"loc":{"start":{"line":854,"column":77},"end":{"line":940,"column":3}},"line":854},"31":{"name":"(anonymous_31)","decl":{"start":{"line":860,"column":38},"end":{"line":860,"column":39}},"loc":{"start":{"line":860,"column":43},"end":{"line":860,"column":53}},"line":860},"32":{"name":"(anonymous_32)","decl":{"start":{"line":868,"column":40},"end":{"line":868,"column":41}},"loc":{"start":{"line":868,"column":45},"end":{"line":868,"column":55}},"line":868},"33":{"name":"(anonymous_33)","decl":{"start":{"line":879,"column":48},"end":{"line":879,"column":49}},"loc":{"start":{"line":879,"column":53},"end":{"line":879,"column":63}},"line":879},"34":{"name":"(anonymous_34)","decl":{"start":{"line":943,"column":35},"end":{"line":943,"column":36}},"loc":{"start":{"line":943,"column":74},"end":{"line":955,"column":3}},"line":943},"35":{"name":"(anonymous_35)","decl":{"start":{"line":960,"column":12},"end":{"line":960,"column":13}},"loc":{"start":{"line":960,"column":18},"end":{"line":979,"column":3}},"line":960},"36":{"name":"(anonymous_36)","decl":{"start":{"line":963,"column":11},"end":{"line":963,"column":12}},"loc":{"start":{"line":963,"column":17},"end":{"line":978,"column":5}},"line":963},"37":{"name":"(anonymous_37)","decl":{"start":{"line":984,"column":12},"end":{"line":984,"column":13}},"loc":{"start":{"line":984,"column":18},"end":{"line":1013,"column":3}},"line":984},"38":{"name":"(anonymous_38)","decl":{"start":{"line":1018,"column":12},"end":{"line":1018,"column":13}},"loc":{"start":{"line":1018,"column":18},"end":{"line":1024,"column":3}},"line":1018},"39":{"name":"(anonymous_39)","decl":{"start":{"line":1030,"column":12},"end":{"line":1030,"column":13}},"loc":{"start":{"line":1030,"column":18},"end":{"line":1058,"column":3}},"line":1030},"40":{"name":"(anonymous_40)","decl":{"start":{"line":1051,"column":34},"end":{"line":1051,"column":35}},"loc":{"start":{"line":1051,"column":40},"end":{"line":1055,"column":5}},"line":1051},"41":{"name":"(anonymous_41)","decl":{"start":{"line":1057,"column":11},"end":{"line":1057,"column":12}},"loc":{"start":{"line":1057,"column":17},"end":{"line":1057,"column":41}},"line":1057},"42":{"name":"(anonymous_42)","decl":{"start":{"line":1063,"column":27},"end":{"line":1063,"column":28}},"loc":{"start":{"line":1063,"column":33},"end":{"line":1065,"column":3}},"line":1063},"43":{"name":"(anonymous_43)","decl":{"start":{"line":1067,"column":28},"end":{"line":1067,"column":29}},"loc":{"start":{"line":1067,"column":34},"end":{"line":1069,"column":3}},"line":1067},"44":{"name":"(anonymous_44)","decl":{"start":{"line":1074,"column":28},"end":{"line":1074,"column":29}},"loc":{"start":{"line":1074,"column":34},"end":{"line":1090,"column":3}},"line":1074},"45":{"name":"(anonymous_45)","decl":{"start":{"line":1110,"column":33},"end":{"line":1110,"column":34}},"loc":{"start":{"line":1110,"column":40},"end":{"line":1117,"column":3}},"line":1110}},"branchMap":{"0":{"loc":{"start":{"line":70,"column":2},"end":{"line":70,"column":47}},"type":"if","locations":[{"start":{"line":70,"column":2},"end":{"line":70,"column":47}},{"start":{},"end":{}}],"line":70},"1":{"loc":{"start":{"line":74,"column":2},"end":{"line":80,"column":3}},"type":"if","locations":[{"start":{"line":74,"column":2},"end":{"line":80,"column":3}},{"start":{"line":76,"column":9},"end":{"line":80,"column":3}}],"line":74},"2":{"loc":{"start":{"line":76,"column":9},"end":{"line":80,"column":3}},"type":"if","locations":[{"start":{"line":76,"column":9},"end":{"line":80,"column":3}},{"start":{"line":78,"column":9},"end":{"line":80,"column":3}}],"line":76},"3":{"loc":{"start":{"line":76,"column":13},"end":{"line":76,"column":78}},"type":"binary-expr","locations":[{"start":{"line":76,"column":13},"end":{"line":76,"column":38}},{"start":{"line":76,"column":42},"end":{"line":76,"column":56}},{"start":{"line":76,"column":60},"end":{"line":76,"column":78}}],"line":76},"4":{"loc":{"start":{"line":83,"column":4},"end":{"line":85,"column":5}},"type":"if","locations":[{"start":{"line":83,"column":4},"end":{"line":85,"column":5}},{"start":{},"end":{}}],"line":83},"5":{"loc":{"start":{"line":95,"column":2},"end":{"line":111,"column":3}},"type":"switch","locations":[{"start":{"line":96,"column":4},"end":{"line":97,"column":41}},{"start":{"line":98,"column":4},"end":{"line":99,"column":69}},{"start":{"line":100,"column":4},"end":{"line":101,"column":52}},{"start":{"line":102,"column":4},"end":{"line":103,"column":63}},{"start":{"line":104,"column":4},"end":{"line":105,"column":83}},{"start":{"line":106,"column":4},"end":{"line":107,"column":71}},{"start":{"line":108,"column":4},"end":{"line":108,"column":35}},{"start":{"line":109,"column":4},"end":{"line":110,"column":89}}],"line":95},"6":{"loc":{"start":{"line":110,"column":13},"end":{"line":110,"column":88}},"type":"cond-expr","locations":[{"start":{"line":110,"column":29},"end":{"line":110,"column":63}},{"start":{"line":110,"column":66},"end":{"line":110,"column":88}}],"line":110},"7":{"loc":{"start":{"line":198,"column":2},"end":{"line":250,"column":3}},"type":"switch","locations":[{"start":{"line":199,"column":4},"end":{"line":200,"column":43}},{"start":{"line":202,"column":4},"end":{"line":208,"column":8}},{"start":{"line":210,"column":4},"end":{"line":216,"column":8}},{"start":{"line":218,"column":4},"end":{"line":223,"column":8}},{"start":{"line":225,"column":4},"end":{"line":230,"column":8}},{"start":{"line":232,"column":4},"end":{"line":240,"column":5}},{"start":{"line":242,"column":4},"end":{"line":243,"column":30}},{"start":{"line":245,"column":4},"end":{"line":246,"column":43}},{"start":{"line":248,"column":4},"end":{"line":249,"column":19}}],"line":198},"8":{"loc":{"start":{"line":211,"column":6},"end":{"line":211,"column":57}},"type":"if","locations":[{"start":{"line":211,"column":6},"end":{"line":211,"column":57}},{"start":{},"end":{}}],"line":211},"9":{"loc":{"start":{"line":219,"column":6},"end":{"line":219,"column":61}},"type":"if","locations":[{"start":{"line":219,"column":6},"end":{"line":219,"column":61}},{"start":{},"end":{}}],"line":219},"10":{"loc":{"start":{"line":226,"column":6},"end":{"line":226,"column":75}},"type":"if","locations":[{"start":{"line":226,"column":6},"end":{"line":226,"column":75}},{"start":{},"end":{}}],"line":226},"11":{"loc":{"start":{"line":226,"column":10},"end":{"line":226,"column":60}},"type":"binary-expr","locations":[{"start":{"line":226,"column":10},"end":{"line":226,"column":32}},{"start":{"line":226,"column":36},"end":{"line":226,"column":60}}],"line":226},"12":{"loc":{"start":{"line":233,"column":23},"end":{"line":233,"column":76}},"type":"binary-expr","locations":[{"start":{"line":233,"column":23},"end":{"line":233,"column":47}},{"start":{"line":233,"column":51},"end":{"line":233,"column":76}}],"line":233},"13":{"loc":{"start":{"line":234,"column":23},"end":{"line":234,"column":70}},"type":"binary-expr","locations":[{"start":{"line":234,"column":23},"end":{"line":234,"column":44}},{"start":{"line":234,"column":48},"end":{"line":234,"column":70}}],"line":234},"14":{"loc":{"start":{"line":308,"column":6},"end":{"line":315,"column":7}},"type":"if","locations":[{"start":{"line":308,"column":6},"end":{"line":315,"column":7}},{"start":{},"end":{}}],"line":308},"15":{"loc":{"start":{"line":317,"column":6},"end":{"line":319,"column":7}},"type":"if","locations":[{"start":{"line":317,"column":6},"end":{"line":319,"column":7}},{"start":{},"end":{}}],"line":317},"16":{"loc":{"start":{"line":325,"column":6},"end":{"line":327,"column":7}},"type":"if","locations":[{"start":{"line":325,"column":6},"end":{"line":327,"column":7}},{"start":{},"end":{}}],"line":325},"17":{"loc":{"start":{"line":330,"column":34},"end":{"line":330,"column":79}},"type":"cond-expr","locations":[{"start":{"line":330,"column":46},"end":{"line":330,"column":51}},{"start":{"line":330,"column":54},"end":{"line":330,"column":79}}],"line":330},"18":{"loc":{"start":{"line":339,"column":6},"end":{"line":356,"column":7}},"type":"if","locations":[{"start":{"line":339,"column":6},"end":{"line":356,"column":7}},{"start":{"line":354,"column":13},"end":{"line":356,"column":7}}],"line":339},"19":{"loc":{"start":{"line":339,"column":10},"end":{"line":339,"column":71}},"type":"binary-expr","locations":[{"start":{"line":339,"column":10},"end":{"line":339,"column":29}},{"start":{"line":339,"column":33},"end":{"line":339,"column":48}},{"start":{"line":339,"column":52},"end":{"line":339,"column":71}}],"line":339},"20":{"loc":{"start":{"line":342,"column":8},"end":{"line":344,"column":9}},"type":"if","locations":[{"start":{"line":342,"column":8},"end":{"line":344,"column":9}},{"start":{},"end":{}}],"line":342},"21":{"loc":{"start":{"line":345,"column":8},"end":{"line":350,"column":9}},"type":"if","locations":[{"start":{"line":345,"column":8},"end":{"line":350,"column":9}},{"start":{},"end":{}}],"line":345},"22":{"loc":{"start":{"line":351,"column":8},"end":{"line":353,"column":9}},"type":"if","locations":[{"start":{"line":351,"column":8},"end":{"line":353,"column":9}},{"start":{},"end":{}}],"line":351},"23":{"loc":{"start":{"line":368,"column":6},"end":{"line":370,"column":7}},"type":"if","locations":[{"start":{"line":368,"column":6},"end":{"line":370,"column":7}},{"start":{},"end":{}}],"line":368},"24":{"loc":{"start":{"line":376,"column":30},"end":{"line":376,"column":76}},"type":"cond-expr","locations":[{"start":{"line":376,"column":53},"end":{"line":376,"column":64}},{"start":{"line":376,"column":67},"end":{"line":376,"column":76}}],"line":376},"25":{"loc":{"start":{"line":392,"column":4},"end":{"line":397,"column":5}},"type":"if","locations":[{"start":{"line":392,"column":4},"end":{"line":397,"column":5}},{"start":{},"end":{}}],"line":392},"26":{"loc":{"start":{"line":392,"column":8},"end":{"line":392,"column":33}},"type":"binary-expr","locations":[{"start":{"line":392,"column":8},"end":{"line":392,"column":16}},{"start":{"line":392,"column":20},"end":{"line":392,"column":33}}],"line":392},"27":{"loc":{"start":{"line":433,"column":4},"end":{"line":433,"column":49}},"type":"if","locations":[{"start":{"line":433,"column":4},"end":{"line":433,"column":49}},{"start":{},"end":{}}],"line":433},"28":{"loc":{"start":{"line":443,"column":8},"end":{"line":495,"column":9}},"type":"if","locations":[{"start":{"line":443,"column":8},"end":{"line":495,"column":9}},{"start":{"line":489,"column":15},"end":{"line":495,"column":9}}],"line":443},"29":{"loc":{"start":{"line":449,"column":32},"end":{"line":449,"column":113}},"type":"binary-expr","locations":[{"start":{"line":449,"column":32},"end":{"line":449,"column":54}},{"start":{"line":449,"column":58},"end":{"line":449,"column":81}},{"start":{"line":449,"column":85},"end":{"line":449,"column":113}}],"line":449},"30":{"loc":{"start":{"line":451,"column":10},"end":{"line":488,"column":11}},"type":"if","locations":[{"start":{"line":451,"column":10},"end":{"line":488,"column":11}},{"start":{"line":473,"column":17},"end":{"line":488,"column":11}}],"line":451},"31":{"loc":{"start":{"line":476,"column":37},"end":{"line":476,"column":84}},"type":"binary-expr","locations":[{"start":{"line":476,"column":37},"end":{"line":476,"column":71}},{"start":{"line":476,"column":75},"end":{"line":476,"column":84}}],"line":476},"32":{"loc":{"start":{"line":482,"column":12},"end":{"line":487,"column":13}},"type":"if","locations":[{"start":{"line":482,"column":12},"end":{"line":487,"column":13}},{"start":{},"end":{}}],"line":482},"33":{"loc":{"start":{"line":498,"column":8},"end":{"line":501,"column":9}},"type":"if","locations":[{"start":{"line":498,"column":8},"end":{"line":501,"column":9}},{"start":{},"end":{}}],"line":498},"34":{"loc":{"start":{"line":506,"column":22},"end":{"line":506,"column":62}},"type":"cond-expr","locations":[{"start":{"line":506,"column":46},"end":{"line":506,"column":51}},{"start":{"line":506,"column":54},"end":{"line":506,"column":62}}],"line":506},"35":{"loc":{"start":{"line":510,"column":8},"end":{"line":512,"column":9}},"type":"if","locations":[{"start":{"line":510,"column":8},"end":{"line":512,"column":9}},{"start":{},"end":{}}],"line":510},"36":{"loc":{"start":{"line":518,"column":8},"end":{"line":544,"column":9}},"type":"if","locations":[{"start":{"line":518,"column":8},"end":{"line":544,"column":9}},{"start":{},"end":{}}],"line":518},"37":{"loc":{"start":{"line":518,"column":12},"end":{"line":518,"column":43}},"type":"binary-expr","locations":[{"start":{"line":518,"column":12},"end":{"line":518,"column":32}},{"start":{"line":518,"column":36},"end":{"line":518,"column":43}}],"line":518},"38":{"loc":{"start":{"line":526,"column":10},"end":{"line":533,"column":11}},"type":"if","locations":[{"start":{"line":526,"column":10},"end":{"line":533,"column":11}},{"start":{},"end":{}}],"line":526},"39":{"loc":{"start":{"line":526,"column":14},"end":{"line":526,"column":60}},"type":"binary-expr","locations":[{"start":{"line":526,"column":14},"end":{"line":526,"column":34}},{"start":{"line":526,"column":38},"end":{"line":526,"column":60}}],"line":526},"40":{"loc":{"start":{"line":531,"column":46},"end":{"line":531,"column":65}},"type":"binary-expr","locations":[{"start":{"line":531,"column":46},"end":{"line":531,"column":56}},{"start":{"line":531,"column":60},"end":{"line":531,"column":65}}],"line":531},"41":{"loc":{"start":{"line":535,"column":10},"end":{"line":543,"column":11}},"type":"if","locations":[{"start":{"line":535,"column":10},"end":{"line":543,"column":11}},{"start":{},"end":{}}],"line":535},"42":{"loc":{"start":{"line":535,"column":14},"end":{"line":535,"column":60}},"type":"binary-expr","locations":[{"start":{"line":535,"column":14},"end":{"line":535,"column":34}},{"start":{"line":535,"column":38},"end":{"line":535,"column":60}}],"line":535},"43":{"loc":{"start":{"line":547,"column":8},"end":{"line":549,"column":9}},"type":"if","locations":[{"start":{"line":547,"column":8},"end":{"line":549,"column":9}},{"start":{},"end":{}}],"line":547},"44":{"loc":{"start":{"line":603,"column":4},"end":{"line":603,"column":38}},"type":"if","locations":[{"start":{"line":603,"column":4},"end":{"line":603,"column":38}},{"start":{},"end":{}}],"line":603},"45":{"loc":{"start":{"line":614,"column":4},"end":{"line":637,"column":5}},"type":"if","locations":[{"start":{"line":614,"column":4},"end":{"line":637,"column":5}},{"start":{},"end":{}}],"line":614},"46":{"loc":{"start":{"line":614,"column":8},"end":{"line":614,"column":49}},"type":"binary-expr","locations":[{"start":{"line":614,"column":8},"end":{"line":614,"column":29}},{"start":{"line":614,"column":33},"end":{"line":614,"column":49}}],"line":614},"47":{"loc":{"start":{"line":641,"column":6},"end":{"line":641,"column":40}},"type":"if","locations":[{"start":{"line":641,"column":6},"end":{"line":641,"column":40}},{"start":{},"end":{}}],"line":641},"48":{"loc":{"start":{"line":646,"column":4},"end":{"line":688,"column":5}},"type":"if","locations":[{"start":{"line":646,"column":4},"end":{"line":688,"column":5}},{"start":{},"end":{}}],"line":646},"49":{"loc":{"start":{"line":646,"column":8},"end":{"line":646,"column":61}},"type":"binary-expr","locations":[{"start":{"line":646,"column":8},"end":{"line":646,"column":37}},{"start":{"line":646,"column":41},"end":{"line":646,"column":61}}],"line":646},"50":{"loc":{"start":{"line":650,"column":6},"end":{"line":652,"column":7}},"type":"if","locations":[{"start":{"line":650,"column":6},"end":{"line":652,"column":7}},{"start":{},"end":{}}],"line":650},"51":{"loc":{"start":{"line":656,"column":8},"end":{"line":659,"column":9}},"type":"if","locations":[{"start":{"line":656,"column":8},"end":{"line":659,"column":9}},{"start":{},"end":{}}],"line":656},"52":{"loc":{"start":{"line":662,"column":10},"end":{"line":662,"column":44}},"type":"if","locations":[{"start":{"line":662,"column":10},"end":{"line":662,"column":44}},{"start":{},"end":{}}],"line":662},"53":{"loc":{"start":{"line":673,"column":14},"end":{"line":673,"column":48}},"type":"if","locations":[{"start":{"line":673,"column":14},"end":{"line":673,"column":48}},{"start":{},"end":{}}],"line":673},"54":{"loc":{"start":{"line":693,"column":4},"end":{"line":693,"column":38}},"type":"if","locations":[{"start":{"line":693,"column":4},"end":{"line":693,"column":38}},{"start":{},"end":{}}],"line":693},"55":{"loc":{"start":{"line":701,"column":4},"end":{"line":736,"column":5}},"type":"if","locations":[{"start":{"line":701,"column":4},"end":{"line":736,"column":5}},{"start":{},"end":{}}],"line":701},"56":{"loc":{"start":{"line":704,"column":6},"end":{"line":735,"column":7}},"type":"if","locations":[{"start":{"line":704,"column":6},"end":{"line":735,"column":7}},{"start":{"line":729,"column":13},"end":{"line":735,"column":7}}],"line":704},"57":{"loc":{"start":{"line":706,"column":8},"end":{"line":728,"column":9}},"type":"if","locations":[{"start":{"line":706,"column":8},"end":{"line":728,"column":9}},{"start":{},"end":{}}],"line":706},"58":{"loc":{"start":{"line":708,"column":12},"end":{"line":708,"column":46}},"type":"if","locations":[{"start":{"line":708,"column":12},"end":{"line":708,"column":46}},{"start":{},"end":{}}],"line":708},"59":{"loc":{"start":{"line":713,"column":10},"end":{"line":715,"column":11}},"type":"if","locations":[{"start":{"line":713,"column":10},"end":{"line":715,"column":11}},{"start":{},"end":{}}],"line":713},"60":{"loc":{"start":{"line":718,"column":12},"end":{"line":726,"column":13}},"type":"if","locations":[{"start":{"line":718,"column":12},"end":{"line":726,"column":13}},{"start":{},"end":{}}],"line":718},"61":{"loc":{"start":{"line":718,"column":16},"end":{"line":718,"column":60}},"type":"binary-expr","locations":[{"start":{"line":718,"column":16},"end":{"line":718,"column":36}},{"start":{"line":718,"column":40},"end":{"line":718,"column":60}}],"line":718},"62":{"loc":{"start":{"line":722,"column":16},"end":{"line":722,"column":50}},"type":"if","locations":[{"start":{"line":722,"column":16},"end":{"line":722,"column":50}},{"start":{},"end":{}}],"line":722},"63":{"loc":{"start":{"line":731,"column":8},"end":{"line":734,"column":9}},"type":"if","locations":[{"start":{"line":731,"column":8},"end":{"line":734,"column":9}},{"start":{},"end":{}}],"line":731},"64":{"loc":{"start":{"line":731,"column":12},"end":{"line":731,"column":75}},"type":"binary-expr","locations":[{"start":{"line":731,"column":12},"end":{"line":731,"column":42}},{"start":{"line":731,"column":46},"end":{"line":731,"column":75}}],"line":731},"65":{"loc":{"start":{"line":741,"column":4},"end":{"line":741,"column":38}},"type":"if","locations":[{"start":{"line":741,"column":4},"end":{"line":741,"column":38}},{"start":{},"end":{}}],"line":741},"66":{"loc":{"start":{"line":745,"column":6},"end":{"line":745,"column":40}},"type":"if","locations":[{"start":{"line":745,"column":6},"end":{"line":745,"column":40}},{"start":{},"end":{}}],"line":745},"67":{"loc":{"start":{"line":752,"column":4},"end":{"line":752,"column":38}},"type":"if","locations":[{"start":{"line":752,"column":4},"end":{"line":752,"column":38}},{"start":{},"end":{}}],"line":752},"68":{"loc":{"start":{"line":755,"column":35},"end":{"line":755,"column":83}},"type":"binary-expr","locations":[{"start":{"line":755,"column":35},"end":{"line":755,"column":59}},{"start":{"line":755,"column":63},"end":{"line":755,"column":83}}],"line":755},"69":{"loc":{"start":{"line":761,"column":6},"end":{"line":764,"column":31}},"type":"binary-expr","locations":[{"start":{"line":761,"column":6},"end":{"line":761,"column":39}},{"start":{"line":762,"column":6},"end":{"line":762,"column":26}},{"start":{"line":763,"column":6},"end":{"line":763,"column":30}},{"start":{"line":764,"column":6},"end":{"line":764,"column":31}}],"line":761},"70":{"loc":{"start":{"line":764,"column":13},"end":{"line":764,"column":30}},"type":"binary-expr","locations":[{"start":{"line":764,"column":13},"end":{"line":764,"column":24}},{"start":{"line":764,"column":28},"end":{"line":764,"column":30}}],"line":764},"71":{"loc":{"start":{"line":776,"column":4},"end":{"line":830,"column":5}},"type":"if","locations":[{"start":{"line":776,"column":4},"end":{"line":830,"column":5}},{"start":{},"end":{}}],"line":776},"72":{"loc":{"start":{"line":776,"column":8},"end":{"line":776,"column":48}},"type":"binary-expr","locations":[{"start":{"line":776,"column":8},"end":{"line":776,"column":18}},{"start":{"line":776,"column":22},"end":{"line":776,"column":48}}],"line":776},"73":{"loc":{"start":{"line":786,"column":10},"end":{"line":809,"column":11}},"type":"if","locations":[{"start":{"line":786,"column":10},"end":{"line":809,"column":11}},{"start":{},"end":{}}],"line":786},"74":{"loc":{"start":{"line":804,"column":14},"end":{"line":804,"column":48}},"type":"if","locations":[{"start":{"line":804,"column":14},"end":{"line":804,"column":48}},{"start":{},"end":{}}],"line":804},"75":{"loc":{"start":{"line":819,"column":10},"end":{"line":819,"column":44}},"type":"if","locations":[{"start":{"line":819,"column":10},"end":{"line":819,"column":44}},{"start":{},"end":{}}],"line":819},"76":{"loc":{"start":{"line":833,"column":4},"end":{"line":837,"column":5}},"type":"if","locations":[{"start":{"line":833,"column":4},"end":{"line":837,"column":5}},{"start":{"line":835,"column":11},"end":{"line":837,"column":5}}],"line":833},"77":{"loc":{"start":{"line":843,"column":6},"end":{"line":843,"column":40}},"type":"if","locations":[{"start":{"line":843,"column":6},"end":{"line":843,"column":40}},{"start":{},"end":{}}],"line":843},"78":{"loc":{"start":{"line":855,"column":4},"end":{"line":855,"column":38}},"type":"if","locations":[{"start":{"line":855,"column":4},"end":{"line":855,"column":38}},{"start":{},"end":{}}],"line":855},"79":{"loc":{"start":{"line":860,"column":16},"end":{"line":860,"column":67}},"type":"binary-expr","locations":[{"start":{"line":860,"column":16},"end":{"line":860,"column":61}},{"start":{"line":860,"column":65},"end":{"line":860,"column":67}}],"line":860},"80":{"loc":{"start":{"line":863,"column":4},"end":{"line":870,"column":5}},"type":"if","locations":[{"start":{"line":863,"column":4},"end":{"line":870,"column":5}},{"start":{},"end":{}}],"line":863},"81":{"loc":{"start":{"line":874,"column":4},"end":{"line":876,"column":5}},"type":"if","locations":[{"start":{"line":874,"column":4},"end":{"line":876,"column":5}},{"start":{},"end":{}}],"line":874},"82":{"loc":{"start":{"line":874,"column":8},"end":{"line":874,"column":84}},"type":"binary-expr","locations":[{"start":{"line":874,"column":8},"end":{"line":874,"column":37}},{"start":{"line":874,"column":41},"end":{"line":874,"column":84}}],"line":874},"83":{"loc":{"start":{"line":880,"column":4},"end":{"line":939,"column":5}},"type":"if","locations":[{"start":{"line":880,"column":4},"end":{"line":939,"column":5}},{"start":{},"end":{}}],"line":880},"84":{"loc":{"start":{"line":891,"column":6},"end":{"line":927,"column":7}},"type":"if","locations":[{"start":{"line":891,"column":6},"end":{"line":927,"column":7}},{"start":{"line":918,"column":13},"end":{"line":927,"column":7}}],"line":891},"85":{"loc":{"start":{"line":891,"column":10},"end":{"line":891,"column":116}},"type":"binary-expr","locations":[{"start":{"line":891,"column":10},"end":{"line":891,"column":32}},{"start":{"line":891,"column":36},"end":{"line":891,"column":62}},{"start":{"line":891,"column":66},"end":{"line":891,"column":94}},{"start":{"line":891,"column":98},"end":{"line":891,"column":116}}],"line":891},"86":{"loc":{"start":{"line":895,"column":8},"end":{"line":917,"column":9}},"type":"if","locations":[{"start":{"line":895,"column":8},"end":{"line":917,"column":9}},{"start":{"line":911,"column":15},"end":{"line":917,"column":9}}],"line":895},"87":{"loc":{"start":{"line":918,"column":13},"end":{"line":927,"column":7}},"type":"if","locations":[{"start":{"line":918,"column":13},"end":{"line":927,"column":7}},{"start":{},"end":{}}],"line":918},"88":{"loc":{"start":{"line":918,"column":17},"end":{"line":918,"column":90}},"type":"binary-expr","locations":[{"start":{"line":918,"column":17},"end":{"line":918,"column":34}},{"start":{"line":918,"column":38},"end":{"line":918,"column":60}},{"start":{"line":918,"column":64},"end":{"line":918,"column":90}}],"line":918},"89":{"loc":{"start":{"line":931,"column":6},"end":{"line":938,"column":7}},"type":"if","locations":[{"start":{"line":931,"column":6},"end":{"line":938,"column":7}},{"start":{},"end":{}}],"line":931},"90":{"loc":{"start":{"line":931,"column":10},"end":{"line":931,"column":84}},"type":"binary-expr","locations":[{"start":{"line":931,"column":10},"end":{"line":931,"column":53}},{"start":{"line":931,"column":57},"end":{"line":931,"column":84}}],"line":931},"91":{"loc":{"start":{"line":944,"column":4},"end":{"line":944,"column":38}},"type":"if","locations":[{"start":{"line":944,"column":4},"end":{"line":944,"column":38}},{"start":{},"end":{}}],"line":944},"92":{"loc":{"start":{"line":948,"column":4},"end":{"line":954,"column":5}},"type":"if","locations":[{"start":{"line":948,"column":4},"end":{"line":954,"column":5}},{"start":{},"end":{}}],"line":948},"93":{"loc":{"start":{"line":967,"column":6},"end":{"line":970,"column":7}},"type":"if","locations":[{"start":{"line":967,"column":6},"end":{"line":970,"column":7}},{"start":{},"end":{}}],"line":967},"94":{"loc":{"start":{"line":971,"column":6},"end":{"line":974,"column":7}},"type":"if","locations":[{"start":{"line":971,"column":6},"end":{"line":974,"column":7}},{"start":{},"end":{}}],"line":971},"95":{"loc":{"start":{"line":989,"column":4},"end":{"line":992,"column":5}},"type":"if","locations":[{"start":{"line":989,"column":4},"end":{"line":992,"column":5}},{"start":{},"end":{}}],"line":989},"96":{"loc":{"start":{"line":993,"column":4},"end":{"line":996,"column":5}},"type":"if","locations":[{"start":{"line":993,"column":4},"end":{"line":996,"column":5}},{"start":{},"end":{}}],"line":993},"97":{"loc":{"start":{"line":1019,"column":4},"end":{"line":1023,"column":5}},"type":"if","locations":[{"start":{"line":1019,"column":4},"end":{"line":1023,"column":5}},{"start":{"line":1021,"column":11},"end":{"line":1023,"column":5}}],"line":1019},"98":{"loc":{"start":{"line":1021,"column":11},"end":{"line":1023,"column":5}},"type":"if","locations":[{"start":{"line":1021,"column":11},"end":{"line":1023,"column":5}},{"start":{},"end":{}}],"line":1021},"99":{"loc":{"start":{"line":1031,"column":4},"end":{"line":1031,"column":96}},"type":"if","locations":[{"start":{"line":1031,"column":4},"end":{"line":1031,"column":96}},{"start":{},"end":{}}],"line":1031},"100":{"loc":{"start":{"line":1031,"column":8},"end":{"line":1031,"column":87}},"type":"binary-expr","locations":[{"start":{"line":1031,"column":8},"end":{"line":1031,"column":30}},{"start":{"line":1031,"column":34},"end":{"line":1031,"column":62}},{"start":{"line":1031,"column":66},"end":{"line":1031,"column":87}}],"line":1031},"101":{"loc":{"start":{"line":1034,"column":28},"end":{"line":1034,"column":136}},"type":"binary-expr","locations":[{"start":{"line":1034,"column":28},"end":{"line":1034,"column":61}},{"start":{"line":1034,"column":65},"end":{"line":1034,"column":101}},{"start":{"line":1034,"column":105},"end":{"line":1034,"column":136}}],"line":1034},"102":{"loc":{"start":{"line":1036,"column":4},"end":{"line":1040,"column":5}},"type":"if","locations":[{"start":{"line":1036,"column":4},"end":{"line":1040,"column":5}},{"start":{},"end":{}}],"line":1036},"103":{"loc":{"start":{"line":1052,"column":6},"end":{"line":1054,"column":7}},"type":"if","locations":[{"start":{"line":1052,"column":6},"end":{"line":1054,"column":7}},{"start":{},"end":{}}],"line":1052},"104":{"loc":{"start":{"line":1076,"column":4},"end":{"line":1079,"column":5}},"type":"if","locations":[{"start":{"line":1076,"column":4},"end":{"line":1079,"column":5}},{"start":{},"end":{}}],"line":1076},"105":{"loc":{"start":{"line":1080,"column":4},"end":{"line":1083,"column":5}},"type":"if","locations":[{"start":{"line":1080,"column":4},"end":{"line":1083,"column":5}},{"start":{},"end":{}}],"line":1080},"106":{"loc":{"start":{"line":1096,"column":26},"end":{"line":1096,"column":74}},"type":"cond-expr","locations":[{"start":{"line":1096,"column":41},"end":{"line":1096,"column":66}},{"start":{"line":1096,"column":69},"end":{"line":1096,"column":74}}],"line":1096},"107":{"loc":{"start":{"line":1099,"column":4},"end":{"line":1103,"column":52}},"type":"binary-expr","locations":[{"start":{"line":1099,"column":4},"end":{"line":1099,"column":38}},{"start":{"line":1100,"column":4},"end":{"line":1100,"column":36}},{"start":{"line":1101,"column":4},"end":{"line":1101,"column":40}},{"start":{"line":1102,"column":4},"end":{"line":1102,"column":26}},{"start":{"line":1103,"column":5},"end":{"line":1103,"column":29}},{"start":{"line":1103,"column":33},"end":{"line":1103,"column":51}}],"line":1099}},"s":{"0":1,"1":38,"2":2,"3":36,"4":29,"5":7,"6":5,"7":2,"8":36,"9":136,"10":478,"11":34,"12":2,"13":8,"14":1,"15":1,"16":1,"17":1,"18":1,"19":1,"20":2,"21":10,"22":10,"23":1,"24":1,"25":1,"26":0,"27":1,"28":1,"29":0,"30":1,"31":1,"32":0,"33":1,"34":5,"35":5,"36":5,"37":0,"38":0,"39":0,"40":0,"41":0,"42":0,"43":0,"44":0,"45":0,"46":0,"47":0,"48":0,"49":0,"50":0,"51":0,"52":0,"53":0,"54":0,"55":0,"56":0,"57":0,"58":0,"59":0,"60":0,"61":0,"62":0,"63":0,"64":0,"65":0,"66":0,"67":0,"68":0,"69":0,"70":0,"71":0,"72":0,"73":0,"74":0,"75":0,"76":0,"77":0,"78":0,"79":0,"80":0,"81":0,"82":0,"83":0,"84":0,"85":0,"86":0,"87":0,"88":0,"89":0,"90":0,"91":0,"92":0,"93":0,"94":0,"95":0,"96":0,"97":0,"98":0,"99":0,"100":0,"101":0,"102":0,"103":0,"104":0,"105":0,"106":0,"107":0,"108":0,"109":0,"110":0,"111":0,"112":0,"113":0,"114":0,"115":0,"116":0,"117":0,"118":0,"119":0,"120":0,"121":0,"122":0,"123":0,"124":0,"125":0,"126":0,"127":0,"128":0,"129":0,"130":0,"131":0,"132":0,"133":0,"134":0,"135":0,"136":0,"137":0,"138":0,"139":0,"140":0,"141":0,"142":0,"143":0,"144":0,"145":0,"146":0,"147":0,"148":0,"149":0,"150":0,"151":0,"152":0,"153":0,"154":0,"155":0,"156":0,"157":0,"158":0,"159":0,"160":0,"161":0,"162":0,"163":0,"164":0,"165":0,"166":0,"167":0,"168":0,"169":0,"170":0,"171":0,"172":0,"173":0,"174":0,"175":0,"176":0,"177":0,"178":0,"179":0,"180":0,"181":0,"182":0,"183":0,"184":0,"185":0,"186":0,"187":0,"188":0,"189":0,"190":0,"191":0,"192":0,"193":0,"194":0,"195":0,"196":0,"197":0,"198":0,"199":0,"200":0,"201":0,"202":0,"203":0,"204":0,"205":0,"206":0,"207":0,"208":0,"209":0,"210":0,"211":0,"212":0,"213":0,"214":0,"215":0,"216":0,"217":0,"218":0,"219":0,"220":0,"221":0,"222":0,"223":0,"224":0,"225":0,"226":0,"227":0,"228":0,"229":0,"230":0,"231":0,"232":0,"233":0,"234":0,"235":0,"236":0,"237":0,"238":0,"239":0,"240":0,"241":0,"242":0,"243":0,"244":0,"245":0,"246":0,"247":0,"248":0,"249":0,"250":0,"251":0,"252":0,"253":0,"254":0,"255":0,"256":0,"257":0,"258":0,"259":0,"260":0,"261":0,"262":0,"263":0,"264":0,"265":0,"266":0,"267":0,"268":0,"269":0,"270":0,"271":0,"272":0,"273":0,"274":0,"275":0,"276":0,"277":0,"278":0,"279":0,"280":0,"281":0,"282":0,"283":0,"284":0,"285":0,"286":0,"287":0,"288":0,"289":0,"290":0,"291":0,"292":0,"293":0,"294":0,"295":0,"296":0,"297":0,"298":0,"299":0,"300":0,"301":0,"302":0,"303":0,"304":0,"305":0,"306":0,"307":0,"308":0,"309":0,"310":0,"311":0,"312":0,"313":0,"314":0,"315":0,"316":0,"317":0,"318":0,"319":0,"320":0,"321":0,"322":0,"323":0,"324":0,"325":0,"326":0,"327":0,"328":0,"329":0,"330":0,"331":0,"332":0,"333":0,"334":0,"335":0,"336":0,"337":0,"338":0,"339":0,"340":0,"341":0,"342":0,"343":0,"344":0,"345":0,"346":0,"347":0,"348":0,"349":0,"350":0,"351":0,"352":0,"353":0,"354":0,"355":0,"356":0,"357":0,"358":0,"359":0,"360":0,"361":0,"362":0,"363":0,"364":0,"365":0,"366":0,"367":0,"368":0,"369":0,"370":0,"371":0,"372":0,"373":0,"374":0,"375":0,"376":0,"377":0,"378":0,"379":0,"380":0,"381":0,"382":0,"383":0,"384":0,"385":0,"386":0,"387":0,"388":0,"389":0,"390":0,"391":0,"392":0},"f":{"0":38,"1":478,"2":8,"3":10,"4":0,"5":0,"6":0,"7":0,"8":0,"9":0,"10":0,"11":0,"12":0,"13":0,"14":0,"15":0,"16":0,"17":0,"18":0,"19":0,"20":0,"21":0,"22":0,"23":0,"24":0,"25":0,"26":0,"27":0,"28":0,"29":0,"30":0,"31":0,"32":0,"33":0,"34":0,"35":0,"36":0,"37":0,"38":0,"39":0,"40":0,"41":0,"42":0,"43":0,"44":0,"45":0},"b":{"0":[2,36],"1":[29,7],"2":[5,2],"3":[7,5,5],"4":[34,102],"5":[1,1,1,1,1,1,2,2],"6":[1,1],"7":[1,1,1,1,1,5,0,0,0],"8":[0,1],"9":[0,1],"10":[0,1],"11":[1,0],"12":[5,3],"13":[5,0],"14":[0,0],"15":[0,0],"16":[0,0],"17":[0,0],"18":[0,0],"19":[0,0,0],"20":[0,0],"21":[0,0],"22":[0,0],"23":[0,0],"24":[0,0],"25":[0,0],"26":[0,0],"27":[0,0],"28":[0,0],"29":[0,0,0],"30":[0,0],"31":[0,0],"32":[0,0],"33":[0,0],"34":[0,0],"35":[0,0],"36":[0,0],"37":[0,0],"38":[0,0],"39":[0,0],"40":[0,0],"41":[0,0],"42":[0,0],"43":[0,0],"44":[0,0],"45":[0,0],"46":[0,0],"47":[0,0],"48":[0,0],"49":[0,0],"50":[0,0],"51":[0,0],"52":[0,0],"53":[0,0],"54":[0,0],"55":[0,0],"56":[0,0],"57":[0,0],"58":[0,0],"59":[0,0],"60":[0,0],"61":[0,0],"62":[0,0],"63":[0,0],"64":[0,0],"65":[0,0],"66":[0,0],"67":[0,0],"68":[0,0],"69":[0,0,0,0],"70":[0,0],"71":[0,0],"72":[0,0],"73":[0,0],"74":[0,0],"75":[0,0],"76":[0,0],"77":[0,0],"78":[0,0],"79":[0,0],"80":[0,0],"81":[0,0],"82":[0,0],"83":[0,0],"84":[0,0],"85":[0,0,0,0],"86":[0,0],"87":[0,0],"88":[0,0,0],"89":[0,0],"90":[0,0],"91":[0,0],"92":[0,0],"93":[0,0],"94":[0,0],"95":[0,0],"96":[0,0],"97":[0,0],"98":[0,0],"99":[0,0],"100":[0,0,0],"101":[0,0,0],"102":[0,0],"103":[0,0],"104":[0,0],"105":[0,0],"106":[0,0],"107":[0,0,0,0,0,0]},"_coverageSchema":"1a1c01bbd47fc00a2c39e90264f33305004495a9","hash":"c5960878c80992c866c3be606828b39c06dcebf4"}
,"/Users/keiverhernandez/wn/services/folderNavigationManager.ts": {"path":"/Users/keiverhernandez/wn/services/folderNavigationManager.ts","statementMap":{"0":{"start":{"line":22,"column":34},"end":{"line":22,"column":36}},"1":{"start":{"line":23,"column":31},"end":{"line":23,"column":36}},"2":{"start":{"line":24,"column":35},"end":{"line":24,"column":40}},"3":{"start":{"line":25,"column":36},"end":{"line":25,"column":41}},"4":{"start":{"line":26,"column":33},"end":{"line":26,"column":37}},"5":{"start":{"line":28,"column":44},"end":{"line":28,"column":46}},"6":{"start":{"line":30,"column":35},"end":{"line":30,"column":36}},"7":{"start":{"line":31,"column":49},"end":{"line":31,"column":58}},"8":{"start":{"line":32,"column":34},"end":{"line":32,"column":39}},"9":{"start":{"line":44,"column":6},"end":{"line":44,"column":15}},"10":{"start":{"line":46,"column":53},"end":{"line":46,"column":62}},"11":{"start":{"line":48,"column":31},"end":{"line":48,"column":51}},"12":{"start":{"line":49,"column":31},"end":{"line":49,"column":33}},"13":{"start":{"line":54,"column":4},"end":{"line":56,"column":5}},"14":{"start":{"line":55,"column":6},"end":{"line":55,"column":70}},"15":{"start":{"line":57,"column":4},"end":{"line":57,"column":43}},"16":{"start":{"line":61,"column":4},"end":{"line":61,"column":32}},"17":{"start":{"line":63,"column":4},"end":{"line":66,"column":6}},"18":{"start":{"line":68,"column":4},"end":{"line":68,"column":29}},"19":{"start":{"line":70,"column":4},"end":{"line":76,"column":5}},"20":{"start":{"line":71,"column":6},"end":{"line":71,"column":37}},"21":{"start":{"line":72,"column":6},"end":{"line":75,"column":8}},"22":{"start":{"line":80,"column":18},"end":{"line":80,"column":33}},"23":{"start":{"line":81,"column":4},"end":{"line":81,"column":55}},"24":{"start":{"line":81,"column":39},"end":{"line":81,"column":54}},"25":{"start":{"line":85,"column":4},"end":{"line":94,"column":5}},"26":{"start":{"line":101,"column":4},"end":{"line":105,"column":6}},"27":{"start":{"line":108,"column":4},"end":{"line":108,"column":52}},"28":{"start":{"line":109,"column":4},"end":{"line":109,"column":44}},"29":{"start":{"line":116,"column":4},"end":{"line":121,"column":5}},"30":{"start":{"line":117,"column":6},"end":{"line":119,"column":8}},"31":{"start":{"line":120,"column":6},"end":{"line":120,"column":18}},"32":{"start":{"line":123,"column":4},"end":{"line":131,"column":5}},"33":{"start":{"line":125,"column":6},"end":{"line":127,"column":8}},"34":{"start":{"line":128,"column":6},"end":{"line":128,"column":27}},"35":{"start":{"line":129,"column":6},"end":{"line":129,"column":41}},"36":{"start":{"line":130,"column":6},"end":{"line":130,"column":17}},"37":{"start":{"line":134,"column":4},"end":{"line":134,"column":52}},"38":{"start":{"line":135,"column":25},"end":{"line":135,"column":70}},"39":{"start":{"line":137,"column":4},"end":{"line":141,"column":6}},"40":{"start":{"line":143,"column":4},"end":{"line":143,"column":59}},"41":{"start":{"line":144,"column":4},"end":{"line":144,"column":15}},"42":{"start":{"line":151,"column":4},"end":{"line":153,"column":5}},"43":{"start":{"line":152,"column":6},"end":{"line":152,"column":12}},"44":{"start":{"line":155,"column":4},"end":{"line":159,"column":6}},"45":{"start":{"line":161,"column":4},"end":{"line":161,"column":59}},"46":{"start":{"line":162,"column":25},"end":{"line":162,"column":48}},"47":{"start":{"line":163,"column":4},"end":{"line":163,"column":59}},"48":{"start":{"line":170,"column":4},"end":{"line":172,"column":6}},"49":{"start":{"line":175,"column":4},"end":{"line":175,"column":25}},"50":{"start":{"line":176,"column":4},"end":{"line":176,"column":39}},"51":{"start":{"line":183,"column":4},"end":{"line":185,"column":5}},"52":{"start":{"line":184,"column":6},"end":{"line":184,"column":12}},"53":{"start":{"line":187,"column":21},"end":{"line":187,"column":39}},"54":{"start":{"line":188,"column":19},"end":{"line":188,"column":49}},"55":{"start":{"line":189,"column":16},"end":{"line":189,"column":26}},"56":{"start":{"line":192,"column":4},"end":{"line":205,"column":5}},"57":{"start":{"line":193,"column":6},"end":{"line":197,"column":8}},"58":{"start":{"line":199,"column":6},"end":{"line":199,"column":31}},"59":{"start":{"line":200,"column":6},"end":{"line":200,"column":92}},"60":{"start":{"line":201,"column":6},"end":{"line":201,"column":47}},"61":{"start":{"line":202,"column":6},"end":{"line":202,"column":42}},"62":{"start":{"line":203,"column":6},"end":{"line":203,"column":28}},"63":{"start":{"line":204,"column":6},"end":{"line":204,"column":12}},"64":{"start":{"line":207,"column":4},"end":{"line":266,"column":5}},"65":{"start":{"line":208,"column":6},"end":{"line":208,"column":30}},"66":{"start":{"line":209,"column":6},"end":{"line":209,"column":27}},"67":{"start":{"line":210,"column":6},"end":{"line":210,"column":23}},"68":{"start":{"line":211,"column":6},"end":{"line":211,"column":29}},"69":{"start":{"line":212,"column":6},"end":{"line":212,"column":28}},"70":{"start":{"line":215,"column":27},"end":{"line":215,"column":72}},"71":{"start":{"line":216,"column":25},"end":{"line":216,"column":58}},"72":{"start":{"line":218,"column":6},"end":{"line":222,"column":8}},"73":{"start":{"line":224,"column":29},"end":{"line":232,"column":12}},"74":{"start":{"line":234,"column":6},"end":{"line":234,"column":24}},"75":{"start":{"line":235,"column":6},"end":{"line":235,"column":35}},"76":{"start":{"line":236,"column":6},"end":{"line":236,"column":40}},"77":{"start":{"line":237,"column":6},"end":{"line":237,"column":71}},"78":{"start":{"line":240,"column":6},"end":{"line":245,"column":8}},"79":{"start":{"line":247,"column":6},"end":{"line":247,"column":28}},"80":{"start":{"line":248,"column":6},"end":{"line":248,"column":28}},"81":{"start":{"line":250,"column":6},"end":{"line":255,"column":8}},"82":{"start":{"line":257,"column":6},"end":{"line":257,"column":79}},"83":{"start":{"line":258,"column":6},"end":{"line":258,"column":28}},"84":{"start":{"line":259,"column":6},"end":{"line":259,"column":28}},"85":{"start":{"line":261,"column":6},"end":{"line":263,"column":8}},"86":{"start":{"line":265,"column":6},"end":{"line":265,"column":31}},"87":{"start":{"line":273,"column":4},"end":{"line":275,"column":5}},"88":{"start":{"line":274,"column":6},"end":{"line":274,"column":12}},"89":{"start":{"line":277,"column":26},"end":{"line":277,"column":71}},"90":{"start":{"line":278,"column":21},"end":{"line":278,"column":46}},"91":{"start":{"line":280,"column":4},"end":{"line":339,"column":5}},"92":{"start":{"line":281,"column":6},"end":{"line":281,"column":31}},"93":{"start":{"line":282,"column":6},"end":{"line":282,"column":28}},"94":{"start":{"line":285,"column":25},"end":{"line":285,"column":59}},"95":{"start":{"line":287,"column":6},"end":{"line":291,"column":8}},"96":{"start":{"line":293,"column":29},"end":{"line":301,"column":12}},"97":{"start":{"line":304,"column":6},"end":{"line":313,"column":7}},"98":{"start":{"line":305,"column":8},"end":{"line":305,"column":35}},"99":{"start":{"line":306,"column":8},"end":{"li
[...]
:11},"end":{"line":209,"column":39}},"type":"binary-expr","locations":[{"start":{"line":209,"column":11},"end":{"line":209,"column":26}},{"start":{"line":209,"column":30},"end":{"line":209,"column":39}}],"line":209},"23":{"loc":{"start":{"line":209,"column":44},"end":{"line":209,"column":69}},"type":"binary-expr","locations":[{"start":{"line":209,"column":44},"end":{"line":209,"column":56}},{"start":{"line":209,"column":60},"end":{"line":209,"column":69}}],"line":209},"24":{"loc":{"start":{"line":210,"column":17},"end":{"line":210,"column":42}},"type":"binary-expr","locations":[{"start":{"line":210,"column":17},"end":{"line":210,"column":33}},{"start":{"line":210,"column":37},"end":{"line":210,"column":42}}],"line":210},"25":{"loc":{"start":{"line":225,"column":2},"end":{"line":242,"column":3}},"type":"if","locations":[{"start":{"line":225,"column":2},"end":{"line":242,"column":3}},{"start":{},"end":{}}],"line":225},"26":{"loc":{"start":{"line":228,"column":4},"end":{"line":241,"column":5}},"type":"if","locations":[{"start":{"line":228,"column":4},"end":{"line":241,"column":5}},{"start":{},"end":{}}],"line":228},"27":{"loc":{"start":{"line":237,"column":25},"end":{"line":237,"column":80}},"type":"binary-expr","locations":[{"start":{"line":237,"column":25},"end":{"line":237,"column":70}},{"start":{"line":237,"column":74},"end":{"line":237,"column":80}}],"line":237},"28":{"loc":{"start":{"line":246,"column":4},"end":{"line":246,"column":47}},"type":"if","locations":[{"start":{"line":246,"column":4},"end":{"line":246,"column":47}},{"start":{},"end":{}}],"line":246},"29":{"loc":{"start":{"line":246,"column":8},"end":{"line":246,"column":35}},"type":"binary-expr","locations":[{"start":{"line":246,"column":8},"end":{"line":246,"column":19}},{"start":{"line":246,"column":23},"end":{"line":246,"column":35}}],"line":246},"30":{"loc":{"start":{"line":247,"column":4},"end":{"line":247,"column":46}},"type":"if","locations":[{"start":{"line":247,"column":4},"end":{"line":247,"column":46}},{"start":{},"end":{}}],"line":247},"31":{"loc":{"start":{"line":247,"column":8},"end":{"line":247,"column":35}},"type":"binary-expr","locations":[{"start":{"line":247,"column":8},"end":{"line":247,"column":20}},{"start":{"line":247,"column":24},"end":{"line":247,"column":35}}],"line":247},"32":{"loc":{"start":{"line":269,"column":2},"end":{"line":271,"column":3}},"type":"if","locations":[{"start":{"line":269,"column":2},"end":{"line":271,"column":3}},{"start":{},"end":{}}],"line":269},"33":{"loc":{"start":{"line":276,"column":2},"end":{"line":278,"column":3}},"type":"if","locations":[{"start":{"line":276,"column":2},"end":{"line":278,"column":3}},{"start":{},"end":{}}],"line":276},"34":{"loc":{"start":{"line":307,"column":15},"end":{"line":307,"column":73}},"type":"cond-expr","locations":[{"start":{"line":307,"column":49},"end":{"line":307,"column":61}},{"start":{"line":307,"column":64},"end":{"line":307,"column":73}}],"line":307},"35":{"loc":{"start":{"line":331,"column":2},"end":{"line":336,"column":3}},"type":"if","locations":[{"start":{"line":331,"column":2},"end":{"line":336,"column":3}},{"start":{},"end":{}}],"line":331}},"s":{"0":7,"1":7,"2":0,"3":0,"4":0,"5":0,"6":0,"7":0,"8":0,"9":0,"10":0,"11":0,"12":0,"13":0,"14":0,"15":0,"16":0,"17":0,"18":4,"19":0,"20":0,"21":4,"22":4,"23":4,"24":7,"25":0,"26":7,"27":0,"28":7,"29":11,"30":7,"31":5,"32":5,"33":2,"34":4,"35":2,"36":1,"37":1,"38":1,"39":1,"40":17,"41":17,"42":1,"43":1,"44":17,"45":2,"46":2,"47":15,"48":25,"49":15,"50":15,"51":21,"52":21,"53":21,"54":15,"55":7,"56":7,"57":7,"58":14,"59":7,"60":7,"61":9,"62":15,"63":7,"64":3,"65":4,"66":4,"67":0,"68":1,"69":1,"70":0,"71":0,"72":0,"73":0,"74":0,"75":0,"76":0,"77":0,"78":0,"79":0,"80":0,"81":0,"82":3,"83":3,"84":3,"85":0,"86":0,"87":0},"f":{"0":0,"1":4,"2":7,"3":11,"4":4,"5":17,"6":25,"7":21,"8":14,"9":9,"10":7,"11":1,"12":0,"13":3},"b":{"0":[0,0],"1":[0,0],"2":[0,0],"3":[0,0],"4":[0,4],"5":[4,4,0],"6":[0,7],"7":[0,7],"8":[5,2],"9":[1,1],"10":[1,16],"11":[17,16,3,1],"12":[1,0],"13":[2,15],"14":[17,16],"15":[2,2],"16":[2,2],"17":[21,1],"18":[21,1],"19":[21,0],"20":[21,1],"21":[21,2],"22":[2,1],"23":[2,0],"24":[21,1],"25":[7,8],"26":[7,0],"27":[7,2],"28":[3,4],"29":[7,3],"30":[4,0],"31":[4,4],"32":[1,0],"33":[0,0],"34":[0,0],"35":[3,0]},"_coverageSchema":"1a1c01bbd47fc00a2c39e90264f33305004495a9","hash":"246ca5d8378241e7b66b7c881f38607141e8ce42"}
,"/Users/keiverhernandez/wn/utils/logger.ts": {"path":"/Users/keiverhernandez/wn/utils/logger.ts","statementMap":{"0":{"start":{"line":22,"column":2},"end":{"line":26,"column":49}},"1":{"start":{"line":34,"column":4},"end":{"line":34,"column":33}},"2":{"start":{"line":36,"column":4},"end":{"line":36,"column":58}},"3":{"start":{"line":40,"column":31},"end":{"line":40,"column":65}},"4":{"start":{"line":41,"column":30},"end":{"line":41,"column":51}},"5":{"start":{"line":42,"column":26},"end":{"line":42,"column":55}},"6":{"start":{"line":43,"column":4},"end":{"line":43,"column":46}},"7":{"start":{"line":47,"column":22},"end":{"line":47,"column":46}},"8":{"start":{"line":48,"column":23},"end":{"line":48,"column":52}},"9":{"start":{"line":50,"column":27},"end":{"line":50,"column":68}},"10":{"start":{"line":52,"column":4},"end":{"line":54,"column":5}},"11":{"start":{"line":53,"column":6},"end":{"line":53,"column":56}},"12":{"start":{"line":56,"column":4},"end":{"line":56,"column":28}},"13":{"start":{"line":60,"column":4},"end":{"line":62,"column":5}},"14":{"start":{"line":61,"column":6},"end":{"line":61,"column":13}},"15":{"start":{"line":64,"column":29},"end":{"line":64,"column":72}},"16":{"start":{"line":66,"column":4},"end":{"line":86,"column":5}},"17":{"start":{"line":69,"column":8},"end":{"line":69,"column":38}},"18":{"start":{"line":70,"column":8},"end":{"line":72,"column":9}},"19":{"start":{"line":71,"column":10},"end":{"line":71,"column":29}},"20":{"start":{"line":73,"column":8},"end":{"line":73,"column":14}},"21":{"start":{"line":75,"column":8},"end":{"line":75,"column":39}},"22":{"start":{"line":76,"column":8},"end":{"line":78,"column":9}},"23":{"start":{"line":77,"column":10},"end":{"line":77,"column":30}},"24":{"start":{"line":79,"column":8},"end":{"line":79,"column":14}},"25":{"start":{"line":81,"column":8},"end":{"line":81,"column":40}},"26":{"start":{"line":82,"column":8},"end":{"line":84,"column":9}},"27":{"start":{"line":83,"column":10},"end":{"line":83,"column":31}},"28":{"start":{"line":85,"column":8},"end":{"line":85,"column":14}},"29":{"start":{"line":93,"column":4},"end":{"line":93,"column":51}},"30":{"start":{"line":104,"column":4},"end":{"line":110,"column":5}},"31":{"start":{"line":105,"column":6},"end":{"line":105,"column":57}},"32":{"start":{"line":106,"column":11},"end":{"line":110,"column":5}},"33":{"start":{"line":107,"column":6},"end":{"line":107,"column":73}},"34":{"start":{"line":109,"column":6},"end":{"line":109,"column":57}},"35":{"start":{"line":120,"column":4},"end":{"line":126,"column":5}},"36":{"start":{"line":121,"column":6},"end":{"line":121,"column":57}},"37":{"start":{"line":122,"column":11},"end":{"line":126,"column":5}},"38":{"start":{"line":123,"column":6},"end":{"line":123,"column":73}},"39":{"start":{"line":125,"column":6},"end":{"line":125,"column":57}},"40":{"start":{"line":133,"column":4},"end":{"line":133,"column":47}},"41":{"start":{"line":138,"column":22},"end":{"line":138,"column":34}}},"fnMap":{"0":{"name":"isErrorObject","decl":{"start":{"line":21,"column":9},"end":{"line":21,"column":22}},"loc":{"start":{"line":21,"column":55},"end":{"line":27,"column":1}},"line":21},"1":{"name":"(anonymous_1)","decl":{"start":{"line":33,"column":2},"end":{"line":33,"column":3}},"loc":{"start":{"line":33,"column":16},"end":{"line":37,"column":3}},"line":33},"2":{"name":"(anonymous_2)","decl":{"start":{"line":39,"column":2},"end":{"line":39,"column":3}},"loc":{"start":{"line":39,"column":46},"end":{"line":44,"column":3}},"line":39},"3":{"name":"(anonymous_3)","decl":{"start":{"line":46,"column":2},"end":{"line":46,"column":3}},"loc":{"start":{"line":46,"column":88},"end":{"line":57,"column":3}},"line":46},"4":{"name":"(anonymous_4)","decl":{"start":{"line":59,"column":2},"end":{"line":59,"column":3}},"loc":{"start":{"line":59,"column":101},"end":{"line":87,"column":3}},"line":59},"5":{"name":"(anonymous_5)","decl":{"start":{"line":92,"column":2},"end":{"line":92,"column":3}},"loc":{"start":{"line":92,"column":53},"end":{"line":94,"column":3}},"line":92},"6":{"name":"(anonymous_6)","decl":{"start":{"line":101,"column":2},"end":{"line":101,"column":3}},"loc":{"start":{"line":101,"column":99},"end":{"line":111,"column":3}},"line":101},"7":{"name":"(anonymous_7)","decl":{"start":{"line":118,"column":2},"end":{"line":118,"column":3}},"loc":{"start":{"line":118,"column":99},"end":{"line":127,"column":3}},"line":118},"8":{"name":"(anonymous_8)","decl":{"start":{"line":132,"column":2},"end":{"line":132,"column":3}},"loc":{"start":{"line":132,"column":78},"end":{"line":134,"column":3}},"line":132}},"branchMap":{"0":{"loc":{"start":{"line":22,"column":9},"end":{"line":26,"column":48}},"type":"binary-expr","locations":[{"start":{"line":22,"column":9},"end":{"line":22,"column":31}},{"start":{"line":23,"column":5},"end":{"line":23,"column":30}},{"start":{"line":24,"column":5},"end":{"line":24,"column":19}},{"start":{"line":25,"column":5},"end":{"line":25,"column":21}},{"start":{"line":26,"column":5},"end":{"line":26,"column":47}}],"line":22},"1":{"loc":{"start":{"line":36,"column":20},"end":{"line":36,"column":57}},"type":"cond-expr","locations":[{"start":{"line":36,"column":41},"end":{"line":36,"column":48}},{"start":{"line":36,"column":51},"end":{"line":36,"column":57}}],"line":36},"2":{"loc":{"start":{"line":52,"column":4},"end":{"line":54,"column":5}},"type":"if","locations":[{"start":{"line":52,"column":4},"end":{"line":54,"column":5}},{"start":{},"end":{}}],"line":52},"3":{"loc":{"start":{"line":52,"column":8},"end":{"line":52,"column":50}},"type":"binary-expr","locations":[{"start":{"line":52,"column":8},"end":{"line":52,"column":15}},{"start":{"line":52,"column":19},"end":{"line":52,"column":50}}],"line":52},"4":{"loc":{"start":{"line":60,"column":4},"end":{"line":62,"column":5}},"type":"if","locations":[{"start":{"line":60,"column":4},"end":{"line":62,"column":5}},{"start":{},"end":{}}],"line":60},"5":{"loc":{"start":{"line":66,"column":4},"end":{"line":86,"column":5}},"type":"switch","locations":[{"start":{"line":67,"column":6},"end":{"line":67,"column":19}},{"start":{"line":68,"column":6},"end":{"line":73,"column":14}},{"start":{"line":74,"column":6},"end":{"line":79,"column":14}},{"start":{"line":80,"column":6},"end":{"line":85,"column":14}}],"line":66},"6":{"loc":{"start":{"line":70,"column":8},"end":{"line":72,"column":9}},"type":"if","locations":[{"start":{"line":70,"column":8},"end":{"line":72,"column":9}},{"start":{},"end":{}}],"line":70},"7":{"loc":{"start":{"line":76,"column":8},"end":{"line":78,"column":9}},"type":"if","locations":[{"start":{"line":76,"column":8},"end":{"line":78,"column":9}},{"start":{},"end":{}}],"line":76},"8":{"loc":{"start":{"line":82,"column":8},"end":{"line":84,"column":9}},"type":"if","locations":[{"start":{"line":82,"column":8},"end":{"line":84,"column":9}},{"start":{},"end":{}}],"line":82},"9":{"loc":{"start":{"line":104,"column":4},"end":{"line":110,"column":5}},"type":"if","locations":[{"start":{"line":104,"column":4},"end":{"line":110,"column":5}},{"start":{"line":106,"column":11},"end":{"line":110,"column":5}}],"line":104},"10":{"loc":{"start":{"line":106,"column":11},"end":{"line":110,"column":5}},"type":"if","locations":[{"start":{"line":106,"column":11},"end":{"line":110,"column":5}},{"start":{"line":108,"column":11},"end":{"line":110,"column":5}}],"line":106},"11":{"loc":{"start":{"line":106,"column":15},"end":{"line":106,"column":101}},"type":"binary-expr","locations":[{"start":{"line":106,"column":15},"end":{"line":106,"column":29}},{"start":{"line":106,"column":33},"end":{"line":106,"column":67}},{"start":{"line":106,"column":71},"end":{"line":106,"column":101}}],"line":106},"12":{"loc":{"start":{"line":120,"column":4},"end":{"line":126,"column":5}},"type":"if","locations":[{"start":{"line":120,"column":4},"end":{"line":126,"column":5}},{"start":{"line":122,"column":11},"end":{"line":126,"column":5}}],"line":120},"13":{"loc":{"start":{"line":122,"column":11},"end":{"line":126,"column":5}},"type":"if","locations":[{"start":{"line":122,"column":11},"end":{"line":126,"column":5}},{"start":{"line":124,"column":11},"end":{"line":126,"column":5}}],"line":122},"14":{"loc":{"start":{"line":122,"column":15},"end":{"line":122,"column":101}},"type":"binary-expr","locations":[{"start":{"line":122,"column":15},"end":{"line":122,"column":29}},{"start":{"line":122,"column":33},"end":{"line":122,"column":67}},{"start":{"line":122,"column":71},"end":{"line":122,"column":101}}],"line":122}},"s":{"0":137,"1":9,"2":9,"3":190,"4":190,"5":190,"6":190,"7":190,"8":190,"9":190,"10":190,"11":182,"12":190,"13":190,"14":0,"15":190,"16":190,"17":147,"18":147,"19":0,"20":147,"21":24,"22":24,"23":4,"24":24,"25":19,"26":19,"27":18,"28":19,"29":100,"30":47,"31":0,"32":47,"33":46,"34":1,"35":24,"36":4,"37":20,"38":20,"39":0,"40":19,"41":9},"f":{"0":137,"1":9,"2":190,"3":190,"4":190,"5":100,"6":47,"7":24,"8":19},"b":{"0":[137,137,136,136,4],"1":[9,0],"2":[182,8],"3":[190,182],"4":[0,190],"5":[100,147,24,19],"6":[0,147],"7":[4,20],"8":[18,1],"9":[0,47],"10":[46,1],"11":[47,46,46],"12":[4,20],"13":[20,0],"14":[20,20,20]},"_coverageSchema":"1a1c01bbd47fc00a2c39e90264f33305004495a9","hash":"494df64522cabd2453b5261a8eb86cf9ea120782"}
,"/Users/keiverhernandez/wn/utils/retry.ts": {"path":"/Users/keiverhernandez/wn/utils/retry.ts","statementMap":{"0":{"start":{"line":18,"column":37},"end":{"line":35,"column":1}},"1":{"start":{"line":37,"column":48},"end":{"line":43,"column":1}},"2":{"start":{"line":50,"column":2},"end":{"line":50,"column":27}},"3":{"start":{"line":50,"column":14},"end":{"line":50,"column":27}},"4":{"start":{"line":52,"column":23},"end":{"line":54,"column":33}},"5":{"start":{"line":57,"column":25},"end":{"line":57,"column":89}},"6":{"start":{"line":57,"column":62},"end":{"line":57,"column":88}},"7":{"start":{"line":58,"column":2},"end":{"line":58,"column":34}},"8":{"start":{"line":58,"column":22},"end":{"line":58,"column":34}},"9":{"start":{"line":61,"column":2},"end":{"line":61,"column":93}},"10":{"start":{"line":61,"column":45},"end":{"line":61,"column":91}},"11":{"start":{"line":68,"column":16},"end":{"line":68,"column":64}},"12":{"start":{"line":69,"column":2},"end":{"line":69,"column":35}},"13":{"start":{"line":76,"column":2},"end":{"line":76,"column":59}},"14":{"start":{"line":76,"column":34},"end":{"line":76,"column":57}},"15":{"start":{"line":97,"column":15},"end":{"line":97,"column":47}},"16":{"start":{"line":100,"column":2},"end":{"line":147,"column":3}},"17":{"start":{"line":100,"column":21},"end":{"line":100,"column":22}},"18":{"start":{"line":101,"column":4},"end":{"line":146,"column":5}},"19":{"start":{"line":102,"column":21},"end":{"line":102,"column":38}},"20":{"start":{"line":104,"column":6},"end":{"line":110,"column":7}},"21":{"start":{"line":105,"column":8},"end":{"line":109,"column":11}},"22":{"start":{"line":112,"column":6},"end":{"line":112,"column":20}},"23":{"start":{"line":114,"column":6},"end":{"line":114,"column":24}},"24":{"start":{"line":116,"column":26},"end":{"line":116,"column":71}},"25":{"start":{"line":117,"column":28},"end":{"line":117,"column":56}},"26":{"start":{"line":119,"column":6},"end":{"line":125,"column":7}},"27":{"start":{"line":120,"column":8},"end":{"line":123,"column":11}},"28":{"start":{"line":124,"column":8},"end":{"line":124,"column":20}},"29":{"start":{"line":127,"column":6},"end":{"line":133,"column":7}},"30":{"start":{"line":128,"column":8},"end":{"line":131,"column":11}},"31":{"start":{"line":132,"column":8},"end":{"line":132,"column":20}},"32":{"start":{"line":135,"column":20},"end":{"line":135,"column":105}},"33":{"start":{"line":137,"column":6},"end":{"line":143,"column":9}},"34":{"start":{"line":145,"column":6},"end":{"line":145,"column":25}},"35":{"start":{"line":150,"column":2},"end":{"line":150,"column":18}}},"fnMap":{"0":{"name":"isRetryableError","decl":{"start":{"line":49,"column":9},"end":{"line":49,"column":25}},"loc":{"start":{"line":49,"column":78},"end":{"line":62,"column":1}},"line":49},"1":{"name":"(anonymous_1)","decl":{"start":{"line":57,"column":49},"end":{"line":57,"column":50}},"loc":{"start":{"line":57,"column":62},"end":{"line":57,"column":88}},"line":57},"2":{"name":"(anonymous_2)","decl":{"start":{"line":61,"column":30},"end":{"line":61,"column":31}},"loc":{"start":{"line":61,"column":45},"end":{"line":61,"column":91}},"line":61},"3":{"name":"calculateDelay","decl":{"start":{"line":67,"column":9},"end":{"line":67,"column":23}},"loc":{"start":{"line":67,"column":109},"end":{"line":70,"column":1}},"line":67},"4":{"name":"sleep","decl":{"start":{"line":75,"column":9},"end":{"line":75,"column":14}},"loc":{"start":{"line":75,"column":42},"end":{"line":77,"column":1}},"line":75},"5":{"name":"(anonymous_5)","decl":{"start":{"line":76,"column":21},"end":{"line":76,"column":22}},"loc":{"start":{"line":76,"column":34},"end":{"line":76,"column":57}},"line":76},"6":{"name":"retryWithBackoff","decl":{"start":{"line":93,"column":22},"end":{"line":93,"column":38}},"loc":{"start":{"line":96,"column":14},"end":{"line":151,"column":1}},"line":96}},"branchMap":{"0":{"loc":{"start":{"line":50,"column":2},"end":{"line":50,"column":27}},"type":"if","locations":[{"start":{"line":50,"column":2},"end":{"line":50,"column":27}},{"start":{},"end":{}}],"line":50},"1":{"loc":{"start":{"line":52,"column":23},"end":{"line":54,"column":33}},"type":"cond-expr","locations":[{"start":{"line":53,"column":6},"end":{"line":53,"column":33}},{"start":{"line":54,"column":6},"end":{"line":54,"column":33}}],"line":52},"2":{"loc":{"start":{"line":58,"column":2},"end":{"line":58,"column":34}},"type":"if","locations":[{"start":{"line":58,"column":2},"end":{"line":58,"column":34}},{"start":{},"end":{}}],"line":58},"3":{"loc":{"start":{"line":95,"column":2},"end":{"line":95,"column":28}},"type":"default-arg","locations":[{"start":{"line":95,"column":26},"end":{"line":95,"column":28}}],"line":95},"4":{"loc":{"start":{"line":104,"column":6},"end":{"line":110,"column":7}},"type":"if","locations":[{"start":{"line":104,"column":6},"end":{"line":110,"column":7}},{"start":{},"end":{}}],"line":104},"5":{"loc":{"start":{"line":119,"column":6},"end":{"line":125,"column":7}},"type":"if","locations":[{"start":{"line":119,"column":6},"end":{"line":125,"column":7}},{"start":{},"end":{}}],"line":119},"6":{"loc":{"start":{"line":122,"column":17},"end":{"line":122,"column":71}},"type":"cond-expr","locations":[{"start":{"line":122,"column":42},"end":{"line":122,"column":55}},{"start":{"line":122,"column":58},"end":{"line":122,"column":71}}],"line":122},"7":{"loc":{"start":{"line":127,"column":6},"end":{"line":133,"column":7}},"type":"if","locations":[{"start":{"line":127,"column":6},"end":{"line":133,"column":7}},{"start":{},"end":{}}],"line":127},"8":{"loc":{"start":{"line":142,"column":15},"end":{"line":142,"column":69}},"type":"cond-expr","locations":[{"start":{"line":142,"column":40},"end":{"line":142,"column":53}},{"start":{"line":142,"column":56},"end":{"line":142,"column":69}}],"line":142}},"s":{"0":7,"1":7,"2":24,"3":0,"4":24,"5":24,"6":208,"7":24,"8":15,"9":9,"10":0,"11":10,"12":10,"13":10,"14":10,"15":38,"16":38,"17":38,"18":48,"19":48,"20":24,"21":3,"22":24,"23":24,"24":24,"25":24,"26":24,"27":9,"28":9,"29":15,"30":5,"31":5,"32":10,"33":10,"34":10,"35":0},"f":{"0":24,"1":208,"2":0,"3":10,"4":10,"5":10,"6":38},"b":{"0":[0,24],"1":[24,0],"2":[15,9],"3":[0],"4":[3,21],"5":[9,15],"6":[9,0],"7":[5,10],"8":[10,0]},"_coverageSchema":"1a1c01bbd47fc00a2c39e90264f33305004495a9","hash":"e856fc88335dd780a4c47be5bd97d5b41f132fa2"}
}
