TN:
SF:hooks/use-color-scheme.ts
FNF:0
FNH:0
LF:0
LH:0
BRF:0
BRH:0
end_of_record
TN:
SF:hooks/use-color-scheme.web.ts
FN:10,useColorScheme
FN:14,(anonymous_1)
FN:28,(anonymous_2)
FN:35,(anonymous_3)
FNF:4
FNH:0
FNDA:0,useColorScheme
FNDA:0,(anonymous_1)
FNDA:0,(anonymous_2)
FNDA:0,(anonymous_3)
DA:11,0
DA:12,0
DA:14,0
DA:15,0
DA:18,0
DA:19,0
DA:22,0
DA:25,0
DA:28,0
DA:29,0
DA:33,0
DA:35,0
DA:36,0
DA:41,0
DA:42,0
DA:45,0
LF:16
LH:0
BRDA:18,0,0,0
BRDA:18,0,1,0
BRDA:18,1,0,0
BRDA:18,1,1,0
BRDA:25,2,0,0
BRDA:25,2,1,0
BRDA:29,3,0,0
BRDA:29,3,1,0
BRDA:41,4,0,0
BRDA:41,4,1,0
BRF:10
BRH:0
end_of_record
TN:
SF:hooks/useAppStateRefresh.ts
FN:12,useAppStateRefresh
FN:18,(anonymous_1)
FN:19,(anonymous_2)
FN:39,(anonymous_3)
FNF:4
FNH:0
FNDA:0,useAppStateRefresh
FNDA:0,(anonymous_1)
FNDA:0,(anonymous_2)
FNDA:0,(anonymous_3)
DA:16,0
DA:18,0
DA:19,0
DA:21,0
DA:25,0
DA:29,0
DA:31,0
DA:34,0
DA:39,0
DA:40,0
LF:10
LH:0
BRDA:21,0,0,0
BRDA:21,0,1,0
BRDA:22,1,0,0
BRDA:22,1,1,0
BRF:4
BRH:0
end_of_record
TN:
SF:hooks/useVideoPlayback.ts
FN:69,classifyPlaybackError
FN:83,(anonymous_1)
FN:94,getPlaybackErrorMessage
FN:191,videoPlayerReducer
FN:257,useVideoPlayback
FN:298,(anonymous_5)
FN:391,(anonymous_6)
FN:432,(anonymous_7)
FN:439,(anonymous_8)
FN:527,(anonymous_9)
FN:531,(anonymous_10)
FN:540,(anonymous_11)
FN:541,(anonymous_12)
FN:602,(anonymous_13)
FN:621,(anonymous_14)
FN:640,(anonymous_15)
FN:655,(anonymous_16)
FN:661,(anonymous_17)
FN:672,(anonymous_18)
FN:692,(anonymous_19)
FN:707,(anonymous_20)
FN:717,(anonymous_21)
FN:721,(anonymous_22)
FN:740,(anonymous_23)
FN:744,(anonymous_24)
FN:751,(anonymous_25)
FN:783,(anonymous_26)
FN:803,(anonymous_27)
FN:818,(anonymous_28)
FN:842,(anonymous_29)
FN:854,(anonymous_30)
FN:860,(anonymous_31)
FN:868,(anonymous_32)
FN:879,(anonymous_33)
FN:943,(anonymous_34)
FN:960,(anonymous_35)
FN:963,(anonymous_36)
FN:984,(anonymous_37)
FN:1018,(anonymous_38)
FN:1030,(anonymous_39)
FN:1051,(anonymous_40)
FN:1057,(anonymous_41)
FN:1063,(anonymous_42)
FN:1067,(anonymous_43)
FN:1074,(anonymous_44)
FN:1110,(anonymous_45)
FNF:46
FNH:4
FNDA:38,classifyPlaybackError
FNDA:478,(anonymous_1)
FNDA:8,getPlaybackErrorMessage
FNDA:10,videoPlayerReducer
FNDA:0,useVideoPlayback
FNDA:0,(anonymous_5)
FNDA:0,(anonymous_6)
FNDA:0,(anonymous_7)
FNDA:0,(anonymous_8)
FNDA:0,(anonymous_9)
FNDA:0,(anonymous_10)
FNDA:0,(anonymous_11)
FNDA:0,(anonymous_12)
FNDA:0,(anonymous_13)
FNDA:0,(anonymous_14)
FNDA:0,(anonymous_15)
FNDA:0,(anonymous_16)
FNDA:0,(anonymous_17)
FNDA:0,(anonymous_18)
FNDA:0,(anonymous_19)
FNDA:0,(anonymous_20)
FNDA:0,(anonymous_21)
FNDA:0,(anonymous_22)
FNDA:0,(anonymous_23)
FNDA:0,(anonymous_24)
FNDA:0,(anonymous_25)
FNDA:0,(anonymous_26)
FNDA:0,(anonymous_27)
FNDA:0,(anonymous_28)
FNDA:0,(anonymous_29)
FNDA:0,(anonymous_30)
FNDA:0,(anonymous_31)
FNDA:0,(anonymous_32)
FNDA:0,(anonymous_33)
FNDA:0,(anonymous_34)
FNDA:0,(anonymous_35)
FNDA:0,(anonymous_36)
FNDA:0,(anonymous_37)
FNDA:0,(anonymous_38)
FNDA:0,(anonymous_39)
FNDA:0,(anonymous_40)
FNDA:0,(anonymous_41)
FNDA:0,(anonymous_42)
FNDA:0,(anonymous_43)
FNDA:0,(anonymous_44)
FNDA:0,(anonymous_45)
DA:24,1
DA:70,38
DA:74,36
DA:75,29
DA:76,7
DA:77,5
DA:79,2
DA:82,36
DA:83,478
DA:84,34
DA:88,2
DA:95,8
DA:97,1
DA:99,1
DA:101,1
DA:103,1
DA:105,1
DA:107,1
DA:110,2
DA:192,10
DA:198,10
DA:200,1
DA:203,1
DA:211,1
DA:212,1
DA:219,1
DA:220,1
DA:226,1
DA:227,1
DA:233,5
DA:234,5
DA:235,5
DA:243,0
DA:246,0
DA:249,0
DA:258,0
DA:261,0
DA:264,0
DA:265,0
DA:266,0
DA:270,0
DA:277,0
DA:278,0
DA:279,0
DA:280,0
DA:283,0
DA:284,0
DA:285,0
DA:288,0
DA:289,0
DA:290,0
DA:293,0
DA:298,0
DA:300,0
DA:302,0
DA:304,0
DA:305,0
DA:308,0
DA:309,0
DA:314,0
DA:317,0
DA:318,0
DA:321,0
DA:324,0
DA:325,0
DA:326,0
DA:330,0
DA:333,0
DA:334,0
DA:337,0
DA:339,0
DA:340,0
DA:342,0
DA:343,0
DA:345,0
DA:346,0
DA:351,0
DA:352,0
DA:355,0
DA:359,0
DA:361,0
DA:368,0
DA:369,0
DA:372,0
DA:375,0
DA:376,0
DA:377,0
DA:379,0
DA:391,0
DA:392,0
DA:393,0
DA:396,0
DA:400,0
DA:401,0
DA:403,0
DA:410,0
DA:413,0
DA:414,0
DA:415,0
DA:418,0
DA:421,0
DA:427,0
DA:432,0
DA:433,0
DA:435,0
DA:437,0
DA:439,0
DA:440,0
DA:443,0
DA:445,0
DA:449,0
DA:451,0
DA:453,0
DA:459,0
DA:462,0
DA:464,0
DA:472,0
DA:476,0
DA:477,0
DA:480,0
DA:482,0
DA:483,0
DA:491,0
DA:494,0
DA:498,0
DA:499,0
DA:500,0
DA:503,0
DA:510,0
DA:511,0
DA:514,0
DA:515,0
DA:518,0
DA:519,0
DA:520,0
DA:526,0
DA:527,0
DA:528,0
DA:531,0
DA:535,0
DA:536,0
DA:540,0
DA:541,0
DA:547,0
DA:548,0
DA:551,0
DA:553,0
DA:564,0
DA:570,0
DA:576,0
DA:577,0
DA:578,0
DA:579,0
DA:582,0
DA:585,0
DA:588,0
DA:591,0
DA:594,0
DA:595,0
DA:602,0
DA:603,0
DA:605,0
DA:607,0
DA:613,0
DA:614,0
DA:615,0
DA:621,0
DA:622,0
DA:623,0
DA:626,0
DA:630,0
DA:632,0
DA:640,0
DA:641,0
DA:642,0
DA:646,0
DA:647,0
DA:650,0
DA:651,0
DA:655,0
DA:656,0
DA:657,0
DA:658,0
DA:661,0
DA:662,0
DA:664,0
DA:665,0
DA:666,0
DA:668,0
DA:670,0
DA:672,0
DA:673,0
DA:674,0
DA:686,0
DA:692,0
DA:693,0
DA:695,0
DA:698,0
DA:699,0
DA:701,0
DA:702,0
DA:704,0
DA:706,0
DA:707,0
DA:708,0
DA:709,0
DA:713,0
DA:714,0
DA:717,0
DA:718,0
DA:719,0
DA:720,0
DA:721,0
DA:722,0
DA:723,0
DA:725,0
DA:731,0
DA:732,0
DA:733,0
DA:740,0
DA:741,0
DA:743,0
DA:744,0
DA:745,0
DA:746,0
DA:751,0
DA:752,0
DA:754,0
DA:755,0
DA:758,0
DA:761,0
DA:766,0
DA:774,0
DA:776,0
DA:777,0
DA:783,0
DA:784,0
DA:785,0
DA:786,0
DA:787,0
DA:792,0
DA:793,0
DA:795,0
DA:800,0
DA:803,0
DA:804,0
DA:805,0
DA:808,0
DA:811,0
DA:817,0
DA:818,0
DA:819,0
DA:820,0
DA:829,0
DA:833,0
DA:834,0
DA:836,0
DA:839,0
DA:842,0
DA:843,0
DA:844,0
DA:854,0
DA:855,0
DA:858,0
DA:860,0
DA:863,0
DA:864,0
DA:865,0
DA:868,0
DA:874,0
DA:875,0
DA:879,0
DA:880,0
DA:881,0
DA:882,0
DA:889,0
DA:891,0
DA:893,0
DA:895,0
DA:896,0
DA:906,0
DA:910,0
DA:912,0
DA:918,0
DA:920,0
DA:931,0
DA:932,0
DA:933,0
DA:943,0
DA:944,0
DA:947,0
DA:948,0
DA:949,0
DA:950,0
DA:960,0
DA:961,0
DA:963,0
DA:964,0
DA:967,0
DA:968,0
DA:969,0
DA:971,0
DA:972,0
DA:973,0
DA:977,0
DA:984,0
DA:986,0
DA:989,0
DA:990,0
DA:991,0
DA:993,0
DA:994,0
DA:995,0
DA:998,0
DA:999,0
DA:1000,0
DA:1001,0
DA:1002,0
DA:1003,0
DA:1004,0
DA:1005,0
DA:1006,0
DA:1007,0
DA:1008,0
DA:1009,0
DA:1010,0
DA:1011,0
DA:1012,0
DA:1018,0
DA:1019,0
DA:1020,0
DA:1021,0
DA:1022,0
DA:1030,0
DA:1031,0
DA:1034,0
DA:1036,0
DA:1037,0
DA:1039,0
DA:1043,0
DA:1044,0
DA:1048,0
DA:1051,0
DA:1052,0
DA:1053,0
DA:1057,0
DA:1063,0
DA:1064,0
DA:1067,0
DA:1068,0
DA:1074,0
DA:1076,0
DA:1077,0
DA:1078,0
DA:1080,0
DA:1081,0
DA:1082,0
DA:1085,0
DA:1086,0
DA:1087,0
DA:1088,0
DA:1089,0
DA:1096,0
DA:1099,0
DA:1105,0
DA:1110,0
DA:1119,0
LF:367
LH:32
BRDA:70,0,0,2
BRDA:70,0,1,36
BRDA:74,1,0,29
BRDA:74,1,1,7
BRDA:76,2,0,5
BRDA:76,2,1,2
BRDA:76,3,0,7
BRDA:76,3,1,5
BRDA:76,3,2,5
BRDA:83,4,0,34
BRDA:83,4,1,102
BRDA:95,5,0,1
BRDA:95,5,1,1
BRDA:95,5,2,1
BRDA:95,5,3,1
BRDA:95,5,4,1
BRDA:95,5,5,1
BRDA:95,5,6,2
BRDA:95,5,7,2
BRDA:110,6,0,1
BRDA:110,6,1,1
BRDA:198,7,0,1
BRDA:198,7,1,1
BRDA:198,7,2,1
BRDA:198,7,3,1
BRDA:198,7,4,1
BRDA:198,7,5,5
BRDA:198,7,6,0
BRDA:198,7,7,0
BRDA:198,7,8,0
BRDA:211,8,0,0
BRDA:211,8,1,1
BRDA:219,9,0,0
BRDA:219,9,1,1
BRDA:226,10,0,0
BRDA:226,10,1,1
BRDA:226,11,0,1
BRDA:226,11,1,0
BRDA:233,12,0,5
BRDA:233,12,1,3
BRDA:234,13,0,5
BRDA:234,13,1,0
BRDA:308,14,0,0
BRDA:308,14,1,0
BRDA:317,15,0,0
BRDA:317,15,1,0
BRDA:325,16,0,0
BRDA:325,16,1,0
BRDA:330,17,0,0
BRDA:330,17,1,0
BRDA:339,18,0,0
BRDA:339,18,1,0
BRDA:339,19,0,0
BRDA:339,19,1,0
BRDA:339,19,2,0
BRDA:342,20,0,0
BRDA:342,20,1,0
BRDA:345,21,0,0
BRDA:345,21,1,0
BRDA:351,22,0,0
BRDA:351,22,1,0
BRDA:368,23,0,0
BRDA:368,23,1,0
BRDA:376,24,0,0
BRDA:376,24,1,0
BRDA:392,25,0,0
BRDA:392,25,1,0
BRDA:392,26,0,0
BRDA:392,26,1,0
BRDA:433,27,0,0
BRDA:433,27,1,0
BRDA:443,28,0,0
BRDA:443,28,1,0
BRDA:449,29,0,0
BRDA:449,29,1,0
BRDA:449,29,2,0
BRDA:451,30,0,0
BRDA:451,30,1,0
BRDA:476,31,0,0
BRDA:476,31,1,0
BRDA:482,32,0,0
BRDA:482,32,1,0
BRDA:498,33,0,0
BRDA:498,33,1,0
BRDA:506,34,0,0
BRDA:506,34,1,0
BRDA:510,35,0,0
BRDA:510,35,1,0
BRDA:518,36,0,0
BRDA:518,36,1,0
BRDA:518,37,0,0
BRDA:518,37,1,0
BRDA:526,38,0,0
BRDA:526,38,1,0
BRDA:526,39,0,0
BRDA:526,39,1,0
BRDA:531,40,0,0
BRDA:531,40,1,0
BRDA:535,41,0,0
BRDA:535,41,1,0
BRDA:535,42,0,0
BRDA:535,42,1,0
BRDA:547,43,0,0
BRDA:547,43,1,0
BRDA:603,44,0,0
BRDA:603,44,1,0
BRDA:614,45,0,0
BRDA:614,45,1,0
BRDA:614,46,0,0
BRDA:614,46,1,0
BRDA:641,47,0,0
BRDA:641,47,1,0
BRDA:646,48,0,0
BRDA:646,48,1,0
BRDA:646,49,0,0
BRDA:646,49,1,0
BRDA:650,50,0,0
BRDA:650,50,1,0
BRDA:656,51,0,0
BRDA:656,51,1,0
BRDA:662,52,0,0
BRDA:662,52,1,0
BRDA:673,53,0,0
BRDA:673,53,1,0
BRDA:693,54,0,0
BRDA:693,54,1,0
BRDA:701,55,0,0
BRDA:701,55,1,0
BRDA:704,56,0,0
BRDA:704,56,1,0
BRDA:706,57,0,0
BRDA:706,57,1,0
BRDA:708,58,0,0
BRDA:708,58,1,0
BRDA:713,59,0,0
BRDA:713,59,1,0
BRDA:718,60,0,0
BRDA:718,60,1,0
BRDA:718,61,0,0
BRDA:718,61,1,0
BRDA:722,62,0,0
BRDA:722,62,1,0
BRDA:731,63,0,0
BRDA:731,63,1,0
BRDA:731,64,0,0
BRDA:731,64,1,0
BRDA:741,65,0,0
BRDA:741,65,1,0
BRDA:745,66,0,0
BRDA:745,66,1,0
BRDA:752,67,0,0
BRDA:752,67,1,0
BRDA:755,68,0,0
BRDA:755,68,1,0
BRDA:761,69,0,0
BRDA:761,69,1,0
BRDA:761,69,2,0
BRDA:761,69,3,0
BRDA:764,70,0,0
BRDA:764,70,1,0
BRDA:776,71,0,0
BRDA:776,71,1,0
BRDA:776,72,0,0
BRDA:776,72,1,0
BRDA:786,73,0,0
BRDA:786,73,1,0
BRDA:804,74,0,0
BRDA:804,74,1,0
BRDA:819,75,0,0
BRDA:819,75,1,0
BRDA:833,76,0,0
BRDA:833,76,1,0
BRDA:843,77,0,0
BRDA:843,77,1,0
BRDA:855,78,0,0
BRDA:855,78,1,0
BRDA:860,79,0,0
BRDA:860,79,1,0
BRDA:863,80,0,0
BRDA:863,80,1,0
BRDA:874,81,0,0
BRDA:874,81,1,0
BRDA:874,82,0,0
BRDA:874,82,1,0
BRDA:880,83,0,0
BRDA:880,83,1,0
BRDA:891,84,0,0
BRDA:891,84,1,0
BRDA:891,85,0,0
BRDA:891,85,1,0
BRDA:891,85,2,0
BRDA:891,85,3,0
BRDA:895,86,0,0
BRDA:895,86,1,0
BRDA:918,87,0,0
BRDA:918,87,1,0
BRDA:918,88,0,0
BRDA:918,88,1,0
BRDA:918,88,2,0
BRDA:931,89,0,0
BRDA:931,89,1,0
BRDA:931,90,0,0
BRDA:931,90,1,0
BRDA:944,91,0,0
BRDA:944,91,1,0
BRDA:948,92,0,0
BRDA:948,92,1,0
BRDA:967,93,0,0
BRDA:967,93,1,0
BRDA:971,94,0,0
BRDA:971,94,1,0
BRDA:989,95,0,0
BRDA:989,95,1,0
BRDA:993,96,0,0
BRDA:993,96,1,0
BRDA:1019,97,0,0
BRDA:1019,97,1,0
BRDA:1021,98,0,0
BRDA:1021,98,1,0
BRDA:1031,99,0,0
BRDA:1031,99,1,0
BRDA:1031,100,0,0
BRDA:1031,100,1,0
BRDA:1031,100,2,0
BRDA:1034,101,0,0
BRDA:1034,101,1,0
BRDA:1034,101,2,0
BRDA:1036,102,0,0
BRDA:1036,102,1,0
BRDA:1052,103,0,0
BRDA:1052,103,1,0
BRDA:1076,104,0,0
BRDA:1076,104,1,0
BRDA:1080,105,0,0
BRDA:1080,105,1,0
BRDA:1096,106,0,0
BRDA:1096,106,1,0
BRDA:1099,107,0,0
BRDA:1099,107,1,0
BRDA:1099,107,2,0
BRDA:1099,107,3,0
BRDA:1099,107,4,0
BRDA:1099,107,5,0
BRF:243
BRH:34
end_of_record
TN:
SF:services/folderNavigationManager.ts
FN:51,(anonymous_0)
FN:53,(anonymous_1)
FN:60,(anonymous_2)
FN:70,(anonymous_3)
FN:79,(anonymous_4)
FN:81,(anonymous_5)
FN:84,(anonymous_6)
FN:100,(anonymous_7)
FN:115,(anonymous_8)
FN:150,(anonymous_9)
FN:169,(anonymous_10)
FN:182,(anonymous_11)
FN:272,(anonymous_12)
FN:345,(anonymous_13)
FN:362,(anonymous_14)
FNF:15
FNH:15
FNDA:1,(anonymous_0)
FNDA:1,(anonymous_1)
FNDA:4,(anonymous_2)
FNDA:1,(anonymous_3)
FNDA:101,(anonymous_4)
FNDA:48,(anonymous_5)
FNDA:123,(anonymous_6)
FNDA:25,(anonymous_7)
FNDA:5,(anonymous_8)
FNDA:3,(anonymous_9)
FNDA:1,(anonymous_10)
FNDA:33,(anonymous_11)
FNDA:6,(anonymous_12)
FNDA:2,(anonymous_13)
FNDA:28,(anonymous_14)
DA:22,1
DA:23,1
DA:24,1
DA:25,1
DA:26,1
DA:28,1
DA:30,1
DA:31,1
DA:32,1
DA:44,1
DA:46,1
DA:48,1
DA:49,1
DA:54,1
DA:55,1
DA:57,1
DA:61,4
DA:63,4
DA:68,4
DA:70,4
DA:71,1
DA:72,1
DA:80,101
DA:81,101
DA:85,123
DA:101,25
DA:108,25
DA:109,25
DA:116,5
DA:117,1
DA:120,1
DA:123,4
DA:125,3
DA:128,3
DA:129,3
DA:130,3
DA:134,1
DA:135,1
DA:137,1
DA:143,1
DA:144,1
DA:151,3
DA:152,2
DA:155,1
DA:161,1
DA:162,1
DA:163,1
DA:170,1
DA:175,1
DA:176,1
DA:183,33
DA:184,0
DA:187,33
DA:188,33
DA:189,33
DA:192,33
DA:193,3
DA:199,3
DA:200,3
DA:201,3
DA:202,3
DA:203,3
DA:204,3
DA:207,30
DA:208,30
DA:209,30
DA:210,30
DA:211,30
DA:212,30
DA:215,30
DA:216,30
DA:218,30
DA:224,30
DA:234,28
DA:235,28
DA:236,28
DA:237,28
DA:240,28
DA:247,28
DA:248,28
DA:250,28
DA:257,2
DA:258,2
DA:259,2
DA:261,2
DA:265,30
DA:273,6
DA:274,1
DA:277,5
DA:278,5
DA:280,5
DA:281,5
DA:282,5
DA:285,5
DA:287,5
DA:293,5
DA:304,4
DA:305,2
DA:306,2
DA:307,2
DA:308,2
DA:312,2
DA:315,2
DA:316,2
DA:317,2
DA:318,2
DA:323,2
DA:324,2
DA:326,2
DA:332,1
DA:333,1
DA:334,1
DA:336,1
DA:346,2
DA:347,2
DA:348,2
DA:350,2
DA:355,2
DA:356,2
DA:363,28
DA:364,28
DA:365,28
DA:366,28
DA:367,28
DA:368,28
DA:369,28
DA:370,28
DA:371,28
DA:373,28
DA:379,1
LF:130
LH:129
BRDA:54,0,0,1
BRDA:54,0,1,0
BRDA:93,1,0,80
BRDA:93,1,1,43
BRDA:116,2,0,1
BRDA:116,2,1,4
BRDA:123,3,0,3
BRDA:123,3,1,1
BRDA:143,4,0,1
BRDA:143,4,1,0
BRDA:151,5,0,2
BRDA:151,5,1,1
BRDA:151,6,0,3
BRDA:151,6,1,2
BRDA:163,7,0,1
BRDA:163,7,1,0
BRDA:183,8,0,0
BRDA:183,8,1,33
BRDA:187,9,0,33
BRDA:187,9,1,4
BRDA:192,10,0,3
BRDA:192,10,1,30
BRDA:192,11,0,33
BRDA:192,11,1,4
BRDA:200,12,0,3
BRDA:200,12,1,3
BRDA:224,13,0,2
BRDA:224,13,1,28
BRDA:224,14,0,30
BRDA:224,14,1,2
BRDA:237,15,0,28
BRDA:237,15,1,28
BRDA:257,16,0,2
BRDA:257,16,1,0
BRDA:273,17,0,1
BRDA:273,17,1,5
BRDA:273,18,0,6
BRDA:273,18,1,5
BRDA:273,18,2,5
BRDA:278,19,0,5
BRDA:278,19,1,0
BRDA:293,20,0,1
BRDA:293,20,1,4
BRDA:293,21,0,5
BRDA:293,21,1,1
BRDA:298,22,0,4
BRDA:298,22,1,0
BRDA:304,23,0,2
BRDA:304,23,1,2
BRDA:318,24,0,2
BRDA:318,24,1,2
BRDA:332,25,0,1
BRDA:332,25,1,0
BRDA:347,26,0,2
BRDA:347,26,1,0
BRDA:348,27,0,2
BRDA:348,27,1,0
BRDA:356,28,0,2
BRDA:356,28,1,0
BRF:59
BRH:48
end_of_record
TN:
SF:services/jellyfinApi.ts
FN:68,migrateOldConfigFormat
FN:98,(anonymous_1)
FN:99,(anonymous_2)
FN:100,(anonymous_3)
FN:110,isConfigReady
FN:118,waitForConfig
FN:133,getConfig
FN:195,refreshConfig
FN:204,syncDevCredentials
FN:248,fetchDemoCredentials
FN:252,(anonymous_10)
FN:327,connectToDemoServer
FN:339,(anonymous_12)
FN:388,(anonymous_13)
FN:389,(anonymous_14)
FN:390,(anonymous_15)
FN:401,(anonymous_16)
FN:404,(anonymous_17)
FN:432,(anonymous_18)
FN:433,(anonymous_19)
FN:434,(anonymous_20)
FN:493,isDemoMode
FN:509,disconnectFromDemo
FN:550,getQualitySettings
FN:587,(anonymous_24)
FN:590,(anonymous_25)
FN:599,fetchLibraryName
FN:608,(anonymous_27)
FN:612,(anonymous_28)
FN:640,(anonymous_29)
FN:647,(anonymous_30)
FN:694,fetchLibraryVideos
FN:716,(anonymous_32)
FN:735,parseYearsFromQuery
FN:820,fetchSeriesEpisodes
FN:834,(anonymous_35)
FN:880,searchVideos
FN:903,(anonymous_37)
FN:932,(anonymous_38)
FN:936,(anonymous_39)
FN:958,isFolder
FN:977,fetchUserViews
FN:985,(anonymous_42)
FN:989,(anonymous_43)
FN:1029,fetchFolderContents
FN:1042,(anonymous_45)
FN:1056,(anonymous_46)
FN:1095,fetchPlaylistContents
FN:1103,(anonymous_48)
FN:1114,(anonymous_49)
FN:1162,getFolderThumbnailUrl
FN:1175,requestLibraryItems
FN:1236,(anonymous_52)
FN:1280,getVideoStreamUrl
FN:1313,getTranscodingStreamUrl
FN:1357,(anonymous_55)
FN:1365,(anonymous_56)
FN:1375,(anonymous_57)
FN:1393,(anonymous_58)
FN:1401,(anonymous_59)
FN:1438,getPosterUrl
FN:1448,hasPoster
FN:1458,formatDuration
FN:1474,fetchVideoDetails
FN:1480,(anonymous_64)
FN:1485,(anonymous_65)
FN:1537,(anonymous_66)
FN:1550,(anonymous_67)
FN:1592,isCodecSupported
FN:1642,isAudioOnly
FN:1648,(anonymous_70)
FN:1649,(anonymous_71)
FN:1659,needsTranscoding
FN:1665,(anonymous_73)
FN:1697,getSubtitleTracks
FN:1703,(anonymous_75)
FN:1751,getAudioTracks
FN:1757,(anonymous_77)
FN:1792,getSubtitleUrl
FNF:79
FNH:42
FNDA:60,migrateOldConfigFormat
FNDA:3,(anonymous_1)
FNDA:3,(anonymous_2)
FNDA:3,(anonymous_3)
FNDA:0,isConfigReady
FNDA:0,waitForConfig
FNDA:55,getConfig
FNDA:29,refreshConfig
FNDA:5,syncDevCredentials
FNDA:17,fetchDemoCredentials
FNDA:0,(anonymous_10)
FNDA:12,connectToDemoServer
FNDA:17,(anonymous_12)
FNDA:0,(anonymous_13)
FNDA:0,(anonymous_14)
FNDA:0,(anonymous_15)
FNDA:4,(anonymous_16)
FNDA:0,(anonymous_17)
FNDA:0,(anonymous_18)
FNDA:0,(anonymous_19)
FNDA:0,(anonymous_20)
FNDA:4,isDemoMode
FNDA:3,disconnectFromDemo
FNDA:4,getQualitySettings
FNDA:6,(anonymous_24)
FNDA:0,(anonymous_25)
FNDA:0,fetchLibraryName
FNDA:0,(anonymous_27)
FNDA:0,(anonymous_28)
FNDA:0,(anonymous_29)
FNDA:0,(anonymous_30)
FNDA:0,fetchLibraryVideos
FNDA:0,(anonymous_32)
FNDA:8,parseYearsFromQuery
FNDA:0,fetchSeriesEpisodes
FNDA:0,(anonymous_35)
FNDA:10,searchVideos
FNDA:8,(anonymous_37)
FNDA:0,(anonymous_38)
FNDA:0,(anonymous_39)
FNDA:0,isFolder
FNDA:0,fetchUserViews
FNDA:0,(anonymous_42)
FNDA:0,(anonymous_43)
FNDA:0,fetchFolderContents
FNDA:0,(anonymous_45)
FNDA:0,(anonymous_46)
FNDA:12,fetchPlaylistContents
FNDA:15,(anonymous_48)
FNDA:0,(anonymous_49)
FNDA:2,getFolderThumbnailUrl
FNDA:8,requestLibraryItems
FNDA:0,(anonymous_52)
FNDA:2,getVideoStreamUrl
FNDA:4,getTranscodingStreamUrl
FNDA:5,(anonymous_55)
FNDA:2,(anonymous_56)
FNDA:2,(anonymous_57)
FNDA:5,(anonymous_58)
FNDA:0,(anonymous_59)
FNDA:2,getPosterUrl
FNDA:3,hasPoster
FNDA:4,formatDuration
FNDA:0,fetchVideoDetails
FNDA:0,(anonymous_64)
FNDA:0,(anonymous_65)
FNDA:0,(anonymous_66)
FNDA:0,(anonymous_67)
FNDA:19,isCodecSupported
FNDA:3,isAudioOnly
FNDA:2,(anonymous_70)
FNDA:3,(anonymous_71)
FNDA:4,needsTranscoding
FNDA:3,(anonymous_73)
FNDA:3,getSubtitleTracks
FNDA:4,(anonymous_75)
FNDA:4,getAudioTracks
FNDA:4,(anonymous_77)
FNDA:4,getSubtitleUrl
DA:10,6
DA:11,6
DA:12,6
DA:14,6
DA:24,6
DA:25,6
DA:26,6
DA:29,6
DA:36,6
DA:39,6
DA:47,6
DA:54,6
DA:55,6
DA:58,6
DA:69,60
DA:77,60
DA:78,57
DA:81,3
DA:82,3
DA:83,3
DA:85,3
DA:94,3
DA:97,3
DA:103,3
DA:111,0
DA:119,0
DA:120,0
DA:121,0
DA:124,0
DA:138,55
DA:140,55
DA:142,55
DA:149,55
DA:151,55
DA:159,55
DA:160,55
DA:162,55
DA:172,55
DA:173,0
DA:178,55
DA:180,0
DA:184,0
DA:196,29
DA:205,5
DA:207,5
DA:208,5
DA:209,0
DA:212,0
DA:216,5
DA:217,5
DA:218,3
DA:222,2
DA:223,2
DA:228,0
DA:233,0
DA:237,0
DA:249,17
DA:251,17
DA:252,17
DA:254,17
DA:255,17
DA:270,12
DA:272,12
DA:273,5
DA:274,4
DA:275,1
DA:276,0
DA:277,1
DA:278,1
DA:280,0
DA:286,7
DA:287,7
DA:288,7
DA:289,1
DA:291,6
DA:293,1
DA:294,1
DA:296,0
DA:299,6
DA:300,1
DA:303,5
DA:309,5
DA:314,12
DA:315,12
DA:316,2
DA:318,10
DA:328,12
DA:329,12
DA:330,12
DA:332,12
DA:333,12
DA:339,17
DA:344,5
DA:345,5
DA:346,5
DA:348,5
DA:353,7
DA:359,7
DA:364,7
DA:365,7
DA:367,0
DA:370,5
DA:372,5
DA:379,5
DA:385,5
DA:387,1
DA:392,1
DA:396,4
DA:399,4
DA:400,4
DA:402,4
DA:403,4
DA:404,4
DA:406,4
DA:407,4
DA:415,4
DA:417,4
DA:418,2
DA:421,2
DA:423,2
DA:424,2
DA:431,2
DA:438,2
DA:440,2
DA:444,2
DA:448,2
DA:449,2
DA:450,2
DA:451,0
DA:452,0
DA:453,0
DA:454,0
DA:459,2
DA:464,0
DA:469,2
DA:474,3
DA:479,3
DA:480,1
DA:484,2
DA:485,2
DA:494,4
DA:495,4
DA:496,3
DA:498,1
DA:501,1
DA:510,3
DA:512,3
DA:520,2
DA:523,2
DA:524,2
DA:525,0
DA:526,0
DA:527,0
DA:530,2
DA:535,2
DA:539,1
DA:542,1
DA:557,4
DA:558,4
DA:559,4
DA:562,4
DA:563,4
DA:565,4
DA:573,0
DA:574,0
DA:575,0
DA:586,6
DA:588,6
DA:591,0
DA:600,0
DA:601,0
DA:603,0
DA:604,0
DA:607,0
DA:609,0
DA:611,0
DA:612,0
DA:614,0
DA:615,0
DA:624,0
DA:626,0
DA:627,0
DA:631,0
DA:634,0
DA:637,0
DA:640,0
DA:647,0
DA:650,0
DA:651,0
DA:652,0
DA:659,0
DA:660,0
DA:666,0
DA:671,0
DA:673,0
DA:674,0
DA:677,0
DA:683,0
DA:686,0
DA:695,0
DA:697,0
DA:698,0
DA:705,0
DA:708,0
DA:715,0
DA:717,0
DA:736,8
DA:737,8
DA:740,8
DA:741,8
DA:742,0
DA:743,0
DA:744,0
DA:745,0
DA:746,0
DA:748,0
DA:753,8
DA:754,8
DA:755,0
DA:756,0
DA:757,0
DA:758,0
DA:763,8
DA:764,8
DA:765,0
DA:766,0
DA:768,0
DA:769,0
DA:770,0
DA:772,0
DA:776,8
DA:777,8
DA:778,0
DA:779,0
DA:780,0
DA:781,0
DA:786,8
DA:787,0
DA:788,0
DA:792,8
DA:793,0
DA:794,0
DA:795,0
DA:796,0
DA:798,0
DA:802,8
DA:803,0
DA:805,0
DA:806,0
DA:807,0
DA:808,0
DA:810,0
DA:813,8
DA:821,0
DA:831,0
DA:833,0
DA:834,0
DA:836,0
DA:837,0
DA:846,0
DA:848,0
DA:849,0
DA:855,0
DA:858,0
DA:859,0
DA:861,0
DA:862,0
DA:868,0
DA:881,10
DA:882,10
DA:883,2
DA:886,8
DA:887,8
DA:888,0
DA:892,8
DA:894,8
DA:902,8
DA:905,8
DA:916,8
DA:917,8
DA:919,8
DA:920,10
DA:921,0
DA:923,10
DA:928,8
DA:929,0
DA:932,0
DA:936,0
DA:937,0
DA:939,0
DA:940,0
DA:946,8
DA:959,0
DA:978,0
DA:980,0
DA:981,0
DA:984,0
DA:986,0
DA:988,0
DA:989,0
DA:991,0
DA:992,0
DA:1001,0
DA:1003,0
DA:1004,0
DA:1007,0
DA:1008,0
DA:1009,0
DA:1014,0
DA:1015,0
DA:1031,0
DA:1032,0
DA:1035,0
DA:1037,0
DA:1038,0
DA:1041,0
DA:1043,0
DA:1053,0
DA:1055,0
DA:1056,0
DA:1058,0
DA:1059,0
DA:1068,0
DA:1070,0
DA:1071,0
DA:1074,0
DA:1075,0
DA:1080,0
DA:1081,0
DA:1096,12
DA:1098,12
DA:1099,1
DA:1102,11
DA:1104,15
DA:1111,15
DA:1113,15
DA:1114,15
DA:1116,15
DA:1117,15
DA:1126,10
DA:1128,10
DA:1129,2
DA:1132,7
DA:1133,7
DA:1136,7
DA:1145,7
DA:1150,8
DA:1151,8
DA:1163,2
DA:1164,0
DA:1166,2
DA:1203,8
DA:1204,8
DA:1205,8
DA:1208,8
DA:1218,8
DA:1219,8
DA:1222,8
DA:1223,0
DA:1226,8
DA:1228,8
DA:1235,8
DA:1236,8
DA:1238,8
DA:1239,8
DA:1248,8
DA:1250,8
DA:1251,0
DA:1257,0
DA:1260,8
DA:1261,8
DA:1266,0
DA:1267,0
DA:1268,0
DA:1270,0
DA:1281,2
DA:1282,0
DA:1283,0
DA:1286,2
DA:1288,2
DA:1294,2
DA:1318,4
DA:1319,0
DA:1320,0
DA:1324,4
DA:1328,4
DA:1332,4
DA:1353,4
DA:1356,2
DA:1357,5
DA:1360,2
DA:1363,1
DA:1365,2
DA:1366,1
DA:1368,1
DA:1375,2
DA:1381,1
DA:1392,2
DA:1393,5
DA:1396,2
DA:1397,0
DA:1401,0
DA:1407,4
DA:1408,0
DA:1409,0
DA:1416,4
DA:1424,4
DA:1430,4
DA:1439,2
DA:1440,0
DA:1442,2
DA:1449,3
DA:1459,4
DA:1460,4
DA:1461,4
DA:1462,4
DA:1464,4
DA:1465,2
DA:1467,2
DA:1475,0
DA:1476,0
DA:1479,0
DA:1482,0
DA:1484,0
DA:1485,0
DA:1487,0
DA:1488,0
DA:1497,0
DA:1499,0
DA:1500,0
DA:1503,0
DA:1506,0
DA:1508,0
DA:1509,0
DA:1514,0
DA:1515,0
DA:1523,0
DA:1524,0
DA:1527,0
DA:1530,0
DA:1537,0
DA:1539,0
DA:1550,0
DA:1559,0
DA:1561,0
DA:1562,0
DA:1563,0
DA:1565,0
DA:1571,0
DA:1574,0
DA:1593,19
DA:1596,19
DA:1597,4
DA:1600,15
DA:1601,3
DA:1605,12
DA:1606,3
DA:1609,9
DA:1610,2
DA:1613,7
DA:1614,1
DA:1617,6
DA:1618,2
DA:1621,4
DA:1622,1
DA:1625,3
DA:1626,2
DA:1631,1
DA:1635,1
DA:1643,3
DA:1644,1
DA:1648,2
DA:1649,3
DA:1652,2
DA:1660,4
DA:1661,1
DA:1665,3
DA:1667,3
DA:1668,1
DA:1671,2
DA:1673,2
DA:1679,2
DA:1698,3
DA:1699,2
DA:1703,4
DA:1705,1
DA:1706,0
DA:1709,1
DA:1711,1
DA:1714,3
DA:1717,2
DA:1723,2
DA:1724,2
DA:1733,1
DA:1752,4
DA:1753,2
DA:1756,2
DA:1757,4
DA:1760,2
DA:1761,0
DA:1764,2
DA:1766,2
DA:1767,3
DA:1772,3
DA:1774,3
DA:1782,2
DA:1793,4
DA:1794,0
DA:1801,4
LF:509
LH:299
BRDA:10,0,0,6
BRDA:10,0,1,6
BRDA:11,1,0,6
BRDA:11,1,1,6
BRDA:12,2,0,6
BRDA:12,2,1,6
BRDA:77,3,0,57
BRDA:77,3,1,3
BRDA:77,4,0,60
BRDA:77,4,1,13
BRDA:81,5,0,3
BRDA:81,5,1,1
BRDA:82,6,0,3
BRDA:82,6,1,1
BRDA:111,7,0,0
BRDA:111,7,1,0
BRDA:111,7,2,0
BRDA:119,8,0,0
BRDA:119,8,1,0
BRDA:120,9,0,0
BRDA:120,9,1,0
BRDA:149,10,0,55
BRDA:149,10,1,55
BRDA:149,10,2,9
BRDA:154,11,0,55
BRDA:154,11,1,9
BRDA:155,12,0,55
BRDA:155,12,1,9
BRDA:172,13,0,0
BRDA:172,13,1,55
BRDA:172,14,0,55
BRDA:172,14,1,9
BRDA:208,15,0,0
BRDA:208,15,1,5
BRDA:217,16,0,3
BRDA:217,16,1,2
BRDA:222,17,0,2
BRDA:222,17,1,0
BRDA:222,18,0,2
BRDA:222,18,1,0
BRDA:222,18,2,0
BRDA:272,19,0,5
BRDA:272,19,1,7
BRDA:273,20,0,4
BRDA:273,20,1,1
BRDA:273,21,0,5
BRDA:273,21,1,3
BRDA:275,22,0,0
BRDA:275,22,1,1
BRDA:277,23,0,1
BRDA:277,23,1,0
BRDA:277,24,0,1
BRDA:277,24,1,0
BRDA:288,25,0,1
BRDA:288,25,1,6
BRDA:293,26,0,1
BRDA:293,26,1,0
BRDA:293,27,0,1
BRDA:293,27,1,1
BRDA:299,28,0,1
BRDA:299,28,1,5
BRDA:299,29,0,6
BRDA:299,29,1,5
BRDA:315,30,0,2
BRDA:315,30,1,10
BRDA:315,31,0,12
BRDA:315,31,1,12
BRDA:327,32,0,12
BRDA:356,33,0,7
BRDA:356,33,1,0
BRDA:364,34,0,7
BRDA:364,34,1,0
BRDA:385,35,0,1
BRDA:385,35,1,4
BRDA:385,36,0,5
BRDA:385,36,1,4
BRDA:385,36,2,4
BRDA:417,37,0,2
BRDA:417,37,1,2
BRDA:448,38,0,2
BRDA:448,38,1,0
BRDA:479,39,0,1
BRDA:479,39,1,2
BRDA:479,40,0,3
BRDA:479,40,1,3
BRDA:479,40,2,3
BRDA:479,40,3,2
BRDA:484,41,0,2
BRDA:484,41,1,0
BRDA:559,42,0,1
BRDA:559,42,1,3
BRDA:562,43,0,4
BRDA:562,43,1,0
BRDA:562,44,0,4
BRDA:562,44,1,4
BRDA:603,45,0,0
BRDA:603,45,1,0
BRDA:603,46,0,0
BRDA:603,46,1,0
BRDA:603,46,2,0
BRDA:626,47,0,0
BRDA:626,47,1,0
BRDA:639,48,0,0
BRDA:639,48,1,0
BRDA:647,49,0,0
BRDA:647,49,1,0
BRDA:650,50,0,0
BRDA:650,50,1,0
BRDA:650,51,0,0
BRDA:650,51,1,0
BRDA:650,51,2,0
BRDA:659,52,0,0
BRDA:659,52,1,0
BRDA:671,53,0,0
BRDA:671,53,1,0
BRDA:694,54,0,0
BRDA:694,55,0,0
BRDA:694,56,0,0
BRDA:697,57,0,0
BRDA:697,57,1,0
BRDA:697,58,0,0
BRDA:697,58,1,0
BRDA:697,58,2,0
BRDA:703,59,0,0
BRDA:703,59,1,0
BRDA:741,60,0,0
BRDA:741,60,1,8
BRDA:744,61,0,0
BRDA:744,61,1,0
BRDA:744,62,0,0
BRDA:744,62,1,0
BRDA:754,63,0,0
BRDA:754,63,1,8
BRDA:754,64,0,8
BRDA:754,64,1,0
BRDA:756,65,0,0
BRDA:756,65,1,0
BRDA:756,66,0,0
BRDA:756,66,1,0
BRDA:764,67,0,0
BRDA:764,67,1,8
BRDA:764,68,0,8
BRDA:764,68,1,0
BRDA:765,69,0,0
BRDA:765,69,1,0
BRDA:768,70,0,0
BRDA:768,70,1,0
BRDA:768,71,0,0
BRDA:768,71,1,0
BRDA:777,72,0,0
BRDA:777,72,1,8
BRDA:777,73,0,8
BRDA:777,73,1,0
BRDA:779,74,0,0
BRDA:779,74,1,0
BRDA:779,75,0,0
BRDA:779,75,1,0
BRDA:786,76,0,0
BRDA:786,76,1,8
BRDA:786,77,0,8
BRDA:786,77,1,8
BRDA:792,78,0,0
BRDA:792,78,1,8
BRDA:792,79,0,8
BRDA:792,79,1,8
BRDA:802,80,0,0
BRDA:802,80,1,8
BRDA:802,81,0,8
BRDA:802,81,1,8
BRDA:820,82,0,0
BRDA:848,83,0,0
BRDA:848,83,1,0
BRDA:852,84,0,0
BRDA:852,84,1,0
BRDA:859,85,0,0
BRDA:859,85,1,0
BRDA:865,86,0,0
BRDA:865,86,1,0
BRDA:866,87,0,0
BRDA:866,87,1,0
BRDA:880,88,0,6
BRDA:880,89,0,6
BRDA:880,90,0,6
BRDA:882,91,0,2
BRDA:882,91,1,8
BRDA:887,92,0,0
BRDA:887,92,1,8
BRDA:887,93,0,8
BRDA:887,93,1,8
BRDA:887,93,2,8
BRDA:897,94,0,8
BRDA:897,94,1,0
BRDA:898,95,0,0
BRDA:898,95,1,8
BRDA:898,96,0,0
BRDA:898,96,1,0
BRDA:908,97,0,8
BRDA:908,97,1,0
BRDA:909,98,0,0
BRDA:909,98,1,8
BRDA:920,99,0,0
BRDA:920,99,1,10
BRDA:928,100,0,0
BRDA:928,100,1,8
BRDA:948,101,0,8
BRDA:948,101,1,1
BRDA:960,102,0,0
BRDA:960,102,1,0
BRDA:960,102,2,0
BRDA:960,102,3,0
BRDA:960,102,4,0
BRDA:960,102,5,0
BRDA:960,102,6,0
BRDA:960,102,7,0
BRDA:960,102,8,0
BRDA:960,102,9,0
BRDA:980,103,0,0
BRDA:980,103,1,0
BRDA:980,104,0,0
BRDA:980,104,1,0
BRDA:980,104,2,0
BRDA:1003,105,0,0
BRDA:1003,105,1,0
BRDA:1008,106,0,0
BRDA:1008,106,1,0
BRDA:1029,107,0,0
BRDA:1029,108,0,0
BRDA:1029,109,0,0
BRDA:1031,110,0,0
BRDA:1031,110,1,0
BRDA:1037,111,0,0
BRDA:1037,111,1,0
BRDA:1037,112,0,0
BRDA:1037,112,1,0
BRDA:1037,112,2,0
BRDA:1070,113,0,0
BRDA:1070,113,1,0
BRDA:1076,114,0,0
BRDA:1076,114,1,0
BRDA:1095,115,0,10
BRDA:1095,116,0,10
BRDA:1095,117,0,10
BRDA:1098,118,0,1
BRDA:1098,118,1,11
BRDA:1098,119,0,12
BRDA:1098,119,1,11
BRDA:1098,119,2,11
BRDA:1128,120,0,2
BRDA:1128,120,1,7
BRDA:1133,121,0,7
BRDA:1133,121,1,0
BRDA:1162,122,0,1
BRDA:1163,123,0,0
BRDA:1163,123,1,2
BRDA:1163,124,0,2
BRDA:1163,124,1,2
BRDA:1178,125,0,0
BRDA:1179,126,0,0
BRDA:1182,127,0,0
BRDA:1183,128,0,0
BRDA:1184,129,0,0
BRDA:1203,130,0,8
BRDA:1203,130,1,0
BRDA:1204,131,0,8
BRDA:1204,131,1,0
BRDA:1218,132,0,8
BRDA:1218,132,1,0
BRDA:1222,133,0,0
BRDA:1222,133,1,8
BRDA:1222,134,0,8
BRDA:1222,134,1,0
BRDA:1250,135,0,0
BRDA:1250,135,1,8
BRDA:1262,136,0,8
BRDA:1262,136,1,0
BRDA:1267,137,0,0
BRDA:1267,137,1,0
BRDA:1267,138,0,0
BRDA:1267,138,1,0
BRDA:1281,139,0,0
BRDA:1281,139,1,2
BRDA:1281,140,0,2
BRDA:1281,140,1,2
BRDA:1318,141,0,0
BRDA:1318,141,1,4
BRDA:1318,142,0,4
BRDA:1318,142,1,4
BRDA:1328,143,0,4
BRDA:1328,143,1,3
BRDA:1353,144,0,2
BRDA:1353,144,1,2
BRDA:1353,145,0,4
BRDA:1353,145,1,3
BRDA:1357,146,0,5
BRDA:1357,146,1,2
BRDA:1360,147,0,1
BRDA:1360,147,1,1
BRDA:1375,148,0,2
BRDA:1375,148,1,0
BRDA:1393,149,0,5
BRDA:1393,149,1,1
BRDA:1396,150,0,0
BRDA:1396,150,1,2
BRDA:1401,151,0,0
BRDA:1401,151,1,0
BRDA:1407,152,0,0
BRDA:1407,152,1,4
BRDA:1438,153,0,1
BRDA:1439,154,0,0
BRDA:1439,154,1,2
BRDA:1439,155,0,2
BRDA:1439,155,1,2
BRDA:1464,156,0,2
BRDA:1464,156,1,2
BRDA:1499,157,0,0
BRDA:1499,157,1,0
BRDA:1508,158,0,0
BRDA:1508,158,1,0
BRDA:1523,159,0,0
BRDA:1523,159,1,0
BRDA:1533,160,0,0
BRDA:1533,160,1,0
BRDA:1537,161,0,0
BRDA:1537,161,1,0
BRDA:1545,162,0,0
BRDA:1545,162,1,0
BRDA:1548,163,0,0
BRDA:1548,163,1,0
BRDA:1552,164,0,0
BRDA:1552,164,1,0
BRDA:1562,165,0,0
BRDA:1562,165,1,0
BRDA:1562,166,0,0
BRDA:1562,166,1,0
BRDA:1596,167,0,4
BRDA:1596,167,1,15
BRDA:1596,168,0,19
BRDA:1596,168,1,16
BRDA:1600,169,0,3
BRDA:1600,169,1,12
BRDA:1600,170,0,15
BRDA:1600,170,1,13
BRDA:1605,171,0,3
BRDA:1605,171,1,9
BRDA:1605,172,0,12
BRDA:1605,172,1,10
BRDA:1609,173,0,2
BRDA:1609,173,1,7
BRDA:1609,174,0,9
BRDA:1609,174,1,8
BRDA:1613,175,0,1
BRDA:1613,175,1,6
BRDA:1617,176,0,2
BRDA:1617,176,1,4
BRDA:1617,177,0,6
BRDA:1617,177,1,5
BRDA:1621,178,0,1
BRDA:1621,178,1,3
BRDA:1625,179,0,2
BRDA:1625,179,1,1
BRDA:1625,180,0,3
BRDA:1625,180,1,2
BRDA:1643,181,0,1
BRDA:1643,181,1,2
BRDA:1643,182,0,3
BRDA:1643,182,1,2
BRDA:1652,183,0,2
BRDA:1652,183,1,1
BRDA:1660,184,0,1
BRDA:1660,184,1,3
BRDA:1660,185,0,4
BRDA:1660,185,1,3
BRDA:1667,186,0,1
BRDA:1667,186,1,2
BRDA:1667,187,0,3
BRDA:1667,187,1,2
BRDA:1698,188,0,2
BRDA:1698,188,1,1
BRDA:1698,189,0,3
BRDA:1698,189,1,2
BRDA:1705,190,0,0
BRDA:1705,190,1,1
BRDA:1714,191,0,2
BRDA:1714,191,1,1
BRDA:1714,192,0,3
BRDA:1714,192,1,2
BRDA:1719,193,0,2
BRDA:1719,193,1,0
BRDA:1720,194,0,2
BRDA:1720,194,1,0
BRDA:1720,194,2,0
BRDA:1752,195,0,2
BRDA:1752,195,1,2
BRDA:1752,196,0,4
BRDA:1752,196,1,3
BRDA:1757,197,0,4
BRDA:1757,197,1,3
BRDA:1760,198,0,0
BRDA:1760,198,1,2
BRDA:1769,199,0,3
BRDA:1769,199,1,1
BRDA:1770,200,0,3
BRDA:1770,200,1,1
BRDA:1770,200,2,1
BRDA:1792,201,0,1
BRDA:1793,202,0,0
BRDA:1793,202,1,4
BRDA:1793,203,0,4
BRDA:1793,203,1,4
BRF:409
BRH:225
end_of_record
TN:
SF:services/libraryManager.ts
FN:40,(anonymous_0)
FN:44,(anonymous_1)
FN:54,(anonymous_2)
FN:80,(anonymous_3)
FN:92,(anonymous_4)
FN:113,(anonymous_5)
FN:119,(anonymous_6)
FN:133,(anonymous_7)
FN:154,(anonymous_8)
FN:230,(anonymous_9)
FN:291,(anonymous_10)
FN:300,(anonymous_11)
FN:318,(anonymous_12)
FNF:13
FNH:13
FNDA:1,(anonymous_0)
FNDA:1,(anonymous_1)
FNDA:6,(anonymous_2)
FNDA:1,(anonymous_3)
FNDA:105,(anonymous_4)
FNDA:241,(anonymous_5)
FNDA:16,(anonymous_6)
FNDA:22,(anonymous_7)
FNDA:27,(anonymous_8)
FNDA:4,(anonymous_9)
FNDA:1,(anonymous_10)
FNDA:32,(anonymous_11)
FNDA:4,(anonymous_12)
DA:22,1
DA:23,1
DA:24,1
DA:25,1
DA:26,1
DA:27,1
DA:29,1
DA:30,1
DA:31,1
DA:32,1
DA:33,1
DA:35,1
DA:37,1
DA:38,1
DA:45,1
DA:46,1
DA:48,1
DA:55,6
DA:57,6
DA:70,6
DA:80,6
DA:81,1
DA:82,1
DA:93,105
DA:102,105
DA:113,241
DA:120,16
DA:134,22
DA:135,1
DA:138,21
DA:139,21
DA:140,21
DA:141,21
DA:142,21
DA:144,0
DA:147,0
DA:156,27
DA:157,1
DA:160,1
DA:164,26
DA:165,26
DA:166,26
DA:167,2
DA:172,2
DA:175,24
DA:176,24
DA:177,24
DA:178,24
DA:179,24
DA:180,24
DA:181,24
DA:183,24
DA:190,24
DA:195,22
DA:196,22
DA:197,22
DA:198,22
DA:199,22
DA:202,22
DA:204,22
DA:205,22
DA:207,22
DA:214,2
DA:215,2
DA:216,2
DA:217,2
DA:219,2
DA:223,24
DA:232,4
DA:233,2
DA:239,2
DA:242,2
DA:243,2
DA:244,2
DA:245,2
DA:247,2
DA:254,2
DA:260,2
DA:261,2
DA:262,2
DA:263,2
DA:265,2
DA:266,2
DA:268,2
DA:276,0
DA:277,0
DA:278,0
DA:280,0
DA:282,0
DA:292,1
DA:293,1
DA:294,1
DA:301,32
DA:302,32
DA:303,32
DA:304,32
DA:305,32
DA:306,32
DA:307,32
DA:308,32
DA:309,32
DA:310,32
DA:312,32
DA:319,4
DA:320,2
DA:325,1
LF:106
LH:99
BRDA:45,0,0,1
BRDA:45,0,1,0
BRDA:133,1,0,0
BRDA:134,2,0,1
BRDA:134,2,1,21
BRDA:134,3,0,22
BRDA:134,3,1,18
BRDA:154,4,0,23
BRDA:156,5,0,1
BRDA:156,5,1,26
BRDA:166,6,0,2
BRDA:166,6,1,24
BRDA:166,7,0,26
BRDA:166,7,1,22
BRDA:166,7,2,2
BRDA:198,8,0,22
BRDA:198,8,1,22
BRDA:214,9,0,2
BRDA:214,9,1,0
BRDA:232,10,0,2
BRDA:232,10,1,2
BRDA:232,11,0,4
BRDA:232,11,1,3
BRDA:232,11,2,3
BRDA:263,12,0,2
BRDA:263,12,1,2
BRDA:276,13,0,0
BRDA:276,13,1,0
BRDA:319,14,0,2
BRDA:319,14,1,2
BRF:30
BRH:25
end_of_record
TN:
SF:services/multiAudioLoader.ts
FN:44,registerMultiAudioPlugin
FN:97,isMultiAudioAvailable
FN:124,findPreferredAudioTrack
FN:129,(anonymous_3)
FN:142,(anonymous_4)
FN:166,getAudioTracks
FN:192,(anonymous_6)
FN:201,(anonymous_7)
FN:230,(anonymous_8)
FN:237,(anonymous_9)
FN:245,(anonymous_10)
FN:262,prepareMultiAudioPlayback
FN:284,(anonymous_12)
FN:327,shouldUseMultiAudio
FNF:14
FNH:12
FNDA:0,registerMultiAudioPlugin
FNDA:4,isMultiAudioAvailable
FNDA:7,findPreferredAudioTrack
FNDA:11,(anonymous_3)
FNDA:4,(anonymous_4)
FNDA:17,getAudioTracks
FNDA:25,(anonymous_6)
FNDA:21,(anonymous_7)
FNDA:14,(anonymous_8)
FNDA:9,(anonymous_9)
FNDA:7,(anonymous_10)
FNDA:1,prepareMultiAudioPlayback
FNDA:0,(anonymous_12)
FNDA:3,shouldUseMultiAudio
DA:23,7
DA:38,7
DA:46,0
DA:47,0
DA:51,0
DA:55,0
DA:56,0
DA:60,0
DA:64,0
DA:65,0
DA:68,0
DA:71,0
DA:72,0
DA:77,0
DA:79,0
DA:81,0
DA:85,0
DA:89,0
DA:99,4
DA:100,0
DA:104,0
DA:108,4
DA:110,4
DA:117,4
DA:125,7
DA:126,7
DA:129,7
DA:130,11
DA:132,7
DA:133,5
DA:138,5
DA:142,2
DA:143,4
DA:145,2
DA:146,1
DA:151,1
DA:155,1
DA:160,1
DA:168,17
DA:171,17
DA:172,1
DA:173,1
DA:179,17
DA:180,2
DA:188,2
DA:191,15
DA:192,25
DA:195,15
DA:201,15
DA:202,21
DA:213,21
DA:220,21
DA:225,15
DA:226,7
DA:228,7
DA:230,14
DA:233,7
DA:235,7
DA:237,9
DA:245,15
DA:246,7
DA:247,4
DA:248,0
DA:269,1
DA:270,1
DA:274,0
DA:276,0
DA:277,0
DA:280,0
DA:284,0
DA:291,0
DA:293,0
DA:301,0
DA:303,0
DA:310,0
DA:312,0
DA:317,0
DA:331,3
DA:332,3
DA:335,3
DA:338,0
DA:340,0
DA:347,0
LF:83
LH:49
BRDA:46,0,0,0
BRDA:46,0,1,0
BRDA:55,1,0,0
BRDA:55,1,1,0
BRDA:55,2,0,0
BRDA:55,2,1,0
BRDA:64,3,0,0
BRDA:64,3,1,0
BRDA:99,4,0,0
BRDA:99,4,1,4
BRDA:108,5,0,4
BRDA:108,5,1,4
BRDA:108,5,2,0
BRDA:125,6,0,0
BRDA:125,6,1,7
BRDA:126,7,0,0
BRDA:126,7,1,7
BRDA:132,8,0,5
BRDA:132,8,1,2
BRDA:145,9,0,1
BRDA:145,9,1,1
BRDA:171,10,0,1
BRDA:171,10,1,16
BRDA:171,11,0,17
BRDA:171,11,1,16
BRDA:171,11,2,3
BRDA:171,11,3,1
BRDA:175,12,0,1
BRDA:175,12,1,0
BRDA:179,13,0,2
BRDA:179,13,1,15
BRDA:179,14,0,17
BRDA:179,14,1,16
BRDA:184,15,0,2
BRDA:184,15,1,2
BRDA:186,16,0,2
BRDA:186,16,1,2
BRDA:203,17,0,21
BRDA:203,17,1,1
BRDA:204,18,0,21
BRDA:204,18,1,1
BRDA:205,19,0,21
BRDA:205,19,1,0
BRDA:206,20,0,21
BRDA:206,20,1,1
BRDA:208,21,0,21
BRDA:208,21,1,2
BRDA:209,22,0,2
BRDA:209,22,1,1
BRDA:209,23,0,2
BRDA:209,23,1,0
BRDA:210,24,0,21
BRDA:210,24,1,1
BRDA:225,25,0,7
BRDA:225,25,1,8
BRDA:228,26,0,7
BRDA:228,26,1,0
BRDA:237,27,0,7
BRDA:237,27,1,2
BRDA:246,28,0,3
BRDA:246,28,1,4
BRDA:246,29,0,7
BRDA:246,29,1,3
BRDA:247,30,0,4
BRDA:247,30,1,0
BRDA:247,31,0,4
BRDA:247,31,1,4
BRDA:269,32,0,1
BRDA:269,32,1,0
BRDA:276,33,0,0
BRDA:276,33,1,0
BRDA:307,34,0,0
BRDA:307,34,1,0
BRDA:331,35,0,3
BRDA:331,35,1,0
BRF:75
BRH:52
end_of_record
TN:
SF:utils/logger.ts
FN:21,isErrorObject
FN:33,(anonymous_1)
FN:39,(anonymous_2)
FN:46,(anonymous_3)
FN:59,(anonymous_4)
FN:92,(anonymous_5)
FN:101,(anonymous_6)
FN:118,(anonymous_7)
FN:132,(anonymous_8)
FNF:9
FNH:9
FNDA:137,isErrorObject
FNDA:9,(anonymous_1)
FNDA:190,(anonymous_2)
FNDA:190,(anonymous_3)
FNDA:190,(anonymous_4)
FNDA:100,(anonymous_5)
FNDA:47,(anonymous_6)
FNDA:24,(anonymous_7)
FNDA:19,(anonymous_8)
DA:22,137
DA:34,9
DA:36,9
DA:40,190
DA:41,190
DA:42,190
DA:43,190
DA:47,190
DA:48,190
DA:50,190
DA:52,190
DA:53,182
DA:56,190
DA:60,190
DA:61,0
DA:64,190
DA:66,190
DA:69,147
DA:70,147
DA:71,0
DA:73,147
DA:75,24
DA:76,24
DA:77,4
DA:79,24
DA:81,19
DA:82,19
DA:83,18
DA:85,19
DA:93,100
DA:104,47
DA:105,0
DA:106,47
DA:107,46
DA:109,1
DA:120,24
DA:121,4
DA:122,20
DA:123,20
DA:125,0
DA:133,19
DA:138,9
LF:42
LH:38
BRDA:22,0,0,137
BRDA:22,0,1,137
BRDA:22,0,2,136
BRDA:22,0,3,136
BRDA:22,0,4,4
BRDA:36,1,0,9
BRDA:36,1,1,0
BRDA:52,2,0,182
BRDA:52,2,1,8
BRDA:52,3,0,190
BRDA:52,3,1,182
BRDA:60,4,0,0
BRDA:60,4,1,190
BRDA:66,5,0,100
BRDA:66,5,1,147
BRDA:66,5,2,24
BRDA:66,5,3,19
BRDA:70,6,0,0
BRDA:70,6,1,147
BRDA:76,7,0,4
BRDA:76,7,1,20
BRDA:82,8,0,18
BRDA:82,8,1,1
BRDA:104,9,0,0
BRDA:104,9,1,47
BRDA:106,10,0,46
BRDA:106,10,1,1
BRDA:106,11,0,47
BRDA:106,11,1,46
BRDA:106,11,2,46
BRDA:120,12,0,4
BRDA:120,12,1,20
BRDA:122,13,0,20
BRDA:122,13,1,0
BRDA:122,14,0,20
BRDA:122,14,1,20
BRDA:122,14,2,20
BRF:37
BRH:32
end_of_record
TN:
SF:utils/retry.ts
FN:49,isRetryableError
FN:57,(anonymous_1)
FN:61,(anonymous_2)
FN:67,calculateDelay
FN:75,sleep
FN:76,(anonymous_5)
FN:93,retryWithBackoff
FNF:7
FNH:6
FNDA:24,isRetryableError
FNDA:208,(anonymous_1)
FNDA:0,(anonymous_2)
FNDA:10,calculateDelay
FNDA:10,sleep
FNDA:10,(anonymous_5)
FNDA:38,retryWithBackoff
DA:18,7
DA:37,7
DA:50,24
DA:52,24
DA:57,208
DA:58,24
DA:61,9
DA:68,10
DA:69,10
DA:76,10
DA:97,38
DA:100,38
DA:101,48
DA:102,48
DA:104,24
DA:105,3
DA:112,24
DA:114,24
DA:116,24
DA:117,24
DA:119,24
DA:120,9
DA:124,9
DA:127,15
DA:128,5
DA:132,5
DA:135,10
DA:137,10
DA:145,10
DA:150,0
LF:30
LH:29
BRDA:50,0,0,0
BRDA:50,0,1,24
BRDA:52,1,0,24
BRDA:52,1,1,0
BRDA:58,2,0,15
BRDA:58,2,1,9
BRDA:95,3,0,0
BRDA:104,4,0,3
BRDA:104,4,1,21
BRDA:119,5,0,9
BRDA:119,5,1,15
BRDA:122,6,0,9
BRDA:122,6,1,0
BRDA:127,7,0,5
BRDA:127,7,1,10
BRDA:142,8,0,10
BRDA:142,8,1,0
BRF:17
BRH:12
end_of_record
