TN:
SF:hooks/use-color-scheme.ts
FNF:0
FNH:0
LF:0
LH:0
BRF:0
BRH:0
end_of_record
TN:
SF:hooks/use-color-scheme.web.ts
FN:10,useColorScheme
FN:14,(anonymous_1)
FN:28,(anonymous_2)
FN:35,(anonymous_3)
FNF:4
FNH:0
FNDA:0,useColorScheme
FNDA:0,(anonymous_1)
FNDA:0,(anonymous_2)
FNDA:0,(anonymous_3)
DA:11,0
DA:12,0
DA:14,0
DA:15,0
DA:18,0
DA:19,0
DA:22,0
DA:25,0
DA:28,0
DA:29,0
DA:33,0
DA:35,0
DA:36,0
DA:41,0
DA:42,0
DA:45,0
LF:16
LH:0
BRDA:18,0,0,0
BRDA:18,0,1,0
BRDA:18,1,0,0
BRDA:18,1,1,0
BRDA:25,2,0,0
BRDA:25,2,1,0
BRDA:29,3,0,0
BRDA:29,3,1,0
BRDA:41,4,0,0
BRDA:41,4,1,0
BRF:10
BRH:0
end_of_record
TN:
SF:hooks/useAppStateRefresh.ts
FN:12,useAppStateRefresh
FN:18,(anonymous_1)
FN:19,(anonymous_2)
FN:39,(anonymous_3)
FNF:4
FNH:0
FNDA:0,useAppStateRefresh
FNDA:0,(anonymous_1)
FNDA:0,(anonymous_2)
FNDA:0,(anonymous_3)
DA:16,0
DA:18,0
DA:19,0
DA:21,0
DA:25,0
DA:29,0
DA:31,0
DA:34,0
DA:39,0
DA:40,0
LF:10
LH:0
BRDA:21,0,0,0
BRDA:21,0,1,0
BRDA:22,1,0,0
BRDA:22,1,1,0
BRF:4
BRH:0
end_of_record
TN:
SF:hooks/useVideoPlayback.ts
FN:56,classifyPlaybackError
FN:64,(anonymous_1)
FN:75,getPlaybackErrorMessage
FN:150,videoPlayerReducer
FN:216,useVideoPlayback
FN:256,(anonymous_5)
FN:354,(anonymous_6)
FN:361,(anonymous_7)
FN:409,(anonymous_8)
FN:426,(anonymous_9)
FN:435,(anonymous_10)
FN:438,(anonymous_11)
FN:465,(anonymous_12)
FN:494,(anonymous_13)
FN:506,(anonymous_14)
FN:511,(anonymous_15)
FN:538,(anonymous_16)
FN:553,(anonymous_17)
FN:559,(anonymous_18)
FN:570,(anonymous_19)
FN:604,(anonymous_20)
FN:616,(anonymous_21)
FN:624,(anonymous_22)
FN:635,(anonymous_23)
FN:639,(anonymous_24)
FN:660,(anonymous_25)
FN:669,(anonymous_26)
FN:693,(anonymous_27)
FN:710,(anonymous_28)
FN:716,(anonymous_29)
FN:722,(anonymous_30)
FNF:31
FNH:1
FNDA:0,classifyPlaybackError
FNDA:0,(anonymous_1)
FNDA:0,getPlaybackErrorMessage
FNDA:7,videoPlayerReducer
FNDA:0,useVideoPlayback
FNDA:0,(anonymous_5)
FNDA:0,(anonymous_6)
FNDA:0,(anonymous_7)
FNDA:0,(anonymous_8)
FNDA:0,(anonymous_9)
FNDA:0,(anonymous_10)
FNDA:0,(anonymous_11)
FNDA:0,(anonymous_12)
FNDA:0,(anonymous_13)
FNDA:0,(anonymous_14)
FNDA:0,(anonymous_15)
FNDA:0,(anonymous_16)
FNDA:0,(anonymous_17)
FNDA:0,(anonymous_18)
FNDA:0,(anonymous_19)
FNDA:0,(anonymous_20)
FNDA:0,(anonymous_21)
FNDA:0,(anonymous_22)
FNDA:0,(anonymous_23)
FNDA:0,(anonymous_24)
FNDA:0,(anonymous_25)
FNDA:0,(anonymous_26)
FNDA:0,(anonymous_27)
FNDA:0,(anonymous_28)
FNDA:0,(anonymous_29)
FNDA:0,(anonymous_30)
DA:22,1
DA:57,0
DA:59,0
DA:63,0
DA:64,0
DA:65,0
DA:69,0
DA:76,0
DA:78,0
DA:80,0
DA:82,0
DA:84,0
DA:86,0
DA:89,0
DA:151,7
DA:157,7
DA:159,1
DA:162,1
DA:170,1
DA:171,1
DA:178,1
DA:179,1
DA:185,1
DA:186,1
DA:192,2
DA:193,2
DA:194,2
DA:202,0
DA:205,0
DA:208,0
DA:217,0
DA:220,0
DA:223,0
DA:224,0
DA:228,0
DA:235,0
DA:236,0
DA:237,0
DA:238,0
DA:241,0
DA:242,0
DA:243,0
DA:246,0
DA:247,0
DA:248,0
DA:251,0
DA:256,0
DA:258,0
DA:260,0
DA:262,0
DA:263,0
DA:266,0
DA:267,0
DA:272,0
DA:275,0
DA:276,0
DA:279,0
DA:282,0
DA:283,0
DA:284,0
DA:288,0
DA:291,0
DA:292,0
DA:295,0
DA:297,0
DA:298,0
DA:300,0
DA:301,0
DA:303,0
DA:304,0
DA:309,0
DA:310,0
DA:313,0
DA:317,0
DA:319,0
DA:326,0
DA:327,0
DA:330,0
DA:333,0
DA:334,0
DA:335,0
DA:337,0
DA:349,0
DA:354,0
DA:355,0
DA:357,0
DA:359,0
DA:361,0
DA:362,0
DA:363,0
DA:366,0
DA:367,0
DA:368,0
DA:371,0
DA:377,0
DA:378,0
DA:381,0
DA:382,0
DA:385,0
DA:386,0
DA:389,0
DA:391,0
DA:402,0
DA:409,0
DA:410,0
DA:411,0
DA:414,0
DA:419,0
DA:420,0
DA:426,0
DA:427,0
DA:428,0
DA:429,0
DA:435,0
DA:436,0
DA:438,0
DA:439,0
DA:442,0
DA:443,0
DA:444,0
DA:446,0
DA:447,0
DA:448,0
DA:452,0
DA:453,0
DA:454,0
DA:465,0
DA:467,0
DA:470,0
DA:471,0
DA:472,0
DA:474,0
DA:475,0
DA:476,0
DA:479,0
DA:480,0
DA:481,0
DA:482,0
DA:483,0
DA:484,0
DA:485,0
DA:486,0
DA:487,0
DA:488,0
DA:494,0
DA:495,0
DA:496,0
DA:497,0
DA:498,0
DA:506,0
DA:507,0
DA:509,0
DA:511,0
DA:512,0
DA:514,0
DA:515,0
DA:516,0
DA:519,0
DA:520,0
DA:524,0
DA:525,0
DA:528,0
DA:531,0
DA:533,0
DA:534,0
DA:538,0
DA:539,0
DA:540,0
DA:544,0
DA:545,0
DA:548,0
DA:549,0
DA:553,0
DA:554,0
DA:555,0
DA:556,0
DA:559,0
DA:560,0
DA:562,0
DA:563,0
DA:564,0
DA:566,0
DA:568,0
DA:570,0
DA:571,0
DA:572,0
DA:584,0
DA:587,0
DA:588,0
DA:589,0
DA:592,0
DA:593,0
DA:595,0
DA:599,0
DA:600,0
DA:601,0
DA:604,0
DA:605,0
DA:606,0
DA:616,0
DA:617,0
DA:619,0
DA:622,0
DA:624,0
DA:625,0
DA:626,0
DA:631,0
DA:632,0
DA:635,0
DA:636,0
DA:637,0
DA:638,0
DA:639,0
DA:640,0
DA:641,0
DA:643,0
DA:649,0
DA:650,0
DA:651,0
DA:655,0
DA:656,0
DA:658,0
DA:659,0
DA:660,0
DA:661,0
DA:662,0
DA:669,0
DA:671,0
DA:672,0
DA:673,0
DA:675,0
DA:676,0
DA:677,0
DA:681,0
DA:682,0
DA:683,0
DA:693,0
DA:694,0
DA:697,0
DA:699,0
DA:700,0
DA:702,0
DA:706,0
DA:707,0
DA:710,0
DA:711,0
DA:712,0
DA:716,0
DA:722,0
DA:724,0
DA:725,0
DA:726,0
DA:728,0
DA:729,0
DA:730,0
DA:733,0
DA:734,0
DA:735,0
DA:736,0
DA:737,0
DA:744,0
DA:747,0
DA:753,0
DA:755,0
LF:264
LH:14
BRDA:57,0,0,0
BRDA:57,0,1,0
BRDA:59,1,0,0
BRDA:59,1,1,0
BRDA:64,2,0,0
BRDA:64,2,1,0
BRDA:76,3,0,0
BRDA:76,3,1,0
BRDA:76,3,2,0
BRDA:76,3,3,0
BRDA:76,3,4,0
BRDA:76,3,5,0
BRDA:76,3,6,0
BRDA:89,4,0,0
BRDA:89,4,1,0
BRDA:157,5,0,1
BRDA:157,5,1,1
BRDA:157,5,2,1
BRDA:157,5,3,1
BRDA:157,5,4,1
BRDA:157,5,5,2
BRDA:157,5,6,0
BRDA:157,5,7,0
BRDA:157,5,8,0
BRDA:170,6,0,0
BRDA:170,6,1,1
BRDA:178,7,0,0
BRDA:178,7,1,1
BRDA:185,8,0,0
BRDA:185,8,1,1
BRDA:185,9,0,1
BRDA:185,9,1,0
BRDA:192,10,0,2
BRDA:192,10,1,1
BRDA:193,11,0,2
BRDA:193,11,1,0
BRDA:266,12,0,0
BRDA:266,12,1,0
BRDA:275,13,0,0
BRDA:275,13,1,0
BRDA:283,14,0,0
BRDA:283,14,1,0
BRDA:288,15,0,0
BRDA:288,15,1,0
BRDA:297,16,0,0
BRDA:297,16,1,0
BRDA:297,17,0,0
BRDA:297,17,1,0
BRDA:297,17,2,0
BRDA:300,18,0,0
BRDA:300,18,1,0
BRDA:303,19,0,0
BRDA:303,19,1,0
BRDA:309,20,0,0
BRDA:309,20,1,0
BRDA:326,21,0,0
BRDA:326,21,1,0
BRDA:334,22,0,0
BRDA:334,22,1,0
BRDA:355,23,0,0
BRDA:355,23,1,0
BRDA:363,24,0,0
BRDA:363,24,1,0
BRDA:366,25,0,0
BRDA:366,25,1,0
BRDA:374,26,0,0
BRDA:374,26,1,0
BRDA:377,27,0,0
BRDA:377,27,1,0
BRDA:385,28,0,0
BRDA:385,28,1,0
BRDA:410,29,0,0
BRDA:410,29,1,0
BRDA:416,30,0,0
BRDA:416,30,1,0
BRDA:427,31,0,0
BRDA:427,31,1,0
BRDA:442,32,0,0
BRDA:442,32,1,0
BRDA:446,33,0,0
BRDA:446,33,1,0
BRDA:452,34,0,0
BRDA:452,34,1,0
BRDA:470,35,0,0
BRDA:470,35,1,0
BRDA:474,36,0,0
BRDA:474,36,1,0
BRDA:495,37,0,0
BRDA:495,37,1,0
BRDA:497,38,0,0
BRDA:497,38,1,0
BRDA:507,39,0,0
BRDA:507,39,1,0
BRDA:507,40,0,0
BRDA:507,40,1,0
BRDA:512,41,0,0
BRDA:512,41,1,0
BRDA:519,42,0,0
BRDA:519,42,1,0
BRDA:524,43,0,0
BRDA:524,43,1,0
BRDA:524,44,0,0
BRDA:524,44,1,0
BRDA:528,45,0,0
BRDA:528,45,1,0
BRDA:531,46,0,0
BRDA:531,46,1,0
BRDA:539,47,0,0
BRDA:539,47,1,0
BRDA:544,48,0,0
BRDA:544,48,1,0
BRDA:544,49,0,0
BRDA:544,49,1,0
BRDA:548,50,0,0
BRDA:548,50,1,0
BRDA:554,51,0,0
BRDA:554,51,1,0
BRDA:560,52,0,0
BRDA:560,52,1,0
BRDA:571,53,0,0
BRDA:571,53,1,0
BRDA:587,54,0,0
BRDA:587,54,1,0
BRDA:589,55,0,0
BRDA:589,55,1,0
BRDA:592,56,0,0
BRDA:592,56,1,0
BRDA:600,57,0,0
BRDA:600,57,1,0
BRDA:600,58,0,0
BRDA:600,58,1,0
BRDA:605,59,0,0
BRDA:605,59,1,0
BRDA:617,60,0,0
BRDA:617,60,1,0
BRDA:619,61,0,0
BRDA:619,61,1,0
BRDA:622,62,0,0
BRDA:622,62,1,0
BRDA:625,63,0,0
BRDA:625,63,1,0
BRDA:631,64,0,0
BRDA:631,64,1,0
BRDA:636,65,0,0
BRDA:636,65,1,0
BRDA:636,66,0,0
BRDA:636,66,1,0
BRDA:640,67,0,0
BRDA:640,67,1,0
BRDA:649,68,0,0
BRDA:649,68,1,0
BRDA:649,69,0,0
BRDA:649,69,1,0
BRDA:655,70,0,0
BRDA:655,70,1,0
BRDA:655,71,0,0
BRDA:655,71,1,0
BRDA:658,72,0,0
BRDA:658,72,1,0
BRDA:658,73,0,0
BRDA:658,73,1,0
BRDA:661,74,0,0
BRDA:661,74,1,0
BRDA:671,75,0,0
BRDA:671,75,1,0
BRDA:675,76,0,0
BRDA:675,76,1,0
BRDA:694,77,0,0
BRDA:694,77,1,0
BRDA:694,78,0,0
BRDA:694,78,1,0
BRDA:694,78,2,0
BRDA:697,79,0,0
BRDA:697,79,1,0
BRDA:697,79,2,0
BRDA:699,80,0,0
BRDA:699,80,1,0
BRDA:711,81,0,0
BRDA:711,81,1,0
BRDA:724,82,0,0
BRDA:724,82,1,0
BRDA:728,83,0,0
BRDA:728,83,1,0
BRDA:744,84,0,0
BRDA:744,84,1,0
BRDA:747,85,0,0
BRDA:747,85,1,0
BRDA:747,85,2,0
BRDA:747,85,3,0
BRDA:747,85,4,0
BRDA:747,85,5,0
BRF:191
BRH:13
end_of_record
TN:
SF:services/folderNavigationManager.ts
FN:51,(anonymous_0)
FN:53,(anonymous_1)
FN:60,(anonymous_2)
FN:70,(anonymous_3)
FN:79,(anonymous_4)
FN:81,(anonymous_5)
FN:84,(anonymous_6)
FN:100,(anonymous_7)
FN:115,(anonymous_8)
FN:150,(anonymous_9)
FN:169,(anonymous_10)
FN:182,(anonymous_11)
FN:272,(anonymous_12)
FN:345,(anonymous_13)
FN:362,(anonymous_14)
FNF:15
FNH:0
FNDA:0,(anonymous_0)
FNDA:0,(anonymous_1)
FNDA:0,(anonymous_2)
FNDA:0,(anonymous_3)
FNDA:0,(anonymous_4)
FNDA:0,(anonymous_5)
FNDA:0,(anonymous_6)
FNDA:0,(anonymous_7)
FNDA:0,(anonymous_8)
FNDA:0,(anonymous_9)
FNDA:0,(anonymous_10)
FNDA:0,(anonymous_11)
FNDA:0,(anonymous_12)
FNDA:0,(anonymous_13)
FNDA:0,(anonymous_14)
DA:22,0
DA:23,0
DA:24,0
DA:25,0
DA:26,0
DA:28,0
DA:30,0
DA:31,0
DA:32,0
DA:44,0
DA:46,0
DA:48,0
DA:49,0
DA:54,0
DA:55,0
DA:57,0
DA:61,0
DA:63,0
DA:68,0
DA:70,0
DA:71,0
DA:72,0
DA:80,0
DA:81,0
DA:85,0
DA:101,0
DA:108,0
DA:109,0
DA:116,0
DA:117,0
DA:120,0
DA:123,0
DA:125,0
DA:128,0
DA:129,0
DA:130,0
DA:134,0
DA:135,0
DA:137,0
DA:143,0
DA:144,0
DA:151,0
DA:152,0
DA:155,0
DA:161,0
DA:162,0
DA:163,0
DA:170,0
DA:175,0
DA:176,0
DA:183,0
DA:184,0
DA:187,0
DA:188,0
DA:189,0
DA:192,0
DA:193,0
DA:199,0
DA:200,0
DA:201,0
DA:202,0
DA:203,0
DA:204,0
DA:207,0
DA:208,0
DA:209,0
DA:210,0
DA:211,0
DA:212,0
DA:215,0
DA:216,0
DA:218,0
DA:224,0
DA:234,0
DA:235,0
DA:236,0
DA:237,0
DA:240,0
DA:247,0
DA:248,0
DA:250,0
DA:257,0
DA:258,0
DA:259,0
DA:261,0
DA:265,0
DA:273,0
DA:274,0
DA:277,0
DA:278,0
DA:280,0
DA:281,0
DA:282,0
DA:285,0
DA:287,0
DA:293,0
DA:304,0
DA:305,0
DA:306,0
DA:307,0
DA:308,0
DA:312,0
DA:315,0
DA:316,0
DA:317,0
DA:318,0
DA:323,0
DA:324,0
DA:326,0
DA:332,0
DA:333,0
DA:334,0
DA:336,0
DA:346,0
DA:347,0
DA:348,0
DA:350,0
DA:355,0
DA:356,0
DA:363,0
DA:364,0
DA:365,0
DA:366,0
DA:367,0
DA:368,0
DA:369,0
DA:370,0
DA:371,0
DA:373,0
DA:379,0
LF:130
LH:0
BRDA:54,0,0,0
BRDA:54,0,1,0
BRDA:93,1,0,0
BRDA:93,1,1,0
BRDA:116,2,0,0
BRDA:116,2,1,0
BRDA:123,3,0,0
BRDA:123,3,1,0
BRDA:143,4,0,0
BRDA:143,4,1,0
BRDA:151,5,0,0
BRDA:151,5,1,0
BRDA:151,6,0,0
BRDA:151,6,1,0
BRDA:163,7,0,0
BRDA:163,7,1,0
BRDA:183,8,0,0
BRDA:183,8,1,0
BRDA:187,9,0,0
BRDA:187,9,1,0
BRDA:192,10,0,0
BRDA:192,10,1,0
BRDA:192,11,0,0
BRDA:192,11,1,0
BRDA:200,12,0,0
BRDA:200,12,1,0
BRDA:224,13,0,0
BRDA:224,13,1,0
BRDA:224,14,0,0
BRDA:224,14,1,0
BRDA:237,15,0,0
BRDA:237,15,1,0
BRDA:257,16,0,0
BRDA:257,16,1,0
BRDA:273,17,0,0
BRDA:273,17,1,0
BRDA:273,18,0,0
BRDA:273,18,1,0
BRDA:273,18,2,0
BRDA:278,19,0,0
BRDA:278,19,1,0
BRDA:293,20,0,0
BRDA:293,20,1,0
BRDA:293,21,0,0
BRDA:293,21,1,0
BRDA:298,22,0,0
BRDA:298,22,1,0
BRDA:304,23,0,0
BRDA:304,23,1,0
BRDA:318,24,0,0
BRDA:318,24,1,0
BRDA:332,25,0,0
BRDA:332,25,1,0
BRDA:347,26,0,0
BRDA:347,26,1,0
BRDA:348,27,0,0
BRDA:348,27,1,0
BRDA:356,28,0,0
BRDA:356,28,1,0
BRF:59
BRH:0
end_of_record
TN:
SF:services/jellyfinApi.ts
FN:68,migrateOldConfigFormat
FN:98,(anonymous_1)
FN:99,(anonymous_2)
FN:100,(anonymous_3)
FN:110,isConfigReady
FN:118,waitForConfig
FN:133,getConfig
FN:195,refreshConfig
FN:203,syncDevCredentials
FN:237,fetchDemoCredentials
FN:241,(anonymous_10)
FN:312,connectToDemoServer
FN:315,(anonymous_12)
FN:333,(anonymous_13)
FN:334,(anonymous_14)
FN:335,(anonymous_15)
FN:346,(anonymous_16)
FN:349,(anonymous_17)
FN:377,(anonymous_18)
FN:378,(anonymous_19)
FN:379,(anonymous_20)
FN:428,isDemoMode
FN:444,disconnectFromDemo
FN:485,getQualitySettings
FN:522,(anonymous_24)
FN:525,(anonymous_25)
FN:534,fetchLibraryName
FN:543,(anonymous_27)
FN:547,(anonymous_28)
FN:575,(anonymous_29)
FN:582,(anonymous_30)
FN:629,fetchLibraryVideos
FN:651,(anonymous_32)
FN:666,fetchVideos
FN:686,(anonymous_34)
FN:733,parseYearsFromQuery
FN:818,fetchSeriesEpisodes
FN:832,(anonymous_37)
FN:878,searchVideos
FN:901,(anonymous_39)
FN:930,(anonymous_40)
FN:934,(anonymous_41)
FN:956,isFolder
FN:975,fetchUserViews
FN:983,(anonymous_44)
FN:987,(anonymous_45)
FN:1027,fetchFolderContents
FN:1040,(anonymous_47)
FN:1054,(anonymous_48)
FN:1093,fetchPlaylistContents
FN:1101,(anonymous_50)
FN:1112,(anonymous_51)
FN:1160,getFolderThumbnailUrl
FN:1173,requestLibraryItems
FN:1234,(anonymous_54)
FN:1278,getVideoStreamUrl
FN:1303,getTranscodingStreamUrl
FN:1340,(anonymous_57)
FN:1373,getPosterUrl
FN:1383,hasPoster
FN:1393,formatDuration
FN:1409,fetchVideoDetails
FN:1415,(anonymous_62)
FN:1419,(anonymous_63)
FN:1483,isCodecSupported
FN:1533,isAudioOnly
FN:1539,(anonymous_66)
FN:1540,(anonymous_67)
FN:1550,needsTranscoding
FN:1556,(anonymous_69)
FN:1588,getSubtitleTracks
FN:1594,(anonymous_71)
FN:1634,getSubtitleUrl
FNF:73
FNH:24
FNDA:33,migrateOldConfigFormat
FNDA:0,(anonymous_1)
FNDA:0,(anonymous_2)
FNDA:0,(anonymous_3)
FNDA:0,isConfigReady
FNDA:0,waitForConfig
FNDA:33,getConfig
FNDA:8,refreshConfig
FNDA:0,syncDevCredentials
FNDA:17,fetchDemoCredentials
FNDA:0,(anonymous_10)
FNDA:12,connectToDemoServer
FNDA:17,(anonymous_12)
FNDA:0,(anonymous_13)
FNDA:0,(anonymous_14)
FNDA:0,(anonymous_15)
FNDA:4,(anonymous_16)
FNDA:0,(anonymous_17)
FNDA:0,(anonymous_18)
FNDA:0,(anonymous_19)
FNDA:0,(anonymous_20)
FNDA:4,isDemoMode
FNDA:3,disconnectFromDemo
FNDA:0,getQualitySettings
FNDA:5,(anonymous_24)
FNDA:0,(anonymous_25)
FNDA:0,fetchLibraryName
FNDA:0,(anonymous_27)
FNDA:0,(anonymous_28)
FNDA:0,(anonymous_29)
FNDA:0,(anonymous_30)
FNDA:0,fetchLibraryVideos
FNDA:0,(anonymous_32)
FNDA:0,fetchVideos
FNDA:0,(anonymous_34)
FNDA:8,parseYearsFromQuery
FNDA:0,fetchSeriesEpisodes
FNDA:0,(anonymous_37)
FNDA:10,searchVideos
FNDA:8,(anonymous_39)
FNDA:0,(anonymous_40)
FNDA:0,(anonymous_41)
FNDA:0,isFolder
FNDA:0,fetchUserViews
FNDA:0,(anonymous_44)
FNDA:0,(anonymous_45)
FNDA:0,fetchFolderContents
FNDA:0,(anonymous_47)
FNDA:0,(anonymous_48)
FNDA:12,fetchPlaylistContents
FNDA:15,(anonymous_50)
FNDA:0,(anonymous_51)
FNDA:0,getFolderThumbnailUrl
FNDA:8,requestLibraryItems
FNDA:0,(anonymous_54)
FNDA:0,getVideoStreamUrl
FNDA:0,getTranscodingStreamUrl
FNDA:0,(anonymous_57)
FNDA:0,getPosterUrl
FNDA:3,hasPoster
FNDA:4,formatDuration
FNDA:0,fetchVideoDetails
FNDA:0,(anonymous_62)
FNDA:0,(anonymous_63)
FNDA:19,isCodecSupported
FNDA:3,isAudioOnly
FNDA:2,(anonymous_66)
FNDA:3,(anonymous_67)
FNDA:4,needsTranscoding
FNDA:3,(anonymous_69)
FNDA:0,getSubtitleTracks
FNDA:0,(anonymous_71)
FNDA:0,getSubtitleUrl
DA:10,5
DA:11,5
DA:12,5
DA:14,5
DA:24,5
DA:25,5
DA:26,5
DA:29,5
DA:36,5
DA:39,5
DA:47,5
DA:54,5
DA:55,5
DA:58,5
DA:69,33
DA:77,33
DA:78,33
DA:81,0
DA:82,0
DA:83,0
DA:85,0
DA:94,0
DA:97,0
DA:103,0
DA:111,0
DA:119,0
DA:120,0
DA:121,0
DA:124,0
DA:138,33
DA:140,33
DA:142,33
DA:149,33
DA:151,33
DA:159,33
DA:160,33
DA:162,33
DA:172,33
DA:173,0
DA:178,33
DA:180,0
DA:184,0
DA:196,8
DA:204,0
DA:206,0
DA:207,0
DA:208,0
DA:212,0
DA:213,0
DA:218,0
DA:223,0
DA:227,0
DA:238,17
DA:240,17
DA:241,17
DA:243,17
DA:244,17
DA:257,12
DA:259,12
DA:260,5
DA:261,4
DA:262,1
DA:263,0
DA:264,1
DA:265,1
DA:267,0
DA:273,7
DA:274,7
DA:275,7
DA:276,1
DA:278,6
DA:280,1
DA:281,1
DA:283,0
DA:286,6
DA:287,1
DA:290,5
DA:295,5
DA:300,12
DA:301,12
DA:302,2
DA:304,10
DA:313,12
DA:315,17
DA:321,5
DA:324,5
DA:330,5
DA:332,1
DA:337,1
DA:341,4
DA:344,4
DA:345,4
DA:347,4
DA:348,4
DA:349,4
DA:351,4
DA:352,4
DA:360,4
DA:362,4
DA:363,2
DA:366,2
DA:368,2
DA:369,2
DA:376,2
DA:383,2
DA:385,2
DA:389,2
DA:392,2
DA:393,2
DA:394,0
DA:395,0
DA:396,0
DA:399,2
DA:404,2
DA:409,10
DA:414,10
DA:415,5
DA:419,5
DA:420,5
DA:429,4
DA:430,4
DA:431,3
DA:433,1
DA:436,1
DA:445,3
DA:447,3
DA:455,2
DA:458,2
DA:459,2
DA:460,0
DA:461,0
DA:462,0
DA:465,2
DA:470,2
DA:474,1
DA:477,1
DA:492,0
DA:493,0
DA:494,0
DA:497,0
DA:498,0
DA:500,0
DA:508,0
DA:509,0
DA:510,0
DA:521,5
DA:523,5
DA:526,0
DA:535,0
DA:536,0
DA:538,0
DA:539,0
DA:542,0
DA:544,0
DA:546,0
DA:547,0
DA:549,0
DA:550,0
DA:559,0
DA:561,0
DA:562,0
DA:566,0
DA:569,0
DA:572,0
DA:575,0
DA:582,0
DA:585,0
DA:586,0
DA:587,0
DA:594,0
DA:595,0
DA:601,0
DA:606,0
DA:608,0
DA:609,0
DA:612,0
DA:618,0
DA:621,0
DA:630,0
DA:632,0
DA:633,0
DA:640,0
DA:643,0
DA:650,0
DA:652,0
DA:667,0
DA:668,0
DA:672,0
DA:673,0
DA:676,0
DA:677,0
DA:678,0
DA:679,0
DA:681,0
DA:683,0
DA:684,0
DA:685,0
DA:687,0
DA:694,0
DA:695,0
DA:697,0
DA:698,0
DA:701,0
DA:702,0
DA:705,0
DA:707,0
DA:708,0
DA:715,0
DA:717,0
DA:720,0
DA:734,8
DA:735,8
DA:738,8
DA:739,8
DA:740,0
DA:741,0
DA:742,0
DA:743,0
DA:744,0
DA:746,0
DA:751,8
DA:752,8
DA:753,0
DA:754,0
DA:755,0
DA:756,0
DA:761,8
DA:762,8
DA:763,0
DA:764,0
DA:766,0
DA:767,0
DA:768,0
DA:770,0
DA:774,8
DA:775,8
DA:776,0
DA:777,0
DA:778,0
DA:779,0
DA:784,8
DA:785,0
DA:786,0
DA:790,8
DA:791,0
DA:792,0
DA:793,0
DA:794,0
DA:796,0
DA:800,8
DA:801,0
DA:803,0
DA:804,0
DA:805,0
DA:806,0
DA:808,0
DA:811,8
DA:819,0
DA:829,0
DA:831,0
DA:832,0
DA:834,0
DA:835,0
DA:844,0
DA:846,0
DA:847,0
DA:853,0
DA:856,0
DA:857,0
DA:859,0
DA:860,0
DA:866,0
DA:879,10
DA:880,10
DA:881,2
DA:884,8
DA:885,8
DA:886,0
DA:890,8
DA:892,8
DA:900,8
DA:903,8
DA:914,8
DA:915,8
DA:917,8
DA:918,10
DA:919,0
DA:921,10
DA:926,8
DA:927,0
DA:930,0
DA:934,0
DA:935,0
DA:937,0
DA:938,0
DA:944,8
DA:957,0
DA:976,0
DA:978,0
DA:979,0
DA:982,0
DA:984,0
DA:986,0
DA:987,0
DA:989,0
DA:990,0
DA:999,0
DA:1001,0
DA:1002,0
DA:1005,0
DA:1006,0
DA:1007,0
DA:1012,0
DA:1013,0
DA:1029,0
DA:1030,0
DA:1033,0
DA:1035,0
DA:1036,0
DA:1039,0
DA:1041,0
DA:1051,0
DA:1053,0
DA:1054,0
DA:1056,0
DA:1057,0
DA:1066,0
DA:1068,0
DA:1069,0
DA:1072,0
DA:1073,0
DA:1078,0
DA:1079,0
DA:1094,12
DA:1096,12
DA:1097,1
DA:1100,11
DA:1102,15
DA:1109,15
DA:1111,15
DA:1112,15
DA:1114,15
DA:1115,15
DA:1124,10
DA:1126,10
DA:1127,2
DA:1130,7
DA:1131,7
DA:1134,7
DA:1143,7
DA:1148,8
DA:1149,8
DA:1161,0
DA:1162,0
DA:1164,0
DA:1201,8
DA:1202,8
DA:1203,8
DA:1206,8
DA:1216,8
DA:1217,8
DA:1220,8
DA:1221,0
DA:1224,8
DA:1226,8
DA:1233,8
DA:1234,8
DA:1236,8
DA:1237,8
DA:1246,8
DA:1248,8
DA:1249,0
DA:1255,0
DA:1258,8
DA:1259,8
DA:1264,0
DA:1265,0
DA:1266,0
DA:1268,0
DA:1279,0
DA:1280,0
DA:1281,0
DA:1284,0
DA:1304,0
DA:1305,0
DA:1306,0
DA:1310,0
DA:1314,0
DA:1318,0
DA:1339,0
DA:1340,0
DA:1342,0
DA:1343,0
DA:1344,0
DA:1345,0
DA:1346,0
DA:1355,0
DA:1365,0
DA:1374,0
DA:1375,0
DA:1377,0
DA:1384,3
DA:1394,4
DA:1395,4
DA:1396,4
DA:1397,4
DA:1399,4
DA:1400,2
DA:1402,2
DA:1410,0
DA:1411,0
DA:1414,0
DA:1416,0
DA:1418,0
DA:1419,0
DA:1421,0
DA:1422,0
DA:1431,0
DA:1433,0
DA:1434,0
DA:1437,0
DA:1440,0
DA:1450,0
DA:1452,0
DA:1453,0
DA:1454,0
DA:1456,0
DA:1462,0
DA:1465,0
DA:1484,19
DA:1487,19
DA:1488,4
DA:1491,15
DA:1492,3
DA:1496,12
DA:1497,3
DA:1500,9
DA:1501,2
DA:1504,7
DA:1505,1
DA:1508,6
DA:1509,2
DA:1512,4
DA:1513,1
DA:1516,3
DA:1517,2
DA:1522,1
DA:1526,1
DA:1534,3
DA:1535,1
DA:1539,2
DA:1540,3
DA:1543,2
DA:1551,4
DA:1552,1
DA:1556,3
DA:1558,3
DA:1559,1
DA:1562,2
DA:1564,2
DA:1570,2
DA:1589,0
DA:1590,0
DA:1594,0
DA:1596,0
DA:1597,0
DA:1600,0
DA:1602,0
DA:1605,0
DA:1608,0
DA:1614,0
DA:1615,0
DA:1624,0
DA:1635,0
DA:1636,0
DA:1643,0
LF:476
LH:211
BRDA:10,0,0,5
BRDA:10,0,1,5
BRDA:11,1,0,5
BRDA:11,1,1,5
BRDA:12,2,0,5
BRDA:12,2,1,5
BRDA:77,3,0,33
BRDA:77,3,1,0
BRDA:77,4,0,33
BRDA:77,4,1,8
BRDA:81,5,0,0
BRDA:81,5,1,0
BRDA:82,6,0,0
BRDA:82,6,1,0
BRDA:111,7,0,0
BRDA:111,7,1,0
BRDA:111,7,2,0
BRDA:119,8,0,0
BRDA:119,8,1,0
BRDA:120,9,0,0
BRDA:120,9,1,0
BRDA:149,10,0,33
BRDA:149,10,1,33
BRDA:149,10,2,8
BRDA:154,11,0,33
BRDA:154,11,1,8
BRDA:155,12,0,33
BRDA:155,12,1,8
BRDA:172,13,0,0
BRDA:172,13,1,33
BRDA:172,14,0,33
BRDA:172,14,1,8
BRDA:207,15,0,0
BRDA:207,15,1,0
BRDA:212,16,0,0
BRDA:212,16,1,0
BRDA:212,17,0,0
BRDA:212,17,1,0
BRDA:212,17,2,0
BRDA:259,18,0,5
BRDA:259,18,1,7
BRDA:260,19,0,4
BRDA:260,19,1,1
BRDA:260,20,0,5
BRDA:260,20,1,3
BRDA:262,21,0,0
BRDA:262,21,1,1
BRDA:264,22,0,1
BRDA:264,22,1,0
BRDA:264,23,0,1
BRDA:264,23,1,0
BRDA:275,24,0,1
BRDA:275,24,1,6
BRDA:280,25,0,1
BRDA:280,25,1,0
BRDA:280,26,0,1
BRDA:280,26,1,1
BRDA:286,27,0,1
BRDA:286,27,1,5
BRDA:286,28,0,6
BRDA:286,28,1,5
BRDA:301,29,0,2
BRDA:301,29,1,10
BRDA:301,30,0,12
BRDA:301,30,1,12
BRDA:330,31,0,1
BRDA:330,31,1,4
BRDA:330,32,0,5
BRDA:330,32,1,4
BRDA:330,32,2,4
BRDA:362,33,0,2
BRDA:362,33,1,2
BRDA:414,34,0,5
BRDA:414,34,1,5
BRDA:414,35,0,10
BRDA:414,35,1,10
BRDA:414,35,2,6
BRDA:414,35,3,5
BRDA:419,36,0,5
BRDA:419,36,1,0
BRDA:494,37,0,0
BRDA:494,37,1,0
BRDA:497,38,0,0
BRDA:497,38,1,0
BRDA:497,39,0,0
BRDA:497,39,1,0
BRDA:538,40,0,0
BRDA:538,40,1,0
BRDA:538,41,0,0
BRDA:538,41,1,0
BRDA:538,41,2,0
BRDA:561,42,0,0
BRDA:561,42,1,0
BRDA:574,43,0,0
BRDA:574,43,1,0
BRDA:582,44,0,0
BRDA:582,44,1,0
BRDA:585,45,0,0
BRDA:585,45,1,0
BRDA:585,46,0,0
BRDA:585,46,1,0
BRDA:585,46,2,0
BRDA:594,47,0,0
BRDA:594,47,1,0
BRDA:606,48,0,0
BRDA:606,48,1,0
BRDA:629,49,0,0
BRDA:629,50,0,0
BRDA:629,51,0,0
BRDA:632,52,0,0
BRDA:632,52,1,0
BRDA:632,53,0,0
BRDA:632,53,1,0
BRDA:632,53,2,0
BRDA:638,54,0,0
BRDA:638,54,1,0
BRDA:672,55,0,0
BRDA:672,55,1,0
BRDA:672,56,0,0
BRDA:672,56,1,0
BRDA:672,56,2,0
BRDA:694,57,0,0
BRDA:694,57,1,0
BRDA:697,58,0,0
BRDA:697,58,1,0
BRDA:701,59,0,0
BRDA:701,59,1,0
BRDA:701,60,0,0
BRDA:701,60,1,0
BRDA:707,61,0,0
BRDA:707,61,1,0
BRDA:739,62,0,0
BRDA:739,62,1,8
BRDA:742,63,0,0
BRDA:742,63,1,0
BRDA:742,64,0,0
BRDA:742,64,1,0
BRDA:752,65,0,0
BRDA:752,65,1,8
BRDA:752,66,0,8
BRDA:752,66,1,0
BRDA:754,67,0,0
BRDA:754,67,1,0
BRDA:754,68,0,0
BRDA:754,68,1,0
BRDA:762,69,0,0
BRDA:762,69,1,8
BRDA:762,70,0,8
BRDA:762,70,1,0
BRDA:763,71,0,0
BRDA:763,71,1,0
BRDA:766,72,0,0
BRDA:766,72,1,0
BRDA:766,73,0,0
BRDA:766,73,1,0
BRDA:775,74,0,0
BRDA:775,74,1,8
BRDA:775,75,0,8
BRDA:775,75,1,0
BRDA:777,76,0,0
BRDA:777,76,1,0
BRDA:777,77,0,0
BRDA:777,77,1,0
BRDA:784,78,0,0
BRDA:784,78,1,8
BRDA:784,79,0,8
BRDA:784,79,1,8
BRDA:790,80,0,0
BRDA:790,80,1,8
BRDA:790,81,0,8
BRDA:790,81,1,8
BRDA:800,82,0,0
BRDA:800,82,1,8
BRDA:800,83,0,8
BRDA:800,83,1,8
BRDA:818,84,0,0
BRDA:846,85,0,0
BRDA:846,85,1,0
BRDA:850,86,0,0
BRDA:850,86,1,0
BRDA:857,87,0,0
BRDA:857,87,1,0
BRDA:863,88,0,0
BRDA:863,88,1,0
BRDA:864,89,0,0
BRDA:864,89,1,0
BRDA:878,90,0,6
BRDA:878,91,0,6
BRDA:878,92,0,6
BRDA:880,93,0,2
BRDA:880,93,1,8
BRDA:885,94,0,0
BRDA:885,94,1,8
BRDA:885,95,0,8
BRDA:885,95,1,8
BRDA:885,95,2,8
BRDA:895,96,0,8
BRDA:895,96,1,0
BRDA:896,97,0,0
BRDA:896,97,1,8
BRDA:896,98,0,0
BRDA:896,98,1,0
BRDA:906,99,0,8
BRDA:906,99,1,0
BRDA:907,100,0,0
BRDA:907,100,1,8
BRDA:918,101,0,0
BRDA:918,101,1,10
BRDA:926,102,0,0
BRDA:926,102,1,8
BRDA:946,103,0,8
BRDA:946,103,1,1
BRDA:958,104,0,0
BRDA:958,104,1,0
BRDA:958,104,2,0
BRDA:958,104,3,0
BRDA:958,104,4,0
BRDA:958,104,5,0
BRDA:958,104,6,0
BRDA:958,104,7,0
BRDA:958,104,8,0
BRDA:958,104,9,0
BRDA:978,105,0,0
BRDA:978,105,1,0
BRDA:978,106,0,0
BRDA:978,106,1,0
BRDA:978,106,2,0
BRDA:1001,107,0,0
BRDA:1001,107,1,0
BRDA:1006,108,0,0
BRDA:1006,108,1,0
BRDA:1027,109,0,0
BRDA:1027,110,0,0
BRDA:1027,111,0,0
BRDA:1029,112,0,0
BRDA:1029,112,1,0
BRDA:1035,113,0,0
BRDA:1035,113,1,0
BRDA:1035,114,0,0
BRDA:1035,114,1,0
BRDA:1035,114,2,0
BRDA:1068,115,0,0
BRDA:1068,115,1,0
BRDA:1074,116,0,0
BRDA:1074,116,1,0
BRDA:1093,117,0,10
BRDA:1093,118,0,10
BRDA:1093,119,0,10
BRDA:1096,120,0,1
BRDA:1096,120,1,11
BRDA:1096,121,0,12
BRDA:1096,121,1,11
BRDA:1096,121,2,11
BRDA:1126,122,0,2
BRDA:1126,122,1,7
BRDA:1131,123,0,7
BRDA:1131,123,1,0
BRDA:1160,124,0,0
BRDA:1161,125,0,0
BRDA:1161,125,1,0
BRDA:1161,126,0,0
BRDA:1161,126,1,0
BRDA:1176,127,0,0
BRDA:1177,128,0,0
BRDA:1180,129,0,0
BRDA:1181,130,0,0
BRDA:1182,131,0,0
BRDA:1201,132,0,8
BRDA:1201,132,1,0
BRDA:1202,133,0,8
BRDA:1202,133,1,0
BRDA:1216,134,0,8
BRDA:1216,134,1,0
BRDA:1220,135,0,0
BRDA:1220,135,1,8
BRDA:1220,136,0,8
BRDA:1220,136,1,0
BRDA:1248,137,0,0
BRDA:1248,137,1,8
BRDA:1260,138,0,8
BRDA:1260,138,1,0
BRDA:1265,139,0,0
BRDA:1265,139,1,0
BRDA:1265,140,0,0
BRDA:1265,140,1,0
BRDA:1279,141,0,0
BRDA:1279,141,1,0
BRDA:1279,142,0,0
BRDA:1279,142,1,0
BRDA:1304,143,0,0
BRDA:1304,143,1,0
BRDA:1304,144,0,0
BRDA:1304,144,1,0
BRDA:1314,145,0,0
BRDA:1314,145,1,0
BRDA:1339,146,0,0
BRDA:1339,146,1,0
BRDA:1339,147,0,0
BRDA:1339,147,1,0
BRDA:1340,148,0,0
BRDA:1340,148,1,0
BRDA:1340,148,2,0
BRDA:1342,149,0,0
BRDA:1342,149,1,0
BRDA:1373,150,0,0
BRDA:1374,151,0,0
BRDA:1374,151,1,0
BRDA:1374,152,0,0
BRDA:1374,152,1,0
BRDA:1399,153,0,2
BRDA:1399,153,1,2
BRDA:1433,154,0,0
BRDA:1433,154,1,0
BRDA:1446,155,0,0
BRDA:1446,155,1,0
BRDA:1453,156,0,0
BRDA:1453,156,1,0
BRDA:1453,157,0,0
BRDA:1453,157,1,0
BRDA:1487,158,0,4
BRDA:1487,158,1,15
BRDA:1487,159,0,19
BRDA:1487,159,1,16
BRDA:1491,160,0,3
BRDA:1491,160,1,12
BRDA:1491,161,0,15
BRDA:1491,161,1,13
BRDA:1496,162,0,3
BRDA:1496,162,1,9
BRDA:1496,163,0,12
BRDA:1496,163,1,10
BRDA:1500,164,0,2
BRDA:1500,164,1,7
BRDA:1500,165,0,9
BRDA:1500,165,1,8
BRDA:1504,166,0,1
BRDA:1504,166,1,6
BRDA:1508,167,0,2
BRDA:1508,167,1,4
BRDA:1508,168,0,6
BRDA:1508,168,1,5
BRDA:1512,169,0,1
BRDA:1512,169,1,3
BRDA:1516,170,0,2
BRDA:1516,170,1,1
BRDA:1516,171,0,3
BRDA:1516,171,1,2
BRDA:1534,172,0,1
BRDA:1534,172,1,2
BRDA:1534,173,0,3
BRDA:1534,173,1,2
BRDA:1543,174,0,2
BRDA:1543,174,1,1
BRDA:1551,175,0,1
BRDA:1551,175,1,3
BRDA:1551,176,0,4
BRDA:1551,176,1,3
BRDA:1558,177,0,1
BRDA:1558,177,1,2
BRDA:1558,178,0,3
BRDA:1558,178,1,2
BRDA:1589,179,0,0
BRDA:1589,179,1,0
BRDA:1589,180,0,0
BRDA:1589,180,1,0
BRDA:1596,181,0,0
BRDA:1596,181,1,0
BRDA:1605,182,0,0
BRDA:1605,182,1,0
BRDA:1605,183,0,0
BRDA:1605,183,1,0
BRDA:1610,184,0,0
BRDA:1610,184,1,0
BRDA:1611,185,0,0
BRDA:1611,185,1,0
BRDA:1611,185,2,0
BRDA:1634,186,0,0
BRDA:1635,187,0,0
BRDA:1635,187,1,0
BRDA:1635,188,0,0
BRDA:1635,188,1,0
BRF:381
BRH:150
end_of_record
TN:
SF:services/libraryManager.ts
FN:40,(anonymous_0)
FN:44,(anonymous_1)
FN:54,(anonymous_2)
FN:80,(anonymous_3)
FN:92,(anonymous_4)
FN:113,(anonymous_5)
FN:119,(anonymous_6)
FN:133,(anonymous_7)
FN:154,(anonymous_8)
FN:230,(anonymous_9)
FN:291,(anonymous_10)
FN:300,(anonymous_11)
FN:318,(anonymous_12)
FNF:13
FNH:13
FNDA:1,(anonymous_0)
FNDA:1,(anonymous_1)
FNDA:6,(anonymous_2)
FNDA:1,(anonymous_3)
FNDA:105,(anonymous_4)
FNDA:241,(anonymous_5)
FNDA:16,(anonymous_6)
FNDA:22,(anonymous_7)
FNDA:27,(anonymous_8)
FNDA:4,(anonymous_9)
FNDA:1,(anonymous_10)
FNDA:32,(anonymous_11)
FNDA:4,(anonymous_12)
DA:22,1
DA:23,1
DA:24,1
DA:25,1
DA:26,1
DA:27,1
DA:29,1
DA:30,1
DA:31,1
DA:32,1
DA:33,1
DA:35,1
DA:37,1
DA:38,1
DA:45,1
DA:46,1
DA:48,1
DA:55,6
DA:57,6
DA:70,6
DA:80,6
DA:81,1
DA:82,1
DA:93,105
DA:102,105
DA:113,241
DA:120,16
DA:134,22
DA:135,1
DA:138,21
DA:139,21
DA:140,21
DA:141,21
DA:142,21
DA:144,0
DA:147,0
DA:156,27
DA:157,1
DA:160,1
DA:164,26
DA:165,26
DA:166,26
DA:167,2
DA:172,2
DA:175,24
DA:176,24
DA:177,24
DA:178,24
DA:179,24
DA:180,24
DA:181,24
DA:183,24
DA:190,24
DA:195,22
DA:196,22
DA:197,22
DA:198,22
DA:199,22
DA:202,22
DA:204,22
DA:205,22
DA:207,22
DA:214,2
DA:215,2
DA:216,2
DA:217,2
DA:219,2
DA:223,24
DA:232,4
DA:233,2
DA:239,2
DA:242,2
DA:243,2
DA:244,2
DA:245,2
DA:247,2
DA:254,2
DA:260,2
DA:261,2
DA:262,2
DA:263,2
DA:265,2
DA:266,2
DA:268,2
DA:276,0
DA:277,0
DA:278,0
DA:280,0
DA:282,0
DA:292,1
DA:293,1
DA:294,1
DA:301,32
DA:302,32
DA:303,32
DA:304,32
DA:305,32
DA:306,32
DA:307,32
DA:308,32
DA:309,32
DA:310,32
DA:312,32
DA:319,4
DA:320,2
DA:325,1
LF:106
LH:99
BRDA:45,0,0,1
BRDA:45,0,1,0
BRDA:133,1,0,0
BRDA:134,2,0,1
BRDA:134,2,1,21
BRDA:134,3,0,22
BRDA:134,3,1,18
BRDA:154,4,0,23
BRDA:156,5,0,1
BRDA:156,5,1,26
BRDA:166,6,0,2
BRDA:166,6,1,24
BRDA:166,7,0,26
BRDA:166,7,1,22
BRDA:166,7,2,2
BRDA:198,8,0,22
BRDA:198,8,1,22
BRDA:214,9,0,2
BRDA:214,9,1,0
BRDA:232,10,0,2
BRDA:232,10,1,2
BRDA:232,11,0,4
BRDA:232,11,1,3
BRDA:232,11,2,3
BRDA:263,12,0,2
BRDA:263,12,1,2
BRDA:276,13,0,0
BRDA:276,13,1,0
BRDA:319,14,0,2
BRDA:319,14,1,2
BRF:30
BRH:25
end_of_record
TN:
SF:utils/logger.ts
FN:21,isErrorObject
FN:33,(anonymous_1)
FN:39,(anonymous_2)
FN:46,(anonymous_3)
FN:59,(anonymous_4)
FN:92,(anonymous_5)
FN:101,(anonymous_6)
FN:118,(anonymous_7)
FN:132,(anonymous_8)
FNF:9
FNH:9
FNDA:69,isErrorObject
FNDA:7,(anonymous_1)
FNDA:121,(anonymous_2)
FNDA:121,(anonymous_3)
FNDA:121,(anonymous_4)
FNDA:65,(anonymous_5)
FNDA:14,(anonymous_6)
FNDA:23,(anonymous_7)
FNDA:19,(anonymous_8)
DA:22,69
DA:34,7
DA:36,7
DA:40,121
DA:41,121
DA:42,121
DA:43,121
DA:47,121
DA:48,121
DA:50,121
DA:52,121
DA:53,120
DA:56,121
DA:60,121
DA:61,0
DA:64,121
DA:66,121
DA:69,79
DA:70,79
DA:71,0
DA:73,79
DA:75,23
DA:76,23
DA:77,4
DA:79,23
DA:81,19
DA:82,19
DA:83,18
DA:85,19
DA:93,65
DA:104,14
DA:105,0
DA:106,14
DA:107,13
DA:109,1
DA:120,23
DA:121,4
DA:122,19
DA:123,19
DA:125,0
DA:133,19
DA:138,7
LF:42
LH:38
BRDA:22,0,0,69
BRDA:22,0,1,69
BRDA:22,0,2,68
BRDA:22,0,3,68
BRDA:22,0,4,4
BRDA:36,1,0,7
BRDA:36,1,1,0
BRDA:52,2,0,120
BRDA:52,2,1,1
BRDA:52,3,0,121
BRDA:52,3,1,120
BRDA:60,4,0,0
BRDA:60,4,1,121
BRDA:66,5,0,65
BRDA:66,5,1,79
BRDA:66,5,2,23
BRDA:66,5,3,19
BRDA:70,6,0,0
BRDA:70,6,1,79
BRDA:76,7,0,4
BRDA:76,7,1,19
BRDA:82,8,0,18
BRDA:82,8,1,1
BRDA:104,9,0,0
BRDA:104,9,1,14
BRDA:106,10,0,13
BRDA:106,10,1,1
BRDA:106,11,0,14
BRDA:106,11,1,13
BRDA:106,11,2,13
BRDA:120,12,0,4
BRDA:120,12,1,19
BRDA:122,13,0,19
BRDA:122,13,1,0
BRDA:122,14,0,19
BRDA:122,14,1,19
BRDA:122,14,2,19
BRF:37
BRH:32
end_of_record
TN:
SF:utils/retry.ts
FN:49,isRetryableError
FN:57,(anonymous_1)
FN:61,(anonymous_2)
FN:67,calculateDelay
FN:75,sleep
FN:76,(anonymous_5)
FN:93,retryWithBackoff
FNF:7
FNH:6
FNDA:24,isRetryableError
FNDA:208,(anonymous_1)
FNDA:0,(anonymous_2)
FNDA:10,calculateDelay
FNDA:10,sleep
FNDA:10,(anonymous_5)
FNDA:38,retryWithBackoff
DA:18,6
DA:37,6
DA:50,24
DA:52,24
DA:57,208
DA:58,24
DA:61,9
DA:68,10
DA:69,10
DA:76,10
DA:97,38
DA:100,38
DA:101,48
DA:102,48
DA:104,24
DA:105,3
DA:112,24
DA:114,24
DA:116,24
DA:117,24
DA:119,24
DA:120,9
DA:124,9
DA:127,15
DA:128,5
DA:132,5
DA:135,10
DA:137,10
DA:145,10
DA:150,0
LF:30
LH:29
BRDA:50,0,0,0
BRDA:50,0,1,24
BRDA:52,1,0,24
BRDA:52,1,1,0
BRDA:58,2,0,15
BRDA:58,2,1,9
BRDA:95,3,0,0
BRDA:104,4,0,3
BRDA:104,4,1,21
BRDA:119,5,0,9
BRDA:119,5,1,15
BRDA:122,6,0,9
BRDA:122,6,1,0
BRDA:127,7,0,5
BRDA:127,7,1,10
BRDA:142,8,0,10
BRDA:142,8,1,0
BRF:17
BRH:12
end_of_record
